Log file open, 12/18/20 17:26:46
LogInit: Display: Running engine for game: MyProject
LogPlatformFile: Not using cached read wrapper
LogTaskGraph: Started task graph with 5 named threads and 23 total threads with 3 sets of task threads.
LogStats: Stats thread started at 0.319819
LogD3D11RHI: Loaded GFSDK_Aftermath_Lib.x64.dll
LogICUInternationalization: ICU TimeZone Detection - Raw Offset: +7:00, Platform Override: ''
LogPluginManager: Mounting plugin Paper2D
LogPluginManager: Mounting plugin AISupport
LogPluginManager: Mounting plugin LightPropagationVolume
LogPluginManager: Mounting plugin CameraShakePreviewer
LogPluginManager: Mounting plugin ActorLayerUtilities
LogPluginManager: Mounting plugin AnimationSharing
LogPluginManager: Mounting plugin CLionSourceCodeAccess
LogPluginManager: Mounting plugin CodeLiteSourceCodeAccess
LogPluginManager: Mounting plugin GitSourceControl
LogPluginManager: Mounting plugin KDevelopSourceCodeAccess
LogPluginManager: Mounting plugin NullSourceCodeAccess
LogPluginManager: Mounting plugin PerforceSourceControl
LogPluginManager: Mounting plugin PlasticSourceControl
LogPluginManager: Mounting plugin RiderSourceCodeAccess
LogPluginManager: Mounting plugin SubversionSourceControl
LogPluginManager: Mounting plugin UObjectPlugin
LogPluginManager: Mounting plugin VisualStudioCodeSourceCodeAccess
LogPluginManager: Mounting plugin VisualStudioSourceCodeAccess
LogPluginManager: Mounting plugin XCodeSourceCodeAccess
LogPluginManager: Mounting plugin AssetManagerEditor
LogPluginManager: Mounting plugin CryptoKeys
LogPluginManager: Mounting plugin CurveEditorTools
LogPluginManager: Mounting plugin DataValidation
LogPluginManager: Mounting plugin EditorScriptingUtilities
LogPluginManager: Mounting plugin FacialAnimation
LogPluginManager: Mounting plugin GameplayTagsEditor
LogPluginManager: Mounting plugin GeometryMode
LogPluginManager: Mounting plugin MacGraphicsSwitching
LogPluginManager: Mounting plugin MaterialAnalyzer
LogPluginManager: Mounting plugin MobileLauncherProfileWizard
LogPluginManager: Mounting plugin PluginBrowser
LogPluginManager: Mounting plugin SpeedTreeImporter
LogPluginManager: Mounting plugin DatasmithContent
LogPluginManager: Mounting plugin VariantManagerContent
LogPluginManager: Mounting plugin AlembicImporter
LogPluginManager: Mounting plugin AutomationUtils
LogPluginManager: Mounting plugin BackChannel
LogPluginManager: Mounting plugin ChaosCloth
LogPluginManager: Mounting plugin ChaosClothEditor
LogPluginManager: Mounting plugin ChaosEditor
LogPluginManager: Mounting plugin ChaosNiagara
LogPluginManager: Mounting plugin ChaosSolverPlugin
LogPluginManager: Mounting plugin CharacterAI
LogPluginManager: Mounting plugin GeometryCache
LogPluginManager: Mounting plugin GeometryCollectionPlugin
LogPluginManager: Mounting plugin GeometryProcessing
LogPluginManager: Mounting plugin PlanarCut
LogPluginManager: Mounting plugin PlatformCrypto
LogPluginManager: Mounting plugin ProxyLODPlugin
LogPluginManager: Mounting plugin SkeletalReduction
LogPluginManager: Mounting plugin Niagara
LogPluginManager: Mounting plugin MagicLeap
LogPluginManager: Mounting plugin MagicLeapLightEstimation
LogPluginManager: Mounting plugin MagicLeapMedia
LogPluginManager: Mounting plugin MagicLeapPassableWorld
LogPluginManager: Mounting plugin MLSDK
LogPluginManager: Mounting plugin AndroidMedia
LogPluginManager: Mounting plugin AvfMedia
LogPluginManager: Mounting plugin ImgMedia
LogPluginManager: Mounting plugin MediaCompositing
LogPluginManager: Mounting plugin MediaPlayerEditor
LogPluginManager: Mounting plugin WebMMedia
LogPluginManager: Mounting plugin WmfMedia
LogPluginManager: Mounting plugin MeshPainting
LogPluginManager: Mounting plugin TcpMessaging
LogPluginManager: Mounting plugin UdpMessaging
LogPluginManager: Mounting plugin ActorSequence
LogPluginManager: Mounting plugin LevelSequenceEditor
LogPluginManager: Mounting plugin MatineeToLevelSequence
LogPluginManager: Mounting plugin MovieRenderPipeline
LogPluginManager: Mounting plugin TemplateSequence
LogPluginManager: Mounting plugin NetcodeUnitTest
LogPluginManager: Mounting plugin NUTUnrealEngine4
LogPluginManager: Mounting plugin OnlineSubsystemGooglePlay
LogPluginManager: Mounting plugin OnlineSubsystemIOS
LogPluginManager: Mounting plugin OnlineSubsystem
LogPluginManager: Mounting plugin OnlineSubsystemNull
LogPluginManager: Mounting plugin OnlineSubsystemUtils
LogPluginManager: Mounting plugin LauncherChunkInstaller
LogPluginManager: Mounting plugin AndroidDeviceProfileSelector
LogPluginManager: Mounting plugin AndroidMoviePlayer
LogPluginManager: Mounting plugin AndroidPermission
LogPluginManager: Mounting plugin AppleImageUtils
LogPluginManager: Mounting plugin AppleMoviePlayer
LogPluginManager: Mounting plugin ArchVisCharacter
LogPluginManager: Mounting plugin AssetTags
LogPluginManager: Mounting plugin AudioCapture
LogPluginManager: Mounting plugin CableComponent
LogPluginManager: Mounting plugin CustomMeshComponent
LogPluginManager: Mounting plugin EditableMesh
LogPluginManager: Mounting plugin ExampleDeviceProfileSelector
LogPluginManager: Mounting plugin GoogleCloudMessaging
LogPluginManager: Mounting plugin GooglePAD
LogPluginManager: Mounting plugin IOSDeviceProfileSelector
LogPluginManager: Mounting plugin LinuxDeviceProfileSelector
LogPluginManager: Mounting plugin LocationServicesBPLibrary
LogPluginManager: Mounting plugin MobilePatchingUtils
LogPluginManager: Mounting plugin OculusVR
LogPluginManager: Mounting plugin PhysXVehicles
LogPluginManager: Mounting plugin PostSplashScreen
LogPluginManager: Mounting plugin ProceduralMeshComponent
LogPluginManager: Mounting plugin RuntimePhysXCooking
LogPluginManager: Mounting plugin SignificanceManager
LogPluginManager: Mounting plugin SoundFields
LogPluginManager: Mounting plugin SteamVR
LogPluginManager: Mounting plugin Synthesis
LogPluginManager: Mounting plugin WebMMoviePlayer
LogPluginManager: Mounting plugin WindowsMoviePlayer
LogPluginManager: Mounting plugin ScreenshotTools
LogInit: Using libcurl 7.55.1-DEV
LogInit:  - built for x86_64-pc-win32
LogInit:  - supports SSL with OpenSSL/1.1.1
LogInit:  - supports HTTP deflate (compression) using libz 1.2.8
LogInit:  - other features:
LogInit:      CURL_VERSION_SSL
LogInit:      CURL_VERSION_LIBZ
LogInit:      CURL_VERSION_IPV6
LogInit:      CURL_VERSION_ASYNCHDNS
LogInit:      CURL_VERSION_LARGEFILE
LogInit:      CURL_VERSION_IDN
LogInit:  CurlRequestOptions (configurable via config and command line):
LogInit:  - bVerifyPeer = true  - Libcurl will verify peer certificate
LogInit:  - bUseHttpProxy = false  - Libcurl will NOT use HTTP proxy
LogInit:  - bDontReuseConnections = false  - Libcurl will reuse connections
LogInit:  - MaxHostConnections = 16  - Libcurl will limit the number of connections to a host
LogInit:  - LocalHostAddr = Default
LogInit:  - BufferSize = 65536
LogOnline: OSS: Creating online subsystem instance for: NULL
LogInit: WinSock: version 1.1 (2.2), MaxSocks=32767, MaxUdp=65467
LogOnline: OSS: TryLoadSubsystemAndSetDefault: Loaded subsystem for module [NULL]
LogInit: Build: ++UE4+Release-4.25-CL-13942748
LogInit: Engine Version: 4.25.3-13942748+++UE4+Release-4.25
LogInit: Compatible Engine Version: 4.25.0-13144385+++UE4+Release-4.25
LogInit: Net CL: 13144385
LogInit: OS: Windows 10 (Release 1909) (), CPU: Intel(R) Core(TM) i5-8250U CPU @ 1.60GHz, GPU: Intel(R) UHD Graphics 620
LogInit: Compiled (64-bit): Jul 25 2020 02:07:48
LogInit: Compiled with Visual C++: 19.24.28315.00
LogInit: Build Configuration: Development
LogInit: Branch Name: ++UE4+Release-4.25
LogInit: Command Line: 
LogInit: Base Directory: C:/Program Files/Epic Games/UE_4.25/Engine/Binaries/Win64/
LogInit: Allocator: TBB
LogInit: Installed Engine Build: 1
LogDevObjectVersion: Number of dev versions registered: 26
LogDevObjectVersion:   Dev-Blueprints (B0D832E4-1F89-4F0D-ACCF-7EB736FD4AA2): 10
LogDevObjectVersion:   Dev-Build (E1C64328-A22C-4D53-A36C-8E866417BD8C): 0
LogDevObjectVersion:   Dev-Core (375EC13C-06E4-48FB-B500-84F0262A717E): 4
LogDevObjectVersion:   Dev-Editor (E4B068ED-F494-42E9-A231-DA0B2E46BB41): 38
LogDevObjectVersion:   Dev-Framework (CFFC743F-43B0-4480-9391-14DF171D2073): 37
LogDevObjectVersion:   Dev-Mobile (B02B49B5-BB20-44E9-A304-32B752E40360): 2
LogDevObjectVersion:   Dev-Networking (A4E4105C-59A1-49B5-A7C5-40C4547EDFEE): 0
LogDevObjectVersion:   Dev-Online (39C831C9-5AE6-47DC-9A44-9C173E1C8E7C): 0
LogDevObjectVersion:   Dev-Physics (78F01B33-EBEA-4F98-B9B4-84EACCB95AA2): 4
LogDevObjectVersion:   Dev-Platform (6631380F-2D4D-43E0-8009-CF276956A95A): 0
LogDevObjectVersion:   Dev-Rendering (12F88B9F-8875-4AFC-A67C-D90C383ABD29): 43
LogDevObjectVersion:   Dev-Sequencer (7B5AE74C-D270-4C10-A958-57980B212A5A): 12
LogDevObjectVersion:   Dev-VR (D7296918-1DD6-4BDD-9DE2-64A83CC13884): 3
LogDevObjectVersion:   Dev-LoadTimes (C2A15278-BFE7-4AFE-6C17-90FF531DF755): 1
LogDevObjectVersion:   Private-Geometry (6EACA3D4-40EC-4CC1-B786-8BED09428FC5): 3
LogDevObjectVersion:   Dev-AnimPhys (29E575DD-E0A3-4627-9D10-D276232CDCEA): 17
LogDevObjectVersion:   Dev-Anim (AF43A65D-7FD3-4947-9873-3E8ED9C1BB05): 7
LogDevObjectVersion:   Dev-ReflectionCapture (6B266CEC-1EC7-4B8F-A30B-E4D90942FC07): 1
LogDevObjectVersion:   Dev-Automation (0DF73D61-A23F-47EA-B727-89E90C41499A): 1
LogDevObjectVersion:   FortniteMain (601D1886-AC64-4F84-AA16-D3DE0DEAC7D6): 31
LogDevObjectVersion:   Dev-Enterprise (9DFFBCD6-494F-0158-E221-12823C92A888): 10
LogDevObjectVersion:   Dev-Niagara (F2AED0AC-9AFE-416F-8664-AA7FFA26D6FC): 1
LogDevObjectVersion:   Dev-Destruction (174F1F0B-B4C6-45A5-B13F-2EE8D0FB917D): 10
LogDevObjectVersion:   Dev-Physics-Ext (35F94A83-E258-406C-A318-09F59610247C): 37
LogDevObjectVersion:   Dev-PhysicsMaterial-Chaos (B68FC16E-8B1B-42E2-B453-215C058844FE): 1
LogDevObjectVersion:   Dev-CineCamera (B2E18506-4273-CFC2-A54E-F4BB758BBA07): 1
LogInit: Presizing for max 25165824 objects, including 0 objects not considered by GC, pre-allocating 0 bytes for permanent pool.
LogConfig: Applying CVar settings from Section [/Script/Engine.StreamingSettings] File [B:/git/ThePuppet/Saved/Config/Windows/Engine.ini]
LogConfig: Setting CVar [[s.MinBulkDataSizeForAsyncLoading:131072]]
LogConfig: Setting CVar [[s.AsyncLoadingThreadEnabled:0]]
LogConfig: Setting CVar [[s.EventDrivenLoaderEnabled:1]]
LogConfig: Setting CVar [[s.WarnIfTimeLimitExceeded:0]]
LogConfig: Setting CVar [[s.TimeLimitExceededMultiplier:1.5]]
LogConfig: Setting CVar [[s.TimeLimitExceededMinTime:0.005]]
LogConfig: Setting CVar [[s.UseBackgroundLevelStreaming:1]]
LogConfig: Setting CVar [[s.PriorityAsyncLoadingExtraTime:15.0]]
LogConfig: Setting CVar [[s.LevelStreamingActorsUpdateTimeLimit:5.0]]
LogConfig: Setting CVar [[s.PriorityLevelStreamingActorsUpdateExtraTime:5.0]]
LogConfig: Setting CVar [[s.LevelStreamingComponentsRegistrationGranularity:10]]
LogConfig: Setting CVar [[s.UnregisterComponentsTimeLimit:1.0]]
LogConfig: Setting CVar [[s.LevelStreamingComponentsUnregistrationGranularity:5]]
LogConfig: Setting CVar [[s.FlushStreamingOnExit:1]]
LogInit: Object subsystem initialized
LogConfig: Setting CVar [[con.DebugEarlyDefault:1]]
LogConfig: Setting CVar [[r.setres:1280x720]]
[2020.12.18-10.26.46:738][  0]LogConfig: Setting CVar [[r.VSync:0]]
[2020.12.18-10.26.46:738][  0]LogConfig: Setting CVar [[r.RHICmdBypass:0]]
[2020.12.18-10.26.46:738][  0]LogConfig: Applying CVar settings from Section [/Script/Engine.RendererSettings] File [B:/git/ThePuppet/Saved/Config/Windows/Engine.ini]
[2020.12.18-10.26.46:738][  0]LogConfig: Setting CVar [[r.GPUCrashDebugging:0]]
[2020.12.18-10.26.46:738][  0]LogConfig: Applying CVar settings from Section [/Script/Engine.RendererOverrideSettings] File [B:/git/ThePuppet/Saved/Config/Windows/Engine.ini]
[2020.12.18-10.26.46:738][  0]LogConfig: Applying CVar settings from Section [/Script/Engine.StreamingSettings] File [B:/git/ThePuppet/Saved/Config/Windows/Engine.ini]
[2020.12.18-10.26.46:738][  0]LogConfig: Setting CVar [[s.MinBulkDataSizeForAsyncLoading:131072]]
[2020.12.18-10.26.46:738][  0]LogConfig: Setting CVar [[s.AsyncLoadingThreadEnabled:0]]
[2020.12.18-10.26.46:738][  0]LogConfig: Setting CVar [[s.EventDrivenLoaderEnabled:1]]
[2020.12.18-10.26.46:738][  0]LogConfig: Setting CVar [[s.WarnIfTimeLimitExceeded:0]]
[2020.12.18-10.26.46:738][  0]LogConfig: Setting CVar [[s.TimeLimitExceededMultiplier:1.5]]
[2020.12.18-10.26.46:738][  0]LogConfig: Setting CVar [[s.TimeLimitExceededMinTime:0.005]]
[2020.12.18-10.26.46:739][  0]LogConfig: Setting CVar [[s.UseBackgroundLevelStreaming:1]]
[2020.12.18-10.26.46:739][  0]LogConfig: Setting CVar [[s.PriorityAsyncLoadingExtraTime:15.0]]
[2020.12.18-10.26.46:739][  0]LogConfig: Setting CVar [[s.LevelStreamingActorsUpdateTimeLimit:5.0]]
[2020.12.18-10.26.46:739][  0]LogConfig: Setting CVar [[s.PriorityLevelStreamingActorsUpdateExtraTime:5.0]]
[2020.12.18-10.26.46:739][  0]LogConfig: Setting CVar [[s.LevelStreamingComponentsRegistrationGranularity:10]]
[2020.12.18-10.26.46:739][  0]LogConfig: Setting CVar [[s.UnregisterComponentsTimeLimit:1.0]]
[2020.12.18-10.26.46:739][  0]LogConfig: Setting CVar [[s.LevelStreamingComponentsUnregistrationGranularity:5]]
[2020.12.18-10.26.46:739][  0]LogConfig: Setting CVar [[s.FlushStreamingOnExit:1]]
[2020.12.18-10.26.46:739][  0]LogConfig: Applying CVar settings from Section [/Script/Engine.GarbageCollectionSettings] File [B:/git/ThePuppet/Saved/Config/Windows/Engine.ini]
[2020.12.18-10.26.46:739][  0]LogConfig: Setting CVar [[gc.MaxObjectsNotConsideredByGC:1]]
[2020.12.18-10.26.46:739][  0]LogConfig: Setting CVar [[gc.SizeOfPermanentObjectPool:0]]
[2020.12.18-10.26.46:739][  0]LogConfig: Setting CVar [[gc.FlushStreamingOnGC:0]]
[2020.12.18-10.26.46:739][  0]LogConfig: Setting CVar [[gc.NumRetriesBeforeForcingGC:10]]
[2020.12.18-10.26.46:739][  0]LogConfig: Setting CVar [[gc.AllowParallelGC:1]]
[2020.12.18-10.26.46:739][  0]LogConfig: Setting CVar [[gc.TimeBetweenPurgingPendingKillObjects:61.1]]
[2020.12.18-10.26.46:739][  0]LogConfig: Setting CVar [[gc.MaxObjectsInEditor:25165824]]
[2020.12.18-10.26.46:739][  0]LogConfig: Setting CVar [[gc.IncrementalBeginDestroyEnabled:1]]
[2020.12.18-10.26.46:739][  0]LogConfig: Setting CVar [[gc.CreateGCClusters:1]]
[2020.12.18-10.26.46:739][  0]LogConfig: Setting CVar [[gc.MinGCClusterSize:5]]
[2020.12.18-10.26.46:739][  0]LogConfig: Setting CVar [[gc.ActorClusteringEnabled:0]]
[2020.12.18-10.26.46:739][  0]LogConfig: Setting CVar [[gc.BlueprintClusteringEnabled:0]]
[2020.12.18-10.26.46:739][  0]LogConfig: Setting CVar [[gc.UseDisregardForGCOnDedicatedServers:0]]
[2020.12.18-10.26.46:739][  0]LogConfig: Applying CVar settings from Section [/Script/Engine.NetworkSettings] File [B:/git/ThePuppet/Saved/Config/Windows/Engine.ini]
[2020.12.18-10.26.46:739][  0]LogConfig: Applying CVar settings from Section [/Script/UnrealEd.CookerSettings] File [B:/git/ThePuppet/Saved/Config/Windows/Engine.ini]
[2020.12.18-10.26.46:748][  0]LogConfig: Applying CVar settings from Section [ViewDistanceQuality@3] File [B:/git/ThePuppet/Saved/Config/Windows/Scalability.ini]
[2020.12.18-10.26.46:749][  0]LogConfig: Setting CVar [[r.SkeletalMeshLODBias:0]]
[2020.12.18-10.26.46:749][  0]LogConfig: Setting CVar [[r.ViewDistanceScale:1.0]]
[2020.12.18-10.26.46:749][  0]LogConfig: Applying CVar settings from Section [AntiAliasingQuality@3] File [B:/git/ThePuppet/Saved/Config/Windows/Scalability.ini]
[2020.12.18-10.26.46:749][  0]LogConfig: Setting CVar [[r.PostProcessAAQuality:4]]
[2020.12.18-10.26.46:749][  0]LogConfig: Applying CVar settings from Section [ShadowQuality@3] File [B:/git/ThePuppet/Saved/Config/Windows/Scalability.ini]
[2020.12.18-10.26.46:749][  0]LogConfig: Setting CVar [[r.LightFunctionQuality:1]]
[2020.12.18-10.26.46:749][  0]LogConfig: Setting CVar [[r.ShadowQuality:5]]
[2020.12.18-10.26.46:749][  0]LogConfig: Setting CVar [[r.Shadow.CSM.MaxCascades:10]]
[2020.12.18-10.26.46:749][  0]LogConfig: Setting CVar [[r.Shadow.MaxResolution:2048]]
[2020.12.18-10.26.46:749][  0]LogConfig: Setting CVar [[r.Shadow.MaxCSMResolution:2048]]
[2020.12.18-10.26.46:749][  0]LogConfig: Setting CVar [[r.Shadow.RadiusThreshold:0.01]]
[2020.12.18-10.26.46:749][  0]LogConfig: Setting CVar [[r.Shadow.DistanceScale:1.0]]
[2020.12.18-10.26.46:749][  0]LogConfig: Setting CVar [[r.Shadow.CSM.TransitionScale:1.0]]
[2020.12.18-10.26.46:749][  0]LogConfig: Setting CVar [[r.Shadow.PreShadowResolutionFactor:1.0]]
[2020.12.18-10.26.46:749][  0]LogConfig: Setting CVar [[r.DistanceFieldShadowing:1]]
[2020.12.18-10.26.46:749][  0]LogConfig: Setting CVar [[r.DistanceFieldAO:1]]
[2020.12.18-10.26.46:749][  0]LogConfig: Setting CVar [[r.AOQuality:2]]
[2020.12.18-10.26.46:749][  0]LogConfig: Setting CVar [[r.VolumetricFog:1]]
[2020.12.18-10.26.46:749][  0]LogConfig: Setting CVar [[r.VolumetricFog.GridPixelSize:8]]
[2020.12.18-10.26.46:749][  0]LogConfig: Setting CVar [[r.VolumetricFog.GridSizeZ:128]]
[2020.12.18-10.26.46:749][  0]LogConfig: Setting CVar [[r.VolumetricFog.HistoryMissSupersampleCount:4]]
[2020.12.18-10.26.46:749][  0]LogConfig: Setting CVar [[r.LightMaxDrawDistanceScale:1]]
[2020.12.18-10.26.46:749][  0]LogConfig: Setting CVar [[r.CapsuleShadows:1]]
[2020.12.18-10.26.46:749][  0]LogConfig: Applying CVar settings from Section [PostProcessQuality@3] File [B:/git/ThePuppet/Saved/Config/Windows/Scalability.ini]
[2020.12.18-10.26.46:749][  0]LogConfig: Setting CVar [[r.MotionBlurQuality:4]]
[2020.12.18-10.26.46:749][  0]LogConfig: Setting CVar [[r.AmbientOcclusionMipLevelFactor:0.4]]
[2020.12.18-10.26.46:749][  0]LogConfig: Setting CVar [[r.AmbientOcclusionMaxQuality:100]]
[2020.12.18-10.26.46:749][  0]LogConfig: Setting CVar [[r.AmbientOcclusionLevels:-1]]
[2020.12.18-10.26.46:749][  0]LogConfig: Setting CVar [[r.AmbientOcclusionRadiusScale:1.0]]
[2020.12.18-10.26.46:749][  0]LogConfig: Setting CVar [[r.DepthOfFieldQuality:2]]
[2020.12.18-10.26.46:749][  0]LogConfig: Setting CVar [[r.RenderTargetPoolMin:400]]
[2020.12.18-10.26.46:750][  0]LogConfig: Setting CVar [[r.LensFlareQuality:2]]
[2020.12.18-10.26.46:750][  0]LogConfig: Setting CVar [[r.SceneColorFringeQuality:1]]
[2020.12.18-10.26.46:750][  0]LogConfig: Setting CVar [[r.EyeAdaptationQuality:2]]
[2020.12.18-10.26.46:750][  0]LogConfig: Setting CVar [[r.BloomQuality:5]]
[2020.12.18-10.26.46:750][  0]LogConfig: Setting CVar [[r.FastBlurThreshold:100]]
[2020.12.18-10.26.46:750][  0]LogConfig: Setting CVar [[r.Upscale.Quality:3]]
[2020.12.18-10.26.46:750][  0]LogConfig: Setting CVar [[r.Tonemapper.GrainQuantization:1]]
[2020.12.18-10.26.46:750][  0]LogConfig: Setting CVar [[r.LightShaftQuality:1]]
[2020.12.18-10.26.46:750][  0]LogConfig: Setting CVar [[r.Filter.SizeScale:1]]
[2020.12.18-10.26.46:750][  0]LogConfig: Setting CVar [[r.Tonemapper.Quality:5]]
[2020.12.18-10.26.46:750][  0]LogConfig: Setting CVar [[r.DOF.Gather.AccumulatorQuality:1        ; higher gathering accumulator quality]]
[2020.12.18-10.26.46:750][  0]LogConfig: Setting CVar [[r.DOF.Gather.PostfilterMethod:1          ; Median3x3 postfilering method]]
[2020.12.18-10.26.46:750][  0]LogConfig: Setting CVar [[r.DOF.Gather.EnableBokehSettings:0       ; no bokeh simulation when gathering]]
[2020.12.18-10.26.46:750][  0]LogConfig: Setting CVar [[r.DOF.Gather.RingCount:4                 ; medium number of samples when gathering]]
[2020.12.18-10.26.46:750][  0]LogConfig: Setting CVar [[r.DOF.Scatter.ForegroundCompositing:1    ; additive foreground scattering]]
[2020.12.18-10.26.46:750][  0]LogConfig: Setting CVar [[r.DOF.Scatter.BackgroundCompositing:2    ; additive background scattering]]
[2020.12.18-10.26.46:750][  0]LogConfig: Setting CVar [[r.DOF.Scatter.EnableBokehSettings:1      ; bokeh simulation when scattering]]
[2020.12.18-10.26.46:750][  0]LogConfig: Setting CVar [[r.DOF.Scatter.MaxSpriteRatio:0.1         ; only a maximum of 10% of scattered bokeh]]
[2020.12.18-10.26.46:750][  0]LogConfig: Setting CVar [[r.DOF.Recombine.Quality:1                ; cheap slight out of focus]]
[2020.12.18-10.26.46:750][  0]LogConfig: Setting CVar [[r.DOF.Recombine.EnableBokehSettings:0    ; no bokeh simulation on slight out of focus]]
[2020.12.18-10.26.46:750][  0]LogConfig: Setting CVar [[r.DOF.TemporalAAQuality:1                ; more stable temporal accumulation]]
[2020.12.18-10.26.46:750][  0]LogConfig: Setting CVar [[r.DOF.Kernel.MaxForegroundRadius:0.025]]
[2020.12.18-10.26.46:750][  0]LogConfig: Setting CVar [[r.DOF.Kernel.MaxBackgroundRadius:0.025]]
[2020.12.18-10.26.46:750][  0]LogConfig: Applying CVar settings from Section [TextureQuality@3] File [B:/git/ThePuppet/Saved/Config/Windows/Scalability.ini]
[2020.12.18-10.26.46:750][  0]LogConfig: Setting CVar [[r.Streaming.MipBias:0]]
[2020.12.18-10.26.46:750][  0]LogConfig: Setting CVar [[r.Streaming.AmortizeCPUToGPUCopy:0]]
[2020.12.18-10.26.46:750][  0]LogConfig: Setting CVar [[r.Streaming.MaxNumTexturesToStreamPerFrame:0]]
[2020.12.18-10.26.46:750][  0]LogConfig: Setting CVar [[r.Streaming.Boost:1]]
[2020.12.18-10.26.46:750][  0]LogConfig: Setting CVar [[r.MaxAnisotropy:8]]
[2020.12.18-10.26.46:750][  0]LogConfig: Setting CVar [[r.VT.MaxAnisotropy:8]]
[2020.12.18-10.26.46:750][  0]LogConfig: Setting CVar [[r.Streaming.LimitPoolSizeToVRAM:0]]
[2020.12.18-10.26.46:750][  0]LogConfig: Setting CVar [[r.Streaming.PoolSize:1000]]
[2020.12.18-10.26.46:750][  0]LogConfig: Setting CVar [[r.Streaming.MaxEffectiveScreenSize:0]]
[2020.12.18-10.26.46:750][  0]LogConfig: Applying CVar settings from Section [EffectsQuality@3] File [B:/git/ThePuppet/Saved/Config/Windows/Scalability.ini]
[2020.12.18-10.26.46:751][  0]LogConfig: Setting CVar [[r.TranslucencyLightingVolumeDim:64]]
[2020.12.18-10.26.46:751][  0]LogConfig: Setting CVar [[r.RefractionQuality:2]]
[2020.12.18-10.26.46:751][  0]LogConfig: Setting CVar [[r.SSR.Quality:3]]
[2020.12.18-10.26.46:751][  0]LogConfig: Setting CVar [[r.SSR.HalfResSceneColor:0]]
[2020.12.18-10.26.46:751][  0]LogConfig: Setting CVar [[r.SceneColorFormat:4]]
[2020.12.18-10.26.46:751][  0]LogConfig: Setting CVar [[r.DetailMode:2]]
[2020.12.18-10.26.46:751][  0]LogConfig: Setting CVar [[r.TranslucencyVolumeBlur:1]]
[2020.12.18-10.26.46:751][  0]LogConfig: Setting CVar [[r.MaterialQualityLevel:1 ; High quality]]
[2020.12.18-10.26.46:751][  0]LogConfig: Setting CVar [[r.SSS.Scale:1]]
[2020.12.18-10.26.46:751][  0]LogConfig: Setting CVar [[r.SSS.SampleSet:2]]
[2020.12.18-10.26.46:751][  0]LogConfig: Setting CVar [[r.SSS.Quality:1]]
[2020.12.18-10.26.46:751][  0]LogConfig: Setting CVar [[r.SSS.HalfRes:0]]
[2020.12.18-10.26.46:751][  0]LogConfig: Setting CVar [[r.SSGI.Quality:3]]
[2020.12.18-10.26.46:751][  0]LogConfig: Setting CVar [[r.EmitterSpawnRateScale:1.0]]
[2020.12.18-10.26.46:751][  0]LogConfig: Setting CVar [[r.ParticleLightQuality:2]]
[2020.12.18-10.26.46:751][  0]LogConfig: Setting CVar [[r.SkyAtmosphere.AerialPerspectiveLUT.FastApplyOnOpaque:1 ; Always have FastSkyLUT 1 in this case to avoid wrong sky]]
[2020.12.18-10.26.46:751][  0]LogConfig: Setting CVar [[r.SkyAtmosphere.AerialPerspectiveLUT.SampleCountPerSlice:1]]
[2020.12.18-10.26.46:751][  0]LogConfig: Setting CVar [[r.SkyAtmosphere.AerialPerspectiveLUT.DepthResolution:16.0]]
[2020.12.18-10.26.46:751][  0]LogConfig: Setting CVar [[r.SkyAtmosphere.FastSkyLUT:1]]
[2020.12.18-10.26.46:751][  0]LogConfig: Setting CVar [[r.SkyAtmosphere.FastSkyLUT.SampleCountMin:4.0]]
[2020.12.18-10.26.46:751][  0]LogConfig: Setting CVar [[r.SkyAtmosphere.FastSkyLUT.SampleCountMax:32.0]]
[2020.12.18-10.26.46:751][  0]LogConfig: Setting CVar [[r.SkyAtmosphere.SampleCountMin:4.0]]
[2020.12.18-10.26.46:751][  0]LogConfig: Setting CVar [[r.SkyAtmosphere.SampleCountMax:32.0]]
[2020.12.18-10.26.46:751][  0]LogConfig: Setting CVar [[r.SkyAtmosphere.TransmittanceLUT.UseSmallFormat:0]]
[2020.12.18-10.26.46:751][  0]LogConfig: Setting CVar [[r.SkyAtmosphere.TransmittanceLUT.SampleCount:10.0]]
[2020.12.18-10.26.46:751][  0]LogConfig: Setting CVar [[r.SkyAtmosphere.MultiScatteringLUT.SampleCount:15.0]]
[2020.12.18-10.26.46:751][  0]LogConfig: Applying CVar settings from Section [FoliageQuality@3] File [B:/git/ThePuppet/Saved/Config/Windows/Scalability.ini]
[2020.12.18-10.26.46:751][  0]LogConfig: Setting CVar [[foliage.DensityScale:1.0]]
[2020.12.18-10.26.46:751][  0]LogConfig: Setting CVar [[grass.DensityScale:1.0]]
[2020.12.18-10.26.46:751][  0]LogConfig: Applying CVar settings from Section [ShadingQuality@3] File [B:/git/ThePuppet/Saved/Config/Windows/Scalability.ini]
[2020.12.18-10.26.46:751][  0]LogConfig: Setting CVar [[r.HairStrands.SkyLighting.SampleCount:16]]
[2020.12.18-10.26.46:751][  0]LogConfig: Setting CVar [[r.HairStrands.SkyLighting.JitterIntegration:0]]
[2020.12.18-10.26.46:751][  0]LogConfig: Setting CVar [[r.HairStrands.SkyAO.SampleCount:16]]
[2020.12.18-10.26.46:752][  0]LogConfig: Setting CVar [[r.HairStrands.DeepShadow.SuperSampling:0]]
[2020.12.18-10.26.46:752][  0]LogConfig: Setting CVar [[r.HairStrands.VisibilityPPLL:0]]
[2020.12.18-10.26.46:752][  0]LogConfig: Setting CVar [[r.HairStrands.RasterizationScale:0.5]]
[2020.12.18-10.26.46:752][  0]LogConfig: Setting CVar [[r.HairStrands.VelocityRasterizationScale:1]]
[2020.12.18-10.26.46:752][  0]LogInit: Selected Device Profile: [Windows]
[2020.12.18-10.26.46:752][  0]LogInit: Applying CVar settings loaded from the selected device profile: [Windows]
[2020.12.18-10.26.46:752][  0]LogHAL: Display: Platform has ~ 8 GB [8458571776 / 8589934592 / 8], which maps to Default [LargestMinGB=32, LargerMinGB=12, DefaultMinGB=8, SmallerMinGB=6, SmallestMinGB=0)
[2020.12.18-10.26.46:752][  0]LogInit: Going up to parent DeviceProfile []
[2020.12.18-10.26.46:752][  0]LogConfig: Applying CVar settings from Section [ViewDistanceQuality@3] File [B:/git/ThePuppet/Saved/Config/Windows/Scalability.ini]
[2020.12.18-10.26.46:752][  0]LogConfig: Setting CVar [[r.SkeletalMeshLODBias:0]]
[2020.12.18-10.26.46:752][  0]LogConfig: Setting CVar [[r.ViewDistanceScale:1.0]]
[2020.12.18-10.26.46:752][  0]LogConfig: Applying CVar settings from Section [AntiAliasingQuality@3] File [B:/git/ThePuppet/Saved/Config/Windows/Scalability.ini]
[2020.12.18-10.26.46:752][  0]LogConfig: Setting CVar [[r.PostProcessAAQuality:4]]
[2020.12.18-10.26.46:752][  0]LogConfig: Applying CVar settings from Section [ShadowQuality@3] File [B:/git/ThePuppet/Saved/Config/Windows/Scalability.ini]
[2020.12.18-10.26.46:752][  0]LogConfig: Setting CVar [[r.LightFunctionQuality:1]]
[2020.12.18-10.26.46:752][  0]LogConfig: Setting CVar [[r.ShadowQuality:5]]
[2020.12.18-10.26.46:752][  0]LogConfig: Setting CVar [[r.Shadow.CSM.MaxCascades:10]]
[2020.12.18-10.26.46:752][  0]LogConfig: Setting CVar [[r.Shadow.MaxResolution:2048]]
[2020.12.18-10.26.46:752][  0]LogConfig: Setting CVar [[r.Shadow.MaxCSMResolution:2048]]
[2020.12.18-10.26.46:752][  0]LogConfig: Setting CVar [[r.Shadow.RadiusThreshold:0.01]]
[2020.12.18-10.26.46:752][  0]LogConfig: Setting CVar [[r.Shadow.DistanceScale:1.0]]
[2020.12.18-10.26.46:752][  0]LogConfig: Setting CVar [[r.Shadow.CSM.TransitionScale:1.0]]
[2020.12.18-10.26.46:752][  0]LogConfig: Setting CVar [[r.Shadow.PreShadowResolutionFactor:1.0]]
[2020.12.18-10.26.46:752][  0]LogConfig: Setting CVar [[r.DistanceFieldShadowing:1]]
[2020.12.18-10.26.46:752][  0]LogConfig: Setting CVar [[r.DistanceFieldAO:1]]
[2020.12.18-10.26.46:752][  0]LogConfig: Setting CVar [[r.AOQuality:2]]
[2020.12.18-10.26.46:753][  0]LogConfig: Setting CVar [[r.VolumetricFog:1]]
[2020.12.18-10.26.46:753][  0]LogConfig: Setting CVar [[r.VolumetricFog.GridPixelSize:8]]
[2020.12.18-10.26.46:753][  0]LogConfig: Setting CVar [[r.VolumetricFog.GridSizeZ:128]]
[2020.12.18-10.26.46:753][  0]LogConfig: Setting CVar [[r.VolumetricFog.HistoryMissSupersampleCount:4]]
[2020.12.18-10.26.46:753][  0]LogConfig: Setting CVar [[r.LightMaxDrawDistanceScale:1]]
[2020.12.18-10.26.46:753][  0]LogConfig: Setting CVar [[r.CapsuleShadows:1]]
[2020.12.18-10.26.46:753][  0]LogConfig: Applying CVar settings from Section [PostProcessQuality@3] File [B:/git/ThePuppet/Saved/Config/Windows/Scalability.ini]
[2020.12.18-10.26.46:753][  0]LogConfig: Setting CVar [[r.MotionBlurQuality:4]]
[2020.12.18-10.26.46:753][  0]LogConfig: Setting CVar [[r.AmbientOcclusionMipLevelFactor:0.4]]
[2020.12.18-10.26.46:753][  0]LogConfig: Setting CVar [[r.AmbientOcclusionMaxQuality:100]]
[2020.12.18-10.26.46:753][  0]LogConfig: Setting CVar [[r.AmbientOcclusionLevels:-1]]
[2020.12.18-10.26.46:753][  0]LogConfig: Setting CVar [[r.AmbientOcclusionRadiusScale:1.0]]
[2020.12.18-10.26.46:753][  0]LogConfig: Setting CVar [[r.DepthOfFieldQuality:2]]
[2020.12.18-10.26.46:753][  0]LogConfig: Setting CVar [[r.RenderTargetPoolMin:400]]
[2020.12.18-10.26.46:753][  0]LogConfig: Setting CVar [[r.LensFlareQuality:2]]
[2020.12.18-10.26.46:753][  0]LogConfig: Setting CVar [[r.SceneColorFringeQuality:1]]
[2020.12.18-10.26.46:753][  0]LogConfig: Setting CVar [[r.EyeAdaptationQuality:2]]
[2020.12.18-10.26.46:753][  0]LogConfig: Setting CVar [[r.BloomQuality:5]]
[2020.12.18-10.26.46:753][  0]LogConfig: Setting CVar [[r.FastBlurThreshold:100]]
[2020.12.18-10.26.46:753][  0]LogConfig: Setting CVar [[r.Upscale.Quality:3]]
[2020.12.18-10.26.46:753][  0]LogConfig: Setting CVar [[r.Tonemapper.GrainQuantization:1]]
[2020.12.18-10.26.46:753][  0]LogConfig: Setting CVar [[r.LightShaftQuality:1]]
[2020.12.18-10.26.46:753][  0]LogConfig: Setting CVar [[r.Filter.SizeScale:1]]
[2020.12.18-10.26.46:753][  0]LogConfig: Setting CVar [[r.Tonemapper.Quality:5]]
[2020.12.18-10.26.46:753][  0]LogConfig: Setting CVar [[r.DOF.Gather.AccumulatorQuality:1        ; higher gathering accumulator quality]]
[2020.12.18-10.26.46:753][  0]LogConfig: Setting CVar [[r.DOF.Gather.PostfilterMethod:1          ; Median3x3 postfilering method]]
[2020.12.18-10.26.46:753][  0]LogConfig: Setting CVar [[r.DOF.Gather.EnableBokehSettings:0       ; no bokeh simulation when gathering]]
[2020.12.18-10.26.46:753][  0]LogConfig: Setting CVar [[r.DOF.Gather.RingCount:4                 ; medium number of samples when gathering]]
[2020.12.18-10.26.46:753][  0]LogConfig: Setting CVar [[r.DOF.Scatter.ForegroundCompositing:1    ; additive foreground scattering]]
[2020.12.18-10.26.46:753][  0]LogConfig: Setting CVar [[r.DOF.Scatter.BackgroundCompositing:2    ; additive background scattering]]
[2020.12.18-10.26.46:753][  0]LogConfig: Setting CVar [[r.DOF.Scatter.EnableBokehSettings:1      ; bokeh simulation when scattering]]
[2020.12.18-10.26.46:753][  0]LogConfig: Setting CVar [[r.DOF.Scatter.MaxSpriteRatio:0.1         ; only a maximum of 10% of scattered bokeh]]
[2020.12.18-10.26.46:753][  0]LogConfig: Setting CVar [[r.DOF.Recombine.Quality:1                ; cheap slight out of focus]]
[2020.12.18-10.26.46:753][  0]LogConfig: Setting CVar [[r.DOF.Recombine.EnableBokehSettings:0    ; no bokeh simulation on slight out of focus]]
[2020.12.18-10.26.46:753][  0]LogConfig: Setting CVar [[r.DOF.TemporalAAQuality:1                ; more stable temporal accumulation]]
[2020.12.18-10.26.46:754][  0]LogConfig: Setting CVar [[r.DOF.Kernel.MaxForegroundRadius:0.025]]
[2020.12.18-10.26.46:754][  0]LogConfig: Setting CVar [[r.DOF.Kernel.MaxBackgroundRadius:0.025]]
[2020.12.18-10.26.46:754][  0]LogConfig: Applying CVar settings from Section [TextureQuality@3] File [B:/git/ThePuppet/Saved/Config/Windows/Scalability.ini]
[2020.12.18-10.26.46:754][  0]LogConfig: Setting CVar [[r.Streaming.MipBias:0]]
[2020.12.18-10.26.46:754][  0]LogConfig: Setting CVar [[r.Streaming.AmortizeCPUToGPUCopy:0]]
[2020.12.18-10.26.46:754][  0]LogConfig: Setting CVar [[r.Streaming.MaxNumTexturesToStreamPerFrame:0]]
[2020.12.18-10.26.46:754][  0]LogConfig: Setting CVar [[r.Streaming.Boost:1]]
[2020.12.18-10.26.46:754][  0]LogConfig: Setting CVar [[r.MaxAnisotropy:8]]
[2020.12.18-10.26.46:754][  0]LogConfig: Setting CVar [[r.VT.MaxAnisotropy:8]]
[2020.12.18-10.26.46:754][  0]LogConfig: Setting CVar [[r.Streaming.LimitPoolSizeToVRAM:0]]
[2020.12.18-10.26.46:754][  0]LogConfig: Setting CVar [[r.Streaming.PoolSize:1000]]
[2020.12.18-10.26.46:754][  0]LogConfig: Setting CVar [[r.Streaming.MaxEffectiveScreenSize:0]]
[2020.12.18-10.26.46:754][  0]LogConfig: Applying CVar settings from Section [EffectsQuality@3] File [B:/git/ThePuppet/Saved/Config/Windows/Scalability.ini]
[2020.12.18-10.26.46:754][  0]LogConfig: Setting CVar [[r.TranslucencyLightingVolumeDim:64]]
[2020.12.18-10.26.46:754][  0]LogConfig: Setting CVar [[r.RefractionQuality:2]]
[2020.12.18-10.26.46:754][  0]LogConfig: Setting CVar [[r.SSR.Quality:3]]
[2020.12.18-10.26.46:754][  0]LogConfig: Setting CVar [[r.SSR.HalfResSceneColor:0]]
[2020.12.18-10.26.46:754][  0]LogConfig: Setting CVar [[r.SceneColorFormat:4]]
[2020.12.18-10.26.46:754][  0]LogConfig: Setting CVar [[r.DetailMode:2]]
[2020.12.18-10.26.46:754][  0]LogConfig: Setting CVar [[r.TranslucencyVolumeBlur:1]]
[2020.12.18-10.26.46:754][  0]LogConfig: Setting CVar [[r.MaterialQualityLevel:1 ; High quality]]
[2020.12.18-10.26.46:754][  0]LogConfig: Setting CVar [[r.SSS.Scale:1]]
[2020.12.18-10.26.46:754][  0]LogConfig: Setting CVar [[r.SSS.SampleSet:2]]
[2020.12.18-10.26.46:754][  0]LogConfig: Setting CVar [[r.SSS.Quality:1]]
[2020.12.18-10.26.46:754][  0]LogConfig: Setting CVar [[r.SSS.HalfRes:0]]
[2020.12.18-10.26.46:754][  0]LogConfig: Setting CVar [[r.SSGI.Quality:3]]
[2020.12.18-10.26.46:754][  0]LogConfig: Setting CVar [[r.EmitterSpawnRateScale:1.0]]
[2020.12.18-10.26.46:754][  0]LogConfig: Setting CVar [[r.ParticleLightQuality:2]]
[2020.12.18-10.26.46:754][  0]LogConfig: Setting CVar [[r.SkyAtmosphere.AerialPerspectiveLUT.FastApplyOnOpaque:1 ; Always have FastSkyLUT 1 in this case to avoid wrong sky]]
[2020.12.18-10.26.46:754][  0]LogConfig: Setting CVar [[r.SkyAtmosphere.AerialPerspectiveLUT.SampleCountPerSlice:1]]
[2020.12.18-10.26.46:754][  0]LogConfig: Setting CVar [[r.SkyAtmosphere.AerialPerspectiveLUT.DepthResolution:16.0]]
[2020.12.18-10.26.46:754][  0]LogConfig: Setting CVar [[r.SkyAtmosphere.FastSkyLUT:1]]
[2020.12.18-10.26.46:754][  0]LogConfig: Setting CVar [[r.SkyAtmosphere.FastSkyLUT.SampleCountMin:4.0]]
[2020.12.18-10.26.46:754][  0]LogConfig: Setting CVar [[r.SkyAtmosphere.FastSkyLUT.SampleCountMax:32.0]]
[2020.12.18-10.26.46:755][  0]LogConfig: Setting CVar [[r.SkyAtmosphere.SampleCountMin:4.0]]
[2020.12.18-10.26.46:755][  0]LogConfig: Setting CVar [[r.SkyAtmosphere.SampleCountMax:32.0]]
[2020.12.18-10.26.46:755][  0]LogConfig: Setting CVar [[r.SkyAtmosphere.TransmittanceLUT.UseSmallFormat:0]]
[2020.12.18-10.26.46:755][  0]LogConfig: Setting CVar [[r.SkyAtmosphere.TransmittanceLUT.SampleCount:10.0]]
[2020.12.18-10.26.46:755][  0]LogConfig: Setting CVar [[r.SkyAtmosphere.MultiScatteringLUT.SampleCount:15.0]]
[2020.12.18-10.26.46:755][  0]LogConfig: Applying CVar settings from Section [FoliageQuality@3] File [B:/git/ThePuppet/Saved/Config/Windows/Scalability.ini]
[2020.12.18-10.26.46:755][  0]LogConfig: Setting CVar [[foliage.DensityScale:1.0]]
[2020.12.18-10.26.46:755][  0]LogConfig: Setting CVar [[grass.DensityScale:1.0]]
[2020.12.18-10.26.46:755][  0]LogConfig: Applying CVar settings from Section [ShadingQuality@3] File [B:/git/ThePuppet/Saved/Config/Windows/Scalability.ini]
[2020.12.18-10.26.46:755][  0]LogConfig: Setting CVar [[r.HairStrands.SkyLighting.SampleCount:16]]
[2020.12.18-10.26.46:755][  0]LogConfig: Setting CVar [[r.HairStrands.SkyLighting.JitterIntegration:0]]
[2020.12.18-10.26.46:755][  0]LogConfig: Setting CVar [[r.HairStrands.SkyAO.SampleCount:16]]
[2020.12.18-10.26.46:755][  0]LogConfig: Setting CVar [[r.HairStrands.DeepShadow.SuperSampling:0]]
[2020.12.18-10.26.46:755][  0]LogConfig: Setting CVar [[r.HairStrands.VisibilityPPLL:0]]
[2020.12.18-10.26.46:755][  0]LogConfig: Setting CVar [[r.HairStrands.RasterizationScale:0.5]]
[2020.12.18-10.26.46:755][  0]LogConfig: Setting CVar [[r.HairStrands.VelocityRasterizationScale:1]]
[2020.12.18-10.26.46:755][  0]LogConfig: Applying CVar settings from Section [Startup] File [../../../Engine/Config/ConsoleVariables.ini]
[2020.12.18-10.26.46:755][  0]LogConfig: Setting CVar [[net.UseAdaptiveNetUpdateFrequency:0]]
[2020.12.18-10.26.46:756][  0]LogConfig: Setting CVar [[p.chaos.AllowCreatePhysxBodies:1]]
[2020.12.18-10.26.46:756][  0]LogConfig: Setting CVar [[fx.SkipVectorVMBackendOptimizations:1]]
[2020.12.18-10.26.46:756][  0]LogConfig: Applying CVar settings from Section [ConsoleVariables] File [B:/git/ThePuppet/Saved/Config/Windows/Engine.ini]
[2020.12.18-10.26.46:756][  0]LogInit: Computer: DESKTOP-0H4DJGG
[2020.12.18-10.26.46:756][  0]LogInit: User: LENOVO
[2020.12.18-10.26.46:756][  0]LogInit: CPU Page size=4096, Cores=4
[2020.12.18-10.26.46:756][  0]LogInit: High frequency timer resolution =10.000000 MHz
[2020.12.18-10.26.46:756][  0]LogMemory: Memory total: Physical=7.9GB (8GB approx)
[2020.12.18-10.26.46:756][  0]LogMemory: Platform Memory Stats for Windows
[2020.12.18-10.26.46:756][  0]LogMemory: Process Physical Memory: 114.00 MB used, 114.01 MB peak
[2020.12.18-10.26.46:756][  0]LogMemory: Process Virtual Memory: 95.97 MB used, 95.97 MB peak
[2020.12.18-10.26.46:756][  0]LogMemory: Physical Memory: 4058.12 MB used,  4008.60 MB free, 8066.72 MB total
[2020.12.18-10.26.46:756][  0]LogMemory: Virtual Memory: 5143.18 MB used,  134212584.00 MB free, 134217728.00 MB total
[2020.12.18-10.26.46:766][  0]LogWindows: WindowsPlatformFeatures enabled
[2020.12.18-10.26.46:825][  0]LogInit: Physics initialised using underlying interface: PhysX
[2020.12.18-10.26.46:827][  0]LogInit: Using OS detected language (en-US).
[2020.12.18-10.26.46:827][  0]LogInit: Using OS detected locale (en-US).
[2020.12.18-10.26.46:834][  0]LogTextLocalizationManager: No specific localization for 'en-US' exists, so the 'en' localization will be used.
[2020.12.18-10.26.47:207][  0]LogInit: Setting process to per monitor DPI aware
[2020.12.18-10.26.47:288][  0]LogSlate: New Slate User Created.  User Index 0, Is Virtual User: 0
[2020.12.18-10.26.47:288][  0]LogSlate: Slate User Registered.  User Index 0, Is Virtual User: 0
[2020.12.18-10.26.47:689][  0]LogHMD: Failed to initialize OpenVR with code 110
[2020.12.18-10.26.47:689][  0]LogD3D11RHI: D3D11 min allowed feature level: 11_0
[2020.12.18-10.26.47:689][  0]LogD3D11RHI: D3D11 max allowed feature level: 11_0
[2020.12.18-10.26.47:689][  0]LogD3D11RHI: D3D11 adapters:
[2020.12.18-10.26.47:809][  0]LogD3D11RHI:    0. 'NVIDIA GeForce MX130' (Feature Level 11_0)
[2020.12.18-10.26.47:809][  0]LogD3D11RHI:       2010/0/4033 MB DedicatedVideo/DedicatedSystem/SharedSystem, Outputs:2, VendorId:0x10de
[2020.12.18-10.26.47:854][  0]LogD3D11RHI:    1. 'Intel(R) UHD Graphics 620' (Feature Level 11_0)
[2020.12.18-10.26.47:854][  0]LogD3D11RHI:       128/0/4033 MB DedicatedVideo/DedicatedSystem/SharedSystem, Outputs:0, VendorId:0x8086
[2020.12.18-10.26.47:859][  0]LogD3D11RHI:    2. 'Microsoft Basic Render Driver' (Feature Level 11_0)
[2020.12.18-10.26.47:859][  0]LogD3D11RHI:       0/0/4033 MB DedicatedVideo/DedicatedSystem/SharedSystem, Outputs:0, VendorId:0x1414
[2020.12.18-10.26.47:859][  0]LogD3D11RHI: Chosen D3D11 Adapter: 0
[2020.12.18-10.26.47:952][  0]LogD3D11RHI: Creating new Direct3DDevice
[2020.12.18-10.26.47:952][  0]LogD3D11RHI:     GPU DeviceId: 0x174d (for the marketing name, search the web for "GPU Device Id")
[2020.12.18-10.26.47:952][  0]LogWindows: EnumDisplayDevices:
[2020.12.18-10.26.47:952][  0]LogWindows:    0. 'Intel(R) UHD Graphics 620' (P:1 D:1)
[2020.12.18-10.26.47:953][  0]LogWindows:    1. 'Intel(R) UHD Graphics 620' (P:0 D:1)
[2020.12.18-10.26.47:953][  0]LogWindows:    2. 'Intel(R) UHD Graphics 620' (P:0 D:0)
[2020.12.18-10.26.47:954][  0]LogWindows: DebugString: PrimaryIsNotTheChoosenAdapter PrimaryIsNotTheChoosenAdapter PrimaryIsNotTheChoosenAdapter FoundDriverCount:0 
[2020.12.18-10.26.47:954][  0]LogD3D11RHI:     Adapter Name: NVIDIA GeForce MX130
[2020.12.18-10.26.47:954][  0]LogD3D11RHI:   Driver Version: Unknown (internal:Unknown, unified:Unknown)
[2020.12.18-10.26.47:954][  0]LogD3D11RHI:      Driver Date: Unknown
[2020.12.18-10.26.47:954][  0]LogRHI: Texture pool is 1407 MB (70% of 2010 MB)
[2020.12.18-10.26.48:045][  0]LogD3D11RHI: RHI has support for 64 bit atomics
[2020.12.18-10.26.48:048][  0]LogD3D11RHI: [Aftermath] Enabled and primed
[2020.12.18-10.26.48:048][  0]LogD3D11RHI: Async texture creation enabled
[2020.12.18-10.26.48:074][  0]LogD3D11RHI: GPU Timing Frequency: 1000.000000 (Debug: 2 1)
[2020.12.18-10.26.48:724][  0]LogTargetPlatformManager: Display: Loaded TargetPlatform 'AllDesktop'
[2020.12.18-10.26.48:770][  0]LogTargetPlatformManager: Display: Loaded TargetPlatform 'Android'
[2020.12.18-10.26.48:770][  0]LogTargetPlatformManager: Display: Loaded TargetPlatform 'Android_ASTC'
[2020.12.18-10.26.48:771][  0]LogTargetPlatformManager: Display: Loaded TargetPlatform 'Android_DXT'
[2020.12.18-10.26.48:771][  0]LogTargetPlatformManager: Display: Loaded TargetPlatform 'Android_ETC2'
[2020.12.18-10.26.48:771][  0]LogTargetPlatformManager: Display: Loaded TargetPlatform 'AndroidClient'
[2020.12.18-10.26.48:771][  0]LogTargetPlatformManager: Display: Loaded TargetPlatform 'Android_ASTCClient'
[2020.12.18-10.26.48:771][  0]LogTargetPlatformManager: Display: Loaded TargetPlatform 'Android_DXTClient'
[2020.12.18-10.26.48:771][  0]LogTargetPlatformManager: Display: Loaded TargetPlatform 'Android_ETC2Client'
[2020.12.18-10.26.48:771][  0]LogTargetPlatformManager: Display: Loaded TargetPlatform 'Android_Multi'
[2020.12.18-10.26.48:771][  0]LogTargetPlatformManager: Display: Loaded TargetPlatform 'Android_MultiClient'
[2020.12.18-10.26.48:818][  0]LogTargetPlatformManager: Display: Loaded TargetPlatform 'IOSClient'
[2020.12.18-10.26.48:818][  0]LogTargetPlatformManager: Display: Loaded TargetPlatform 'IOS'
[2020.12.18-10.26.48:839][  0]LogTargetPlatformManager: Display: Loaded TargetPlatform 'Linux'
[2020.12.18-10.26.48:857][  0]LogTargetPlatformManager: Display: Loaded TargetPlatform 'LinuxNoEditor'
[2020.12.18-10.26.48:877][  0]LogTargetPlatformManager: Display: Loaded TargetPlatform 'LinuxClient'
[2020.12.18-10.26.48:896][  0]LogTargetPlatformManager: Display: Loaded TargetPlatform 'LinuxServer'
[2020.12.18-10.26.48:916][  0]LogTargetPlatformManager: Display: Loaded TargetPlatform 'LinuxAArch64NoEditor'
[2020.12.18-10.26.48:935][  0]LogTargetPlatformManager: Display: Loaded TargetPlatform 'LinuxAArch64Client'
[2020.12.18-10.26.48:955][  0]LogTargetPlatformManager: Display: Loaded TargetPlatform 'LinuxAArch64Server'
[2020.12.18-10.26.49:011][  0]LogTargetPlatformManager: Display: Loaded TargetPlatform 'Lumin'
[2020.12.18-10.26.49:011][  0]LogTargetPlatformManager: Display: Loaded TargetPlatform 'LuminClient'
[2020.12.18-10.26.49:044][  0]LogTargetPlatformManager: Display: Loaded TargetPlatform 'TVOSClient'
[2020.12.18-10.26.49:044][  0]LogTargetPlatformManager: Display: Loaded TargetPlatform 'TVOS'
[2020.12.18-10.26.49:063][  0]LogTargetPlatformManager: Display: Loaded TargetPlatform 'WindowsNoEditor'
[2020.12.18-10.26.49:084][  0]LogTargetPlatformManager: Display: Loaded TargetPlatform 'Windows'
[2020.12.18-10.26.49:104][  0]LogTargetPlatformManager: Display: Loaded TargetPlatform 'WindowsClient'
[2020.12.18-10.26.49:123][  0]LogTargetPlatformManager: Display: Loaded TargetPlatform 'WindowsServer'
[2020.12.18-10.26.49:123][  0]LogTargetPlatformManager: Display: Building Assets For Windows
[2020.12.18-10.26.49:138][  0]LogAudioDebug: Display: Lib vorbis DLL was dynamically loaded.
[2020.12.18-10.26.49:255][  0]LogShaderCompilers: Guid format shader working directory is 31 characters bigger than the processId version (B:/git/ThePuppet/Intermediate/Shaders/WorkingDirectory/2156/).
[2020.12.18-10.26.49:255][  0]LogShaderCompilers: Cleaned the shader compiler working directory 'C:/Users/LENOVO/AppData/Local/Temp/UnrealShaderWorkingDir/5F0F197C43A05D497FA614AD8226FCA1/'.
[2020.12.18-10.26.49:256][  0]LogXGEController: Cleaning working directory: C:/Users/LENOVO/AppData/Local/Temp/UnrealXGEWorkingDir/
[2020.12.18-10.26.49:256][  0]LogXGEController: Cannot use XGE Controller as Incredibuild is not installed on this machine.
[2020.12.18-10.26.49:256][  0]LogShaderCompilers: Cannot use XGE Shader Compiler as Incredibuild is not installed on this machine.
[2020.12.18-10.26.49:256][  0]LogShaderCompilers: Display: Using Local Shader Compiler.
[2020.12.18-10.26.50:943][  0]LogDerivedDataCache: Display: Max Cache Size: 512 MB
[2020.12.18-10.26.51:044][  0]LogDerivedDataCache: Loaded boot cache 0.10s 75MB C:/Users/LENOVO/AppData/Local/UnrealEngine/4.25/DerivedDataCache/Boot.ddc.
[2020.12.18-10.26.51:044][  0]LogDerivedDataCache: Display: Loaded Boot cache: C:/Users/LENOVO/AppData/Local/UnrealEngine/4.25/DerivedDataCache/Boot.ddc
[2020.12.18-10.26.51:044][  0]LogDerivedDataCache: FDerivedDataBackendGraph:  Pak pak cache file B:/git/ThePuppet/DerivedDataCache/DDC.ddp not found, will not use a pak cache.
[2020.12.18-10.26.51:044][  0]LogDerivedDataCache: Unable to find inner node Pak for hierarchical cache Hierarchy.
[2020.12.18-10.26.51:044][  0]LogDerivedDataCache: FDerivedDataBackendGraph:  CompressedPak pak cache file B:/git/ThePuppet/DerivedDataCache/Compressed.ddp not found, will not use a pak cache.
[2020.12.18-10.26.51:044][  0]LogDerivedDataCache: Unable to find inner node CompressedPak for hierarchical cache Hierarchy.
[2020.12.18-10.26.51:067][  0]LogDerivedDataCache: Display: Pak cache opened for reading ../../../Engine/DerivedDataCache/Compressed.ddp.
[2020.12.18-10.26.51:067][  0]LogDerivedDataCache: FDerivedDataBackendGraph:  EnterprisePak pak cache file ../../../Enterprise/DerivedDataCache/Compressed.ddp not found, will not use a pak cache.
[2020.12.18-10.26.51:067][  0]LogDerivedDataCache: Unable to find inner node EnterprisePak for hierarchical cache Hierarchy.
[2020.12.18-10.26.51:069][  0]LogDerivedDataCache: Using Local data cache path C:/Users/LENOVO/AppData/Local/UnrealEngine/Common/DerivedDataCache: Writable
[2020.12.18-10.26.51:069][  0]LogDerivedDataCache: Shared data cache path not found in *engine.ini, will not use an Shared cache.
[2020.12.18-10.26.51:070][  0]LogDerivedDataCache: Unable to find inner node Shared for hierarchical cache Hierarchy.
[2020.12.18-10.26.51:180][  0]LogSlate: Using FreeType 2.10.0
[2020.12.18-10.26.51:181][  0]LogSlate: SlateFontServices - WITH_FREETYPE: 1, WITH_HARFBUZZ: 1
[2020.12.18-10.26.51:237][  0]LogAssetRegistry: FAssetRegistry took 0.0050 seconds to start up
[2020.12.18-10.26.51:772][  0]LogInit: Selected Device Profile: [Windows]
[2020.12.18-10.26.52:011][  0]LogMeshReduction: Using QuadricMeshReduction for automatic static mesh reduction
[2020.12.18-10.26.52:011][  0]LogMeshReduction: Using SimplygonMeshReduction for automatic skeletal mesh reduction
[2020.12.18-10.26.52:011][  0]LogMeshReduction: Using ProxyLODMeshReduction for automatic mesh merging
[2020.12.18-10.26.52:011][  0]LogMeshReduction: No distributed automatic mesh merging module available
[2020.12.18-10.26.52:011][  0]LogMeshMerging: No distributed automatic mesh merging module available
[2020.12.18-10.26.52:046][  0]LogNetVersion: MyProject 1.0.0, NetCL: 13144385, EngineNetVer: 14, GameNetVer: 0 (Checksum: 709303259)
[2020.12.18-10.26.52:984][  0]LogAISub: UAISubsystem::UAISubsystem AISubsystem (000002A273519800), frame # 0
[2020.12.18-10.26.52:984][  0]LogAISub: UAISubsystem::UAISubsystem AIPerceptionSystem (000002A273412AC0), frame # 0
[2020.12.18-10.26.52:986][  0]LogAISub: UAISubsystem::UAISubsystem EnvQueryManager (000002A27255EA00), frame # 0
[2020.12.18-10.26.53:072][  0]LogPackageLocalizationCache: Processed 19 localized package path(s) for 1 prioritized culture(s) in 0.074001 seconds
[2020.12.18-10.26.53:082][  0]LogUObjectArray: 15917 objects as part of root set at end of initial load.
[2020.12.18-10.26.53:082][  0]LogUObjectAllocator: 3965568 out of 0 bytes used by permanent object pool.
[2020.12.18-10.26.53:082][  0]LogUObjectArray: CloseDisregardForGC: 0/0 objects in disregard for GC pool
[2020.12.18-10.26.53:724][  0]LogTcpMessaging: Initializing TcpMessaging bridge
[2020.12.18-10.26.53:732][  0]LogUdpMessaging: Initializing bridge on interface 0.0.0.0:0 to multicast group 230.0.0.1:6666.
[2020.12.18-10.26.53:877][  0]SourceControl: Source control is disabled
[2020.12.18-10.26.53:878][  0]SourceControl: Source control is disabled
[2020.12.18-10.26.53:884][  0]SourceControl: Source control is disabled
[2020.12.18-10.26.53:889][  0]SourceControl: Source control is disabled
[2020.12.18-10.26.53:901][  0]SourceControl: Source control is disabled
[2020.12.18-10.26.53:926][  0]LogVSAccessor: Display: Unable to create Visual Studio setup instance: 80040154
[2020.12.18-10.26.53:927][  0]LogVSAccessor: Display: Unable to create Visual Studio setup instance: 80040154
[2020.12.18-10.26.54:353][  0]LogAndroidPermission: UAndroidPermissionCallbackProxy::GetInstance
[2020.12.18-10.26.54:391][  0]LogAudioCaptureCore: Display: No Audio Capture implementations found. Audio input will be silent.
[2020.12.18-10.26.54:391][  0]LogAudioCaptureCore: Display: No Audio Capture implementations found. Audio input will be silent.
[2020.12.18-10.26.54:490][  0]LogOcInput: OculusInput pre-init called
[2020.12.18-10.26.54:509][  0]LogWindows: Failed to load 'OVRPlugin.dll' (GetLastError=126)
[2020.12.18-10.26.54:510][  0]LogWindows: File 'OVRPlugin.dll' does not exist
[2020.12.18-10.26.54:631][  0]LogEngine: Initializing Engine...
[2020.12.18-10.26.54:634][  0]LogHMD: Failed to initialize OpenVR with code 110
[2020.12.18-10.26.54:634][  0]LogMagicLeap: Warning: VR disabled because ZI is not enabled.  To enable, in the editor, Edit -> Project Settings -> Plugins -> Magic Leap Plugin -> Enable Zero Iteration
[2020.12.18-10.26.54:635][  0]LogStats: UGameplayTagsManager::InitializeManager -  0.000 s
[2020.12.18-10.26.54:880][  0]LogInit: Initializing FReadOnlyCVARCache
[2020.12.18-10.26.54:893][  0]LogAIModule: Creating AISystem for world Untitled
[2020.12.18-10.26.54:893][  0]LogAISub: UAISubsystem::UAISubsystem EnvQueryManager (000002A274FEFC00), frame # 0
[2020.12.18-10.26.54:893][  0]LogAISub: UAISubsystem::UAISubsystem AIPerceptionSystem (000002A274FFBB00), frame # 0
[2020.12.18-10.26.54:938][  0]LogAudioMixer: Display: Audio Mixer Platform Settings:
[2020.12.18-10.26.54:938][  0]LogAudioMixer: Display: 	Sample Rate:						  48000
[2020.12.18-10.26.54:938][  0]LogAudioMixer: Display: 	Callback Buffer Frame Size Requested: 1024
[2020.12.18-10.26.54:938][  0]LogAudioMixer: Display: 	Callback Buffer Frame Size To Use:	  1024
[2020.12.18-10.26.54:938][  0]LogAudioMixer: Display: 	Number of buffers to queue:			  2
[2020.12.18-10.26.54:939][  0]LogAudioMixer: Display: 	Max Channels (voices):				  32
[2020.12.18-10.26.54:939][  0]LogAudioMixer: Display: 	Number of Async Source Workers:		  0
[2020.12.18-10.26.54:939][  0]LogAudio: Display: AudioDevice MaxSources: 32
[2020.12.18-10.26.54:939][  0]LogAudio: Display: Using built-in audio occlusion.
[2020.12.18-10.26.54:939][  0]LogAudioMixer: Display: Initializing audio mixer.
[2020.12.18-10.26.54:971][  0]LogAudioMixer: Display: 0: FrontLeft
[2020.12.18-10.26.54:971][  0]LogAudioMixer: Display: 1: FrontRight
[2020.12.18-10.26.55:392][  0]LogAudioMixer: Display: Using Audio Device Speakers (2- Realtek(R) Audio)
[2020.12.18-10.26.55:398][  0]LogAudioMixer: Display: Initializing Sound Submixes...
[2020.12.18-10.26.55:403][  0]LogAudioMixer: Display: Creating Master Submix 'MasterSubmixDefault'
[2020.12.18-10.26.55:403][  0]LogAudioMixer: Display: Creating Master Submix 'MasterReverbSubmixDefault'
[2020.12.18-10.26.55:405][  0]LogAudioMixer: Display: Creating Master Submix 'MasterEQSubmixDefault'
[2020.12.18-10.26.55:407][  0]LogInit: FAudioDevice initialized.
[2020.12.18-10.26.55:407][  0]LogNetVersion: Set ProjectVersion to 1.0.0.0. Version Checksum will be recalculated on next use.
[2020.12.18-10.26.55:496][  0]LogDerivedDataCache: Saved boot cache 0.09s 75MB C:/Users/LENOVO/AppData/Local/UnrealEngine/4.25/DerivedDataCache/Boot.ddc.
[2020.12.18-10.26.55:504][  0]LogInit: Texture streaming: Enabled
[2020.12.18-10.26.55:535][  0]LogEngineSessionManager: EngineSessionManager initialized
[2020.12.18-10.26.55:535][  0]LogEngineSessionManager: EngineSessionManager sent abnormal shutdown report. Type=Crashed, SessionId={E9545DEC-4F84-14D3-7285-9591F3CE5121}
[2020.12.18-10.26.55:535][  0]LogEditorSessionSummary: Verbose: Initializing EditorSessionSummaryWriter for editor session tracking
[2020.12.18-10.26.55:539][  0]LogEditorSessionSummary: EditorSessionSummaryWriter initialized
[2020.12.18-10.26.55:650][  0]LogInit: Transaction tracking system initialized
[2020.12.18-10.26.55:690][  0]BlueprintLog: New page: Editor Load
[2020.12.18-10.26.55:818][  0]LocalizationService: Localization service is disabled
[2020.12.18-10.26.55:964][  0]LogVSAccessor: Display: Unable to create Visual Studio setup instance: 80040154
[2020.12.18-10.26.55:965][  0]LogVSAccessor: Display: Unable to create Visual Studio setup instance: 80040154
[2020.12.18-10.26.56:126][  0]LogCook: Display: Max memory allowance for cook 16384mb min free memory 0mb
[2020.12.18-10.26.56:126][  0]LogCook: Display: Mobile HDR setting 1
[2020.12.18-10.26.56:393][  0]LogFileCache: Scanning file cache for directory 'B:/git/ThePuppet/Content/' took 0.01s
[2020.12.18-10.26.56:857][  0]SourceControl: Source control is disabled
[2020.12.18-10.26.56:857][  0]LogUnrealEdMisc: Loading editor; pre map load, took 13.098
[2020.12.18-10.26.56:858][  0]Cmd: MAP LOAD FILE="B:/git/ThePuppet/Content/ThirdPersonBP/Maps/ThirdPersonExampleMap.umap" TEMPLATE=0 SHOWPROGRESS=1 FEATURELEVEL=3
[2020.12.18-10.26.56:858][  0]LightingResults: New page: Lighting Build
[2020.12.18-10.26.56:859][  0]LogWorld: UWorld::CleanupWorld for Untitled, bSessionEnded=true, bCleanupResources=true
[2020.12.18-10.26.56:860][  0]LogSlate: InvalidateAllWidgets triggered.  All widgets were invalidated
[2020.12.18-10.26.56:860][  0]MapCheck: New page: Map Check
[2020.12.18-10.26.56:860][  0]LightingResults: New page: Lighting Build
[2020.12.18-10.26.56:880][  0]LogAISub: UAISubsystem::~UAISubsystem EnvQueryManager (000002A274FEFC00), frame # 0
[2020.12.18-10.26.56:880][  0]LogAISub: UAISubsystem::~UAISubsystem AIPerceptionSystem (000002A274FFBB00), frame # 0
[2020.12.18-10.26.56:882][  0]LogUObjectHash: Compacting FUObjectHashTables data took   2.04ms
[2020.12.18-10.26.57:803][  0]LogAIModule: Creating AISystem for world ThirdPersonExampleMap
[2020.12.18-10.26.57:803][  0]LogAISub: UAISubsystem::UAISubsystem EnvQueryManager (000002A26897E400), frame # 0
[2020.12.18-10.26.57:803][  0]LogAISub: UAISubsystem::UAISubsystem AIPerceptionSystem (000002A2689CA5C0), frame # 0
[2020.12.18-10.26.58:058][  0]LogEditorServer: Finished looking for orphan Actors (0.000 secs)
[2020.12.18-10.26.58:089][  0]LogUObjectHash: Compacting FUObjectHashTables data took   2.50ms
[2020.12.18-10.26.58:090][  0]Cmd: MAP CHECKDEP NOCLEARLOG
[2020.12.18-10.26.58:090][  0]MapCheck: Map check complete: 0 Error(s), 0 Warning(s), took 0.212ms to complete.
[2020.12.18-10.26.58:090][  0]LogFileHelpers: Loading map 'ThirdPersonExampleMap' took 1.233
[2020.12.18-10.26.58:095][  0]LogUnrealEdMisc: Total Editor Startup Time, took 14.336
[2020.12.18-10.26.58:291][  0]LogSlate: Updating window title bar state: overlay mode, drag disabled, window buttons hidden, title bar hidden
[2020.12.18-10.26.58:306][  0]LogSlate: Updating window title bar state: overlay mode, drag disabled, window buttons hidden, title bar hidden
[2020.12.18-10.26.58:323][  0]LogSlate: Updating window title bar state: overlay mode, drag disabled, window buttons hidden, title bar hidden
[2020.12.18-10.26.58:338][  0]LogSlate: Updating window title bar state: overlay mode, drag disabled, window buttons hidden, title bar hidden
[2020.12.18-10.26.58:353][  0]LogCollectionManager: Loaded 0 collections in 0.003917 seconds
[2020.12.18-10.26.58:381][  0]LogFileCache: Scanning file cache for directory 'B:/git/ThePuppet/Saved/Collections/' took 0.00s
[2020.12.18-10.26.58:381][  0]LogFileCache: Scanning file cache for directory 'B:/git/ThePuppet/Content/Developers/LENOVO/Collections/' took 0.00s
[2020.12.18-10.26.58:381][  0]LogFileCache: Scanning file cache for directory 'B:/git/ThePuppet/Content/Collections/' took 0.00s
[2020.12.18-10.26.58:381][  0]LogContentBrowser: Native class hierarchy populated in 0.0183 seconds. Added 3427 classes and 821 folders.
[2020.12.18-10.26.58:391][  0]LogContentBrowser: Native class hierarchy updated for 'WidgetCarousel' in 0.0006 seconds. Added 0 classes and 0 folders.
[2020.12.18-10.26.58:493][  0]LogContentBrowser: Native class hierarchy updated for 'AddContentDialog' in 0.0005 seconds. Added 0 classes and 0 folders.
[2020.12.18-10.26.58:496][  0]LogContentBrowser: Native class hierarchy updated for 'SceneOutliner' in 0.0005 seconds. Added 2 classes and 0 folders.
[2020.12.18-10.26.58:745][  0]LogSlate: Took 0.000310 seconds to synchronously load lazily loaded font '../../../Engine/Content/Slate/Fonts/Roboto-Regular.ttf' (155K)
[2020.12.18-10.26.58:753][  0]LogSlate: Took 0.000302 seconds to synchronously load lazily loaded font '../../../Engine/Content/Slate/Fonts/Roboto-Bold.ttf' (160K)
[2020.12.18-10.26.58:763][  0]LogSlate: Took 0.000289 seconds to synchronously load lazily loaded font '../../../Engine/Content/Editor/Slate/Fonts/FontAwesome.ttf' (139K)
[2020.12.18-10.26.58:951][  0]LogRenderer: Reallocating scene render targets to support 1260x708 Format 10 NumSamples 1 (Frame:1).
[2020.12.18-10.26.59:184][  0]LogContentBrowser: Native class hierarchy updated for 'HierarchicalLODOutliner' in 0.0005 seconds. Added 0 classes and 0 folders.
[2020.12.18-10.26.59:185][  0]LogLoad: (Engine Initialization) Total time: 15.43 seconds
[2020.12.18-10.26.59:185][  0]LogLoad: (Engine Initialization) Total Blueprint compile time: 0.00 seconds
[2020.12.18-10.26.59:268][  0]LogContentStreaming: Texture pool size now 1000 MB
[2020.12.18-10.26.59:407][  1]LogAssetRegistry: Asset discovery search completed in 8.1723 seconds
[2020.12.18-10.26.59:419][  1]LogCollectionManager: Fixed up redirectors for 0 collections in 0.000005 seconds (updated 0 objects)
[2020.12.18-10.27.00:319][ 35]LogSlate: Took 0.000311 seconds to synchronously load lazily loaded font '../../../Engine/Content/Slate/Fonts/Roboto-Light.ttf' (167K)
[2020.12.18-10.27.02:120][108]LogSlate: Took 0.000623 seconds to synchronously load lazily loaded font '../../../Engine/Content/Slate/Fonts/Roboto-Light.ttf' (167K)
[2020.12.18-10.27.03:457][146]LogAssetEditorSubsystem: Opening Asset editor for World /Game/Project/Maps/level01.level01
[2020.12.18-10.27.03:483][146]LogUObjectHash: Compacting FUObjectHashTables data took   1.80ms
[2020.12.18-10.27.03:491][146]Cmd: MAP LOAD FILE="B:/git/ThePuppet/Content/Project/Maps/level01.umap" TEMPLATE=0 SHOWPROGRESS=1 FEATURELEVEL=3
[2020.12.18-10.27.03:491][146]LightingResults: New page: Lighting Build
[2020.12.18-10.27.03:491][146]LoadErrors: New page: Loading map: level01.umap
[2020.12.18-10.27.03:495][146]LogWorld: UWorld::CleanupWorld for ThirdPersonExampleMap, bSessionEnded=true, bCleanupResources=true
[2020.12.18-10.27.03:495][146]LogSlate: InvalidateAllWidgets triggered.  All widgets were invalidated
[2020.12.18-10.27.03:495][146]MapCheck: New page: Map Check
[2020.12.18-10.27.03:496][146]LightingResults: New page: Lighting Build
[2020.12.18-10.27.03:516][146]LogAISub: UAISubsystem::~UAISubsystem EnvQueryManager (000002A26897E400), frame # 146
[2020.12.18-10.27.03:516][146]LogAISub: UAISubsystem::~UAISubsystem AIPerceptionSystem (000002A2689CA5C0), frame # 146
[2020.12.18-10.27.03:518][146]LogUObjectHash: Compacting FUObjectHashTables data took   1.71ms
[2020.12.18-10.27.03:660][146]LogEditorServer: Finished looking for orphan Actors (0.000 secs)
[2020.12.18-10.27.03:660][146]LogAIModule: Creating AISystem for world level01
[2020.12.18-10.27.03:660][146]LogAISub: UAISubsystem::UAISubsystem EnvQueryManager (000002A296EA0C00), frame # 146
[2020.12.18-10.27.03:660][146]LogAISub: UAISubsystem::UAISubsystem AIPerceptionSystem (000002A2682D8CC0), frame # 146
[2020.12.18-10.27.03:684][146]LogUObjectHash: Compacting FUObjectHashTables data took   1.22ms
[2020.12.18-10.27.03:752][146]Cmd: MAP CHECKDEP NOCLEARLOG
[2020.12.18-10.27.03:752][146]MapCheck: Map check complete: 0 Error(s), 0 Warning(s), took 0.139ms to complete.
[2020.12.18-10.27.03:752][146]LogFileHelpers: Loading map 'level01' took 0.262
[2020.12.18-10.27.04:384][172]LogFileCache: Retrieving MD5 hashes for directory 'B:/git/ThePuppet/Content/' took 5.17s
[2020.12.18-10.27.10:089][453]LogAssetEditorSubsystem: Opening Asset editor for LevelScriptBlueprint /Game/Project/Maps/level01.level01:PersistentLevel.level01
[2020.12.18-10.27.10:468][453]LogContentBrowser: Native class hierarchy updated for 'BlueprintGraph' in 0.0010 seconds. Added 125 classes and 0 folders.
[2020.12.18-10.27.12:326][453]LogSlate: Took 0.000285 seconds to synchronously load lazily loaded font '../../../Engine/Content/Slate/Fonts/Roboto-BoldCondensed.ttf' (158K)
[2020.12.18-10.27.12:425][454]LogSlate: Took 0.000362 seconds to synchronously load lazily loaded font '../../../Engine/Content/Slate/Fonts/Roboto-Italic.ttf' (157K)
[2020.12.18-10.27.23:185][ 18]LogTemp: Repeating last play command: Selected Viewport
[2020.12.18-10.27.23:228][ 18]BlueprintLog: New page: Pre-Play auto-recompile
[2020.12.18-10.27.23:230][ 18]LogPlayLevel: [PlayLevel] Compiling level01 before play...
[2020.12.18-10.27.23:235][ 18]LogBlueprint: Error: [Compiler PersistentLevel.level01] This blueprint (self) is not a SceneComponent, therefore ' Target ' must have a connection.
[2020.12.18-10.27.23:319][ 18]LogUObjectHash: Compacting FUObjectHashTables data took   4.10ms
[2020.12.18-10.27.23:321][ 18]LogPlayLevel: PlayLevel: Blueprint regeneration took 93 ms (1 blueprints)
[2020.12.18-10.27.23:321][ 18]BlueprintLog: Warning: Blueprint failed to compile:  level01
[2020.12.18-10.27.23:322][ 18]LogCustomDialog: Dialog displayed:
[2020.12.18-10.27.24:223][ 18]LogSlate: Window 'Blueprint Compilation Errors' being destroyed
[2020.12.18-10.27.24:240][ 18]PIE: New page: PIE session: level01 (Dec 19, 2020, 12:27:24 AM)
[2020.12.18-10.27.24:242][ 18]LogOnline: OSS: Creating online subsystem instance for: NULL
[2020.12.18-10.27.24:245][ 18]LogOnline: OSS: TryLoadSubsystemAndSetDefault: Loaded subsystem for module [NULL]
[2020.12.18-10.27.24:247][ 18]LogPlayLevel: Creating play world package: /Game/Project/Maps/UEDPIE_0_level01
[2020.12.18-10.27.24:261][ 18]LogPlayLevel: PIE: StaticDuplicateObject took: (0.014529s)
[2020.12.18-10.27.24:264][ 18]LogAIModule: Creating AISystem for world level01
[2020.12.18-10.27.24:264][ 18]LogAISub: UAISubsystem::UAISubsystem EnvQueryManager (000002A2B462B800), frame # 1018
[2020.12.18-10.27.24:264][ 18]LogAISub: UAISubsystem::UAISubsystem AIPerceptionSystem (000002A296E0A480), frame # 1018
[2020.12.18-10.27.24:264][ 18]LogPlayLevel: PIE: World Init took: (0.002992s)
[2020.12.18-10.27.24:264][ 18]LogPlayLevel: PIE: Created PIE world by copying editor world from /Game/Project/Maps/level01.level01 to /Game/Project/Maps/UEDPIE_0_level01.level01 (0.017878s)
[2020.12.18-10.27.24:302][ 18]LogUObjectHash: Compacting FUObjectHashTables data took   3.46ms
[2020.12.18-10.27.24:306][ 18]LogAudioMixer: Display: Audio Mixer Platform Settings:
[2020.12.18-10.27.24:306][ 18]LogAudioMixer: Display: 	Sample Rate:						  48000
[2020.12.18-10.27.24:306][ 18]LogAudioMixer: Display: 	Callback Buffer Frame Size Requested: 1024
[2020.12.18-10.27.24:306][ 18]LogAudioMixer: Display: 	Callback Buffer Frame Size To Use:	  1024
[2020.12.18-10.27.24:306][ 18]LogAudioMixer: Display: 	Number of buffers to queue:			  2
[2020.12.18-10.27.24:306][ 18]LogAudioMixer: Display: 	Max Channels (voices):				  32
[2020.12.18-10.27.24:306][ 18]LogAudioMixer: Display: 	Number of Async Source Workers:		  0
[2020.12.18-10.27.24:306][ 18]LogAudio: Display: AudioDevice MaxSources: 32
[2020.12.18-10.27.24:307][ 18]LogAudio: Display: Using built-in audio occlusion.
[2020.12.18-10.27.24:307][ 18]LogAudioMixer: Display: Initializing audio mixer.
[2020.12.18-10.27.24:316][ 18]LogAudioMixer: Display: 0: FrontLeft
[2020.12.18-10.27.24:316][ 18]LogAudioMixer: Display: 1: FrontRight
[2020.12.18-10.27.24:367][ 18]LogAudioMixer: Display: Using Audio Device Speakers (2- Realtek(R) Audio)
[2020.12.18-10.27.24:367][ 18]LogAudioMixer: Display: Initializing Sound Submixes...
[2020.12.18-10.27.24:367][ 18]LogAudioMixer: Display: Creating Master Submix 'MasterSubmixDefault'
[2020.12.18-10.27.24:368][ 18]LogAudioMixer: Display: Creating Master Submix 'MasterReverbSubmixDefault'
[2020.12.18-10.27.24:368][ 18]LogAudioMixer: Display: Creating Master Submix 'MasterEQSubmixDefault'
[2020.12.18-10.27.24:401][ 18]LogInit: FAudioDevice initialized.
[2020.12.18-10.27.24:468][ 18]LogSlate: Updating window title bar state: overlay mode, drag disabled, window buttons hidden, title bar hidden
[2020.12.18-10.27.24:468][ 18]LogLoad: Game class is 'body_BP_C'
[2020.12.18-10.27.24:479][ 18]LogWorld: Bringing World /Game/Project/Maps/UEDPIE_0_level01.level01 up for play (max tick rate 60) at 2020.12.18-17.27.24
[2020.12.18-10.27.24:480][ 18]LogWorld: Bringing up level for play took: 0.008364
[2020.12.18-10.27.24:480][ 18]LogOnline: OSS: Creating online subsystem instance for: :Context_7
[2020.12.18-10.27.24:484][ 18]LogGameMode: FindPlayerStart: PATHS NOT DEFINED or NO PLAYERSTART with positive rating
[2020.12.18-10.27.24:517][ 18]LogContentBrowser: Native class hierarchy updated for 'MovieSceneCapture' in 0.0008 seconds. Added 20 classes and 0 folders.
[2020.12.18-10.27.24:537][ 18]PIE: Server logged in
[2020.12.18-10.27.24:537][ 18]PIE: Play in editor total start time 1.311 seconds.
[2020.12.18-10.27.24:701][ 19]LogRenderer: Reallocating scene render targets to support 1280x720 Format 10 NumSamples 1 (Frame:1).
[2020.12.18-10.27.25:839][ 34]LogSlate: Window 'MyProject Preview [NetMode: Standalone] (64-bit/Windows) ' being destroyed
[2020.12.18-10.27.25:875][ 34]LogWorld: BeginTearingDown for /Game/Project/Maps/UEDPIE_0_level01
[2020.12.18-10.27.25:875][ 34]LogWorld: UWorld::CleanupWorld for level01, bSessionEnded=true, bCleanupResources=true
[2020.12.18-10.27.25:876][ 34]LogSlate: InvalidateAllWidgets triggered.  All widgets were invalidated
[2020.12.18-10.27.25:889][ 34]LogPlayLevel: Display: Shutting down PIE online subsystems
[2020.12.18-10.27.25:898][ 34]LogSlate: InvalidateAllWidgets triggered.  All widgets were invalidated
[2020.12.18-10.27.26:000][ 34]LogAISub: UAISubsystem::~UAISubsystem AIPerceptionSystem (000002A296E0A480), frame # 1034
[2020.12.18-10.27.26:000][ 34]LogAISub: UAISubsystem::~UAISubsystem EnvQueryManager (000002A2B462B800), frame # 1034
[2020.12.18-10.27.26:039][ 34]LogUObjectHash: Compacting FUObjectHashTables data took   6.39ms
[2020.12.18-10.27.26:093][ 35]LogPlayLevel: Display: Destroying online subsystem :Context_7
[2020.12.18-10.27.28:717][166]LogTemp: Repeating last play command: Selected Viewport
[2020.12.18-10.27.28:765][166]BlueprintLog: New page: Pre-Play auto-recompile
[2020.12.18-10.27.28:766][166]LogPlayLevel: [PlayLevel] Compiling level01 before play...
[2020.12.18-10.27.28:773][166]LogBlueprint: Error: [Compiler PersistentLevel.level01] This blueprint (self) is not a SceneComponent, therefore ' Target ' must have a connection.
[2020.12.18-10.27.28:866][166]LogUObjectHash: Compacting FUObjectHashTables data took   6.83ms
[2020.12.18-10.27.28:868][166]LogPlayLevel: PlayLevel: Blueprint regeneration took 101 ms (1 blueprints)
[2020.12.18-10.27.28:868][166]BlueprintLog: Warning: Blueprint failed to compile:  level01
[2020.12.18-10.27.28:868][166]LogCustomDialog: Dialog displayed:
[2020.12.18-10.27.29:807][166]LogSlate: Window 'Blueprint Compilation Errors' being destroyed
[2020.12.18-10.27.29:822][166]PIE: New page: PIE session: level01 (Dec 19, 2020, 12:27:29 AM)
[2020.12.18-10.27.29:825][166]LogPlayLevel: Creating play world package: /Game/Project/Maps/UEDPIE_0_level01
[2020.12.18-10.27.29:842][166]LogPlayLevel: PIE: StaticDuplicateObject took: (0.015994s)
[2020.12.18-10.27.29:843][166]LogAIModule: Creating AISystem for world level01
[2020.12.18-10.27.29:843][166]LogAISub: UAISubsystem::UAISubsystem EnvQueryManager (000002A2B6FE7E00), frame # 1166
[2020.12.18-10.27.29:843][166]LogAISub: UAISubsystem::UAISubsystem AIPerceptionSystem (000002A2B3D6FB00), frame # 1166
[2020.12.18-10.27.29:844][166]LogPlayLevel: PIE: World Init took: (0.002020s)
[2020.12.18-10.27.29:844][166]LogPlayLevel: PIE: Created PIE world by copying editor world from /Game/Project/Maps/level01.level01 to /Game/Project/Maps/UEDPIE_0_level01.level01 (0.018584s)
[2020.12.18-10.27.29:892][166]LogUObjectHash: Compacting FUObjectHashTables data took   5.35ms
[2020.12.18-10.27.29:893][166]LogAudioMixer: Display: Audio Mixer Platform Settings:
[2020.12.18-10.27.29:894][166]LogAudioMixer: Display: 	Sample Rate:						  48000
[2020.12.18-10.27.29:894][166]LogAudioMixer: Display: 	Callback Buffer Frame Size Requested: 1024
[2020.12.18-10.27.29:894][166]LogAudioMixer: Display: 	Callback Buffer Frame Size To Use:	  1024
[2020.12.18-10.27.29:894][166]LogAudioMixer: Display: 	Number of buffers to queue:			  2
[2020.12.18-10.27.29:894][166]LogAudioMixer: Display: 	Max Channels (voices):				  32
[2020.12.18-10.27.29:894][166]LogAudioMixer: Display: 	Number of Async Source Workers:		  0
[2020.12.18-10.27.29:894][166]LogAudio: Display: AudioDevice MaxSources: 32
[2020.12.18-10.27.29:894][166]LogAudio: Display: Using built-in audio occlusion.
[2020.12.18-10.27.29:895][166]LogAudioMixer: Display: Initializing audio mixer.
[2020.12.18-10.27.29:904][166]LogAudioMixer: Display: 0: FrontLeft
[2020.12.18-10.27.29:904][166]LogAudioMixer: Display: 1: FrontRight
[2020.12.18-10.27.29:957][166]LogAudioMixer: Display: Using Audio Device Speakers (2- Realtek(R) Audio)
[2020.12.18-10.27.29:958][166]LogAudioMixer: Display: Initializing Sound Submixes...
[2020.12.18-10.27.29:958][166]LogAudioMixer: Display: Creating Master Submix 'MasterSubmixDefault'
[2020.12.18-10.27.29:958][166]LogAudioMixer: Display: Creating Master Submix 'MasterReverbSubmixDefault'
[2020.12.18-10.27.29:959][166]LogAudioMixer: Display: Creating Master Submix 'MasterEQSubmixDefault'
[2020.12.18-10.27.29:993][166]LogInit: FAudioDevice initialized.
[2020.12.18-10.27.30:067][166]LogSlate: Updating window title bar state: overlay mode, drag disabled, window buttons hidden, title bar hidden
[2020.12.18-10.27.30:067][166]LogLoad: Game class is 'body_BP_C'
[2020.12.18-10.27.30:074][166]LogWorld: Bringing World /Game/Project/Maps/UEDPIE_0_level01.level01 up for play (max tick rate 60) at 2020.12.18-17.27.30
[2020.12.18-10.27.30:075][166]LogWorld: Bringing up level for play took: 0.006264
[2020.12.18-10.27.30:076][166]LogOnline: OSS: Creating online subsystem instance for: :Context_8
[2020.12.18-10.27.30:079][166]LogGameMode: FindPlayerStart: PATHS NOT DEFINED or NO PLAYERSTART with positive rating
[2020.12.18-10.27.30:088][166]PIE: Server logged in
[2020.12.18-10.27.30:089][166]PIE: Play in editor total start time 1.324 seconds.
[2020.12.18-10.27.31:540][215]LogSlate: Updating window title bar state: overlay mode, drag disabled, window buttons hidden, title bar hidden
[2020.12.18-10.27.31:541][215]LogWorld: BeginTearingDown for /Game/Project/Maps/UEDPIE_0_level01
[2020.12.18-10.27.31:541][215]LogSlate: Window 'MyProject Preview [NetMode: Standalone] (64-bit/Windows) ' being destroyed
[2020.12.18-10.27.31:546][215]LogWorld: UWorld::CleanupWorld for level01, bSessionEnded=true, bCleanupResources=true
[2020.12.18-10.27.31:547][215]LogSlate: InvalidateAllWidgets triggered.  All widgets were invalidated
[2020.12.18-10.27.31:562][215]LogPlayLevel: Display: Shutting down PIE online subsystems
[2020.12.18-10.27.31:568][215]LogSlate: InvalidateAllWidgets triggered.  All widgets were invalidated
[2020.12.18-10.27.31:650][215]LogAISub: UAISubsystem::~UAISubsystem AIPerceptionSystem (000002A2B3D6FB00), frame # 1215
[2020.12.18-10.27.31:650][215]LogAISub: UAISubsystem::~UAISubsystem EnvQueryManager (000002A2B6FE7E00), frame # 1215
[2020.12.18-10.27.31:655][215]LogUObjectHash: Compacting FUObjectHashTables data took   4.59ms
[2020.12.18-10.27.31:716][216]LogPlayLevel: Display: Destroying online subsystem :Context_8
[2020.12.18-10.28.10:301][242]LogTemp: Repeating last play command: Selected Viewport
[2020.12.18-10.28.10:347][242]BlueprintLog: New page: Pre-Play auto-recompile
[2020.12.18-10.28.10:353][242]LogPlayLevel: [PlayLevel] Compiling level01 before play...
[2020.12.18-10.28.10:357][242]LogBlueprint: Warning: [Compiler PersistentLevel.level01] To Array  was pruned because its Exec pin is not connected, the connected value is not available and will instead be read as default
[2020.12.18-10.28.10:363][242]LogBlueprint: Error: [Compiler PersistentLevel.level01] Default value '' for  New Var 2  is invalid: 'Array inputs (like 'New Var 2') must have an input wired into them (try connecting a MakeArray node).'
[2020.12.18-10.28.10:457][242]LogUObjectHash: Compacting FUObjectHashTables data took   5.58ms
[2020.12.18-10.28.10:459][242]LogPlayLevel: PlayLevel: Blueprint regeneration took 111 ms (1 blueprints)
[2020.12.18-10.28.10:459][242]BlueprintLog: Warning: Blueprint failed to compile:  level01
[2020.12.18-10.28.10:459][242]LogCustomDialog: Dialog displayed:
[2020.12.18-10.28.11:618][242]LogSlate: Window 'Blueprint Compilation Errors' being destroyed
[2020.12.18-10.28.11:631][242]PIE: New page: PIE session: level01 (Dec 19, 2020, 12:28:11 AM)
[2020.12.18-10.28.11:634][242]LogPlayLevel: Creating play world package: /Game/Project/Maps/UEDPIE_0_level01
[2020.12.18-10.28.11:651][242]LogPlayLevel: PIE: StaticDuplicateObject took: (0.016597s)
[2020.12.18-10.28.11:653][242]LogAIModule: Creating AISystem for world level01
[2020.12.18-10.28.11:653][242]LogAISub: UAISubsystem::UAISubsystem EnvQueryManager (000002A2B4E80800), frame # 3242
[2020.12.18-10.28.11:654][242]LogAISub: UAISubsystem::UAISubsystem AIPerceptionSystem (000002A2B4DD6200), frame # 3242
[2020.12.18-10.28.11:654][242]LogPlayLevel: PIE: World Init took: (0.002662s)
[2020.12.18-10.28.11:654][242]LogPlayLevel: PIE: Created PIE world by copying editor world from /Game/Project/Maps/level01.level01 to /Game/Project/Maps/UEDPIE_0_level01.level01 (0.019675s)
[2020.12.18-10.28.11:701][242]LogUObjectHash: Compacting FUObjectHashTables data took   4.99ms
[2020.12.18-10.28.11:703][242]LogAudioMixer: Display: Audio Mixer Platform Settings:
[2020.12.18-10.28.11:703][242]LogAudioMixer: Display: 	Sample Rate:						  48000
[2020.12.18-10.28.11:703][242]LogAudioMixer: Display: 	Callback Buffer Frame Size Requested: 1024
[2020.12.18-10.28.11:703][242]LogAudioMixer: Display: 	Callback Buffer Frame Size To Use:	  1024
[2020.12.18-10.28.11:703][242]LogAudioMixer: Display: 	Number of buffers to queue:			  2
[2020.12.18-10.28.11:703][242]LogAudioMixer: Display: 	Max Channels (voices):				  32
[2020.12.18-10.28.11:703][242]LogAudioMixer: Display: 	Number of Async Source Workers:		  0
[2020.12.18-10.28.11:704][242]LogAudio: Display: AudioDevice MaxSources: 32
[2020.12.18-10.28.11:704][242]LogAudio: Display: Using built-in audio occlusion.
[2020.12.18-10.28.11:704][242]LogAudioMixer: Display: Initializing audio mixer.
[2020.12.18-10.28.11:713][242]LogAudioMixer: Display: 0: FrontLeft
[2020.12.18-10.28.11:713][242]LogAudioMixer: Display: 1: FrontRight
[2020.12.18-10.28.11:761][242]LogAudioMixer: Display: Using Audio Device Speakers (2- Realtek(R) Audio)
[2020.12.18-10.28.11:761][242]LogAudioMixer: Display: Initializing Sound Submixes...
[2020.12.18-10.28.11:761][242]LogAudioMixer: Display: Creating Master Submix 'MasterSubmixDefault'
[2020.12.18-10.28.11:761][242]LogAudioMixer: Display: Creating Master Submix 'MasterReverbSubmixDefault'
[2020.12.18-10.28.11:762][242]LogAudioMixer: Display: Creating Master Submix 'MasterEQSubmixDefault'
[2020.12.18-10.28.11:794][242]LogInit: FAudioDevice initialized.
[2020.12.18-10.28.11:865][242]LogSlate: Updating window title bar state: overlay mode, drag disabled, window buttons hidden, title bar hidden
[2020.12.18-10.28.11:865][242]LogLoad: Game class is 'body_BP_C'
[2020.12.18-10.28.11:875][242]LogWorld: Bringing World /Game/Project/Maps/UEDPIE_0_level01.level01 up for play (max tick rate 60) at 2020.12.18-17.28.11
[2020.12.18-10.28.11:876][242]LogWorld: Bringing up level for play took: 0.009156
[2020.12.18-10.28.11:877][242]LogOnline: OSS: Creating online subsystem instance for: :Context_9
[2020.12.18-10.28.11:881][242]LogGameMode: FindPlayerStart: PATHS NOT DEFINED or NO PLAYERSTART with positive rating
[2020.12.18-10.28.11:891][242]PIE: Server logged in
[2020.12.18-10.28.11:892][242]PIE: Play in editor total start time 1.547 seconds.
[2020.12.18-10.28.35:344][991]LogSlate: Updating window title bar state: overlay mode, drag disabled, window buttons hidden, title bar hidden
[2020.12.18-10.28.35:344][991]LogWorld: BeginTearingDown for /Game/Project/Maps/UEDPIE_0_level01
[2020.12.18-10.28.35:346][991]LogSlate: Window 'MyProject Preview [NetMode: Standalone] (64-bit/Windows) ' being destroyed
[2020.12.18-10.28.35:405][991]LogWorld: UWorld::CleanupWorld for level01, bSessionEnded=true, bCleanupResources=true
[2020.12.18-10.28.35:407][991]LogSlate: InvalidateAllWidgets triggered.  All widgets were invalidated
[2020.12.18-10.28.35:433][991]LogPlayLevel: Display: Shutting down PIE online subsystems
[2020.12.18-10.28.35:444][991]LogSlate: InvalidateAllWidgets triggered.  All widgets were invalidated
[2020.12.18-10.28.35:540][991]LogAISub: UAISubsystem::~UAISubsystem EnvQueryManager (000002A2B4E80800), frame # 3991
[2020.12.18-10.28.35:541][991]LogAISub: UAISubsystem::~UAISubsystem AIPerceptionSystem (000002A2B4DD6200), frame # 3991
[2020.12.18-10.28.35:548][991]LogUObjectHash: Compacting FUObjectHashTables data took   7.41ms
[2020.12.18-10.28.35:611][992]LogPlayLevel: Display: Destroying online subsystem :Context_9
[2020.12.18-10.28.45:069][484]BlueprintLog: New page: Compile level01
[2020.12.18-10.28.45:169][484]LogUObjectHash: Compacting FUObjectHashTables data took   5.34ms
[2020.12.18-10.28.45:285][484]LogSlate: Took 0.000218 seconds to synchronously load lazily loaded font '../../../Engine/Content/Slate/Fonts/DroidSansMono.ttf' (77K)
[2020.12.18-10.28.46:139][527]Cmd: OBJ SAVEPACKAGE PACKAGE="/Game/Project/Maps/level01" FILE="B:/git/ThePuppet/Content/Project/Maps/level01.umap" SILENT=true AUTOSAVING=false KEEPDIRTY=false
[2020.12.18-10.28.46:199][527]LogUObjectHash: Compacting FUObjectHashTables data took   5.65ms
[2020.12.18-10.28.46:291][527]LogSavePackage: Moving 'B:/git/ThePuppet/Saved/level01811E0233421173145791EC984B388593.tmp' to 'B:/git/ThePuppet/Content/Project/Maps/level01.umap'
[2020.12.18-10.28.46:369][527]LogFileHelpers: Saving map 'level01' took 0.230
[2020.12.18-10.28.46:402][527]AssetCheck: New page: Asset Save: level01
[2020.12.18-10.28.46:402][527]LogContentValidation: Display: Validating World /Game/Project/Maps/level01.level01
[2020.12.18-10.28.47:091][566]LogTemp: Repeating last play command: Selected Viewport
[2020.12.18-10.28.47:137][566]LogPlayLevel: PlayLevel: No blueprints needed recompiling
[2020.12.18-10.28.47:137][566]PIE: New page: PIE session: level01 (Dec 19, 2020, 12:28:47 AM)
[2020.12.18-10.28.47:137][566]LogPlayLevel: Creating play world package: /Game/Project/Maps/UEDPIE_0_level01
[2020.12.18-10.28.47:148][566]LogPlayLevel: PIE: StaticDuplicateObject took: (0.011012s)
[2020.12.18-10.28.47:150][566]LogAIModule: Creating AISystem for world level01
[2020.12.18-10.28.47:150][566]LogAISub: UAISubsystem::UAISubsystem EnvQueryManager (000002A2B5817E00), frame # 4566
[2020.12.18-10.28.47:150][566]LogAISub: UAISubsystem::UAISubsystem AIPerceptionSystem (000002A2B581BC40), frame # 4566
[2020.12.18-10.28.47:150][566]LogPlayLevel: PIE: World Init took: (0.002184s)
[2020.12.18-10.28.47:150][566]LogPlayLevel: PIE: Created PIE world by copying editor world from /Game/Project/Maps/level01.level01 to /Game/Project/Maps/UEDPIE_0_level01.level01 (0.013426s)
[2020.12.18-10.28.47:199][566]LogUObjectHash: Compacting FUObjectHashTables data took   4.99ms
[2020.12.18-10.28.47:201][566]LogAudioMixer: Display: Audio Mixer Platform Settings:
[2020.12.18-10.28.47:201][566]LogAudioMixer: Display: 	Sample Rate:						  48000
[2020.12.18-10.28.47:201][566]LogAudioMixer: Display: 	Callback Buffer Frame Size Requested: 1024
[2020.12.18-10.28.47:201][566]LogAudioMixer: Display: 	Callback Buffer Frame Size To Use:	  1024
[2020.12.18-10.28.47:201][566]LogAudioMixer: Display: 	Number of buffers to queue:			  2
[2020.12.18-10.28.47:201][566]LogAudioMixer: Display: 	Max Channels (voices):				  32
[2020.12.18-10.28.47:201][566]LogAudioMixer: Display: 	Number of Async Source Workers:		  0
[2020.12.18-10.28.47:201][566]LogAudio: Display: AudioDevice MaxSources: 32
[2020.12.18-10.28.47:201][566]LogAudio: Display: Using built-in audio occlusion.
[2020.12.18-10.28.47:202][566]LogAudioMixer: Display: Initializing audio mixer.
[2020.12.18-10.28.47:210][566]LogAudioMixer: Display: 0: FrontLeft
[2020.12.18-10.28.47:210][566]LogAudioMixer: Display: 1: FrontRight
[2020.12.18-10.28.47:258][566]LogAudioMixer: Display: Using Audio Device Speakers (2- Realtek(R) Audio)
[2020.12.18-10.28.47:258][566]LogAudioMixer: Display: Initializing Sound Submixes...
[2020.12.18-10.28.47:258][566]LogAudioMixer: Display: Creating Master Submix 'MasterSubmixDefault'
[2020.12.18-10.28.47:258][566]LogAudioMixer: Display: Creating Master Submix 'MasterReverbSubmixDefault'
[2020.12.18-10.28.47:259][566]LogAudioMixer: Display: Creating Master Submix 'MasterEQSubmixDefault'
[2020.12.18-10.28.47:290][566]LogInit: FAudioDevice initialized.
[2020.12.18-10.28.47:356][566]LogSlate: Updating window title bar state: overlay mode, drag disabled, window buttons hidden, title bar hidden
[2020.12.18-10.28.47:356][566]LogLoad: Game class is 'body_BP_C'
[2020.12.18-10.28.47:364][566]LogWorld: Bringing World /Game/Project/Maps/UEDPIE_0_level01.level01 up for play (max tick rate 60) at 2020.12.18-17.28.47
[2020.12.18-10.28.47:365][566]LogWorld: Bringing up level for play took: 0.006541
[2020.12.18-10.28.47:365][566]LogOnline: OSS: Creating online subsystem instance for: :Context_10
[2020.12.18-10.28.47:369][566]LogGameMode: FindPlayerStart: PATHS NOT DEFINED or NO PLAYERSTART with positive rating
[2020.12.18-10.28.47:382][566]PIE: Server logged in
[2020.12.18-10.28.47:386][566]PIE: Play in editor total start time 0.251 seconds.
[2020.12.18-10.29.12:892][258]LogWindows: Error: === Critical error: ===
[2020.12.18-10.29.12:892][258]LogWindows: Error: 
[2020.12.18-10.29.12:892][258]LogWindows: Error: Fatal error!
[2020.12.18-10.29.12:892][258]LogWindows: Error: 
[2020.12.18-10.29.12:892][258]LogWindows: Error: Unhandled Exception: EXCEPTION_ACCESS_VIOLATION reading address 0x3d4b8060
[2020.12.18-10.29.12:892][258]LogWindows: Error: 
[2020.12.18-10.29.12:892][258]LogWindows: Error: [Callstack] 0x00007ff8b8d26e57 UE4Editor-Core.dll!UnknownFunction []
[2020.12.18-10.29.12:892][258]LogWindows: Error: [Callstack] 0x00007ff8b8d27e03 UE4Editor-Core.dll!UnknownFunction []
[2020.12.18-10.29.12:892][258]LogWindows: Error: [Callstack] 0x00007ff8b8d2a5fc UE4Editor-Core.dll!UnknownFunction []
[2020.12.18-10.29.12:892][258]LogWindows: Error: [Callstack] 0x00007ff8b894a93f UE4Editor-Core.dll!UnknownFunction []
[2020.12.18-10.29.12:892][258]LogWindows: Error: [Callstack] 0x00007ff8b894aa8e UE4Editor-Core.dll!UnknownFunction []
[2020.12.18-10.29.12:892][258]LogWindows: Error: [Callstack] 0x00007ff8ce696768 UE4Editor-CoreUObject.dll!UnknownFunction []
[2020.12.18-10.29.12:892][258]LogWindows: Error: [Callstack] 0x00007ff8ce9d162e UE4Editor-CoreUObject.dll!UnknownFunction []
[2020.12.18-10.29.12:892][258]LogWindows: Error: [Callstack] 0x00007ff8ce9b63e5 UE4Editor-CoreUObject.dll!UnknownFunction []
[2020.12.18-10.29.12:892][258]LogWindows: Error: [Callstack] 0x00007ff8ce9b184a UE4Editor-CoreUObject.dll!UnknownFunction []
[2020.12.18-10.29.12:892][258]LogWindows: Error: [Callstack] 0x00007ff8cea5c0ac UE4Editor-CoreUObject.dll!UnknownFunction []
[2020.12.18-10.29.12:892][258]LogWindows: Error: [Callstack] 0x00007ff8cea32ff3 UE4Editor-CoreUObject.dll!UnknownFunction []
[2020.12.18-10.29.12:892][258]LogWindows: Error: [Callstack] 0x00007ff8cea3574d UE4Editor-CoreUObject.dll!UnknownFunction []
[2020.12.18-10.29.12:893][258]LogWindows: Error: [Callstack] 0x00007ff8cea03bea UE4Editor-CoreUObject.dll!UnknownFunction []
[2020.12.18-10.29.12:893][258]LogWindows: Error: [Callstack] 0x00007ff8cea35392 UE4Editor-CoreUObject.dll!UnknownFunction []
[2020.12.18-10.29.12:893][258]LogWindows: Error: [Callstack] 0x00007ff8cea3574d UE4Editor-CoreUObject.dll!UnknownFunction []
[2020.12.18-10.29.12:893][258]LogWindows: Error: [Callstack] 0x00007ff8cea34c54 UE4Editor-CoreUObject.dll!UnknownFunction []
[2020.12.18-10.29.12:893][258]LogWindows: Error: [Callstack] 0x00007ff8ce7c0ae4 UE4Editor-CoreUObject.dll!UnknownFunction []
[2020.12.18-10.29.12:893][258]LogWindows: Error: [Callstack] 0x00007ff8cea34783 UE4Editor-CoreUObject.dll!UnknownFunction []
[2020.12.18-10.29.12:893][258]LogWindows: Error: [Callstack] 0x00007ff8b5b9a025 UE4Editor-Engine.dll!UnknownFunction []
[2020.12.18-10.29.12:893][258]LogWindows: Error: [Callstack] 0x00007ff8b6d57b24 UE4Editor-Engine.dll!UnknownFunction []
[2020.12.18-10.29.12:893][258]LogWindows: Error: [Callstack] 0x00007ff8b6d83b9e UE4Editor-Engine.dll!UnknownFunction []
[2020.12.18-10.29.12:893][258]LogWindows: Error: [Callstack] 0x00007ff8b688a8c8 UE4Editor-Engine.dll!UnknownFunction []
[2020.12.18-10.29.12:893][258]LogWindows: Error: [Callstack] 0x00007ff8b689e0f4 UE4Editor-Engine.dll!UnknownFunction []
[2020.12.18-10.29.12:893][258]LogWindows: Error: [Callstack] 0x00007ff8b688895b UE4Editor-Engine.dll!UnknownFunction []
[2020.12.18-10.29.12:893][258]LogWindows: Error: [Callstack] 0x00007ff8b689c5c1 UE4Editor-Engine.dll!UnknownFunction []
[2020.12.18-10.29.12:893][258]LogWindows: Error: [Callstack] 0x00007ff8b5b794c4 UE4Editor-Engine.dll!UnknownFunction []
[2020.12.18-10.29.12:893][258]LogWindows: Error: [Callstack] 0x00007ff8b6c37e0f UE4Editor-Engine.dll!UnknownFunction []
[2020.12.18-10.29.12:893][258]LogWindows: Error: [Callstack] 0x00007ff8b6c3ce67 UE4Editor-Engine.dll!UnknownFunction []
[2020.12.18-10.29.12:893][258]LogWindows: Error: [Callstack] 0x00007ff8b88387d8 UE4Editor-Core.dll!UnknownFunction []
[2020.12.18-10.29.12:893][258]LogWindows: Error: [Callstack] 0x00007ff8b8838aa3 UE4Editor-Core.dll!UnknownFunction []
[2020.12.18-10.29.12:893][258]LogWindows: Error: [Callstack] 0x00007ff8b884f027 UE4Editor-Core.dll!UnknownFunction []
[2020.12.18-10.29.12:893][258]LogWindows: Error: [Callstack] 0x00007ff8b6c58e52 UE4Editor-Engine.dll!UnknownFunction []
[2020.12.18-10.29.12:893][258]LogWindows: Error: [Callstack] 0x00007ff8b6c5e11a UE4Editor-Engine.dll!UnknownFunction []
[2020.12.18-10.29.12:893][258]LogWindows: Error: [Callstack] 0x00007ff8b641bfff UE4Editor-Engine.dll!UnknownFunction []
[2020.12.18-10.29.12:893][258]LogWindows: Error: [Callstack] 0x00007ff8b6426897 UE4Editor-Engine.dll!UnknownFunction []
[2020.12.18-10.29.12:893][258]LogWindows: Error: [Callstack] 0x00007ff8b44daf57 UE4Editor-UnrealEd.dll!UnknownFunction []
[2020.12.18-10.29.12:894][258]LogWindows: Error: [Callstack] 0x00007ff8b4db1d06 UE4Editor-UnrealEd.dll!UnknownFunction []
[2020.12.18-10.29.12:894][258]LogWindows: Error: [Callstack] 0x00007ff714c67800 UE4Editor.exe!UnknownFunction []
[2020.12.18-10.29.12:894][258]LogWindows: Error: [Callstack] 0x00007ff714c7ba7c UE4Editor.exe!UnknownFunction []
[2020.12.18-10.29.12:894][258]LogWindows: Error: [Callstack] 0x00007ff714c7bb5a UE4Editor.exe!UnknownFunction []
[2020.12.18-10.29.12:894][258]LogWindows: Error: [Callstack] 0x00007ff714c8e31d UE4Editor.exe!UnknownFunction []
[2020.12.18-10.29.12:894][258]LogWindows: Error: [Callstack] 0x00007ff714c9145a UE4Editor.exe!UnknownFunction []
[2020.12.18-10.29.12:894][258]LogWindows: Error: [Callstack] 0x00007ff9357d7c24 KERNEL32.DLL!UnknownFunction []
[2020.12.18-10.29.12:894][258]LogWindows: Error: [Callstack] 0x00007ff936ded4d1 ntdll.dll!UnknownFunction []
[2020.12.18-10.29.12:894][258]LogWindows: Error: 
[2020.12.18-10.29.12:927][258]LogExit: Executing StaticShutdownAfterError
[2020.12.18-10.29.12:934][258]LogWindows: FPlatformMisc::RequestExit(1)
[2020.12.18-10.29.12:934][258]LogCore: Engine exit requested (reason: Win RequestExit)
[2020.12.18-10.29.12:946][258]Log file closed, 12/18/20 17:29:12
