Log file open, 12/18/20 17:18:16
LogInit: Display: Running engine for game: MyProject
LogPlatformFile: Not using cached read wrapper
LogTaskGraph: Started task graph with 5 named threads and 23 total threads with 3 sets of task threads.
LogStats: Stats thread started at 0.566929
LogD3D11RHI: Loaded GFSDK_Aftermath_Lib.x64.dll
LogICUInternationalization: ICU TimeZone Detection - Raw Offset: +7:00, Platform Override: ''
LogPluginManager: Mounting plugin Paper2D
LogPluginManager: Mounting plugin AISupport
LogPluginManager: Mounting plugin LightPropagationVolume
LogPluginManager: Mounting plugin CameraShakePreviewer
LogPluginManager: Mounting plugin ActorLayerUtilities
LogPluginManager: Mounting plugin AnimationSharing
LogPluginManager: Mounting plugin CLionSourceCodeAccess
LogPluginManager: Mounting plugin CodeLiteSourceCodeAccess
LogPluginManager: Mounting plugin GitSourceControl
LogPluginManager: Mounting plugin KDevelopSourceCodeAccess
LogPluginManager: Mounting plugin NullSourceCodeAccess
LogPluginManager: Mounting plugin PerforceSourceControl
LogPluginManager: Mounting plugin PlasticSourceControl
LogPluginManager: Mounting plugin RiderSourceCodeAccess
LogPluginManager: Mounting plugin SubversionSourceControl
LogPluginManager: Mounting plugin UObjectPlugin
LogPluginManager: Mounting plugin VisualStudioCodeSourceCodeAccess
LogPluginManager: Mounting plugin VisualStudioSourceCodeAccess
LogPluginManager: Mounting plugin XCodeSourceCodeAccess
LogPluginManager: Mounting plugin AssetManagerEditor
LogPluginManager: Mounting plugin CryptoKeys
LogPluginManager: Mounting plugin CurveEditorTools
LogPluginManager: Mounting plugin DataValidation
LogPluginManager: Mounting plugin EditorScriptingUtilities
LogPluginManager: Mounting plugin FacialAnimation
LogPluginManager: Mounting plugin GameplayTagsEditor
LogPluginManager: Mounting plugin GeometryMode
LogPluginManager: Mounting plugin MacGraphicsSwitching
LogPluginManager: Mounting plugin MaterialAnalyzer
LogPluginManager: Mounting plugin MobileLauncherProfileWizard
LogPluginManager: Mounting plugin PluginBrowser
LogPluginManager: Mounting plugin SpeedTreeImporter
LogPluginManager: Mounting plugin DatasmithContent
LogPluginManager: Mounting plugin VariantManagerContent
LogPluginManager: Mounting plugin AlembicImporter
LogPluginManager: Mounting plugin AutomationUtils
LogPluginManager: Mounting plugin BackChannel
LogPluginManager: Mounting plugin ChaosCloth
LogPluginManager: Mounting plugin ChaosClothEditor
LogPluginManager: Mounting plugin ChaosEditor
LogPluginManager: Mounting plugin ChaosNiagara
LogPluginManager: Mounting plugin ChaosSolverPlugin
LogPluginManager: Mounting plugin CharacterAI
LogPluginManager: Mounting plugin GeometryCache
LogPluginManager: Mounting plugin GeometryCollectionPlugin
LogPluginManager: Mounting plugin GeometryProcessing
LogPluginManager: Mounting plugin PlanarCut
LogPluginManager: Mounting plugin PlatformCrypto
LogPluginManager: Mounting plugin ProxyLODPlugin
LogPluginManager: Mounting plugin SkeletalReduction
LogPluginManager: Mounting plugin Niagara
LogPluginManager: Mounting plugin MagicLeap
LogPluginManager: Mounting plugin MagicLeapLightEstimation
LogPluginManager: Mounting plugin MagicLeapMedia
LogPluginManager: Mounting plugin MagicLeapPassableWorld
LogPluginManager: Mounting plugin MLSDK
LogPluginManager: Mounting plugin AndroidMedia
LogPluginManager: Mounting plugin AvfMedia
LogPluginManager: Mounting plugin ImgMedia
LogPluginManager: Mounting plugin MediaCompositing
LogPluginManager: Mounting plugin MediaPlayerEditor
LogPluginManager: Mounting plugin WebMMedia
LogPluginManager: Mounting plugin WmfMedia
LogPluginManager: Mounting plugin MeshPainting
LogPluginManager: Mounting plugin TcpMessaging
LogPluginManager: Mounting plugin UdpMessaging
LogPluginManager: Mounting plugin ActorSequence
LogPluginManager: Mounting plugin LevelSequenceEditor
LogPluginManager: Mounting plugin MatineeToLevelSequence
LogPluginManager: Mounting plugin MovieRenderPipeline
LogPluginManager: Mounting plugin TemplateSequence
LogPluginManager: Mounting plugin NetcodeUnitTest
LogPluginManager: Mounting plugin NUTUnrealEngine4
LogPluginManager: Mounting plugin OnlineSubsystemGooglePlay
LogPluginManager: Mounting plugin OnlineSubsystemIOS
LogPluginManager: Mounting plugin OnlineSubsystem
LogPluginManager: Mounting plugin OnlineSubsystemNull
LogPluginManager: Mounting plugin OnlineSubsystemUtils
LogPluginManager: Mounting plugin LauncherChunkInstaller
LogPluginManager: Mounting plugin AndroidDeviceProfileSelector
LogPluginManager: Mounting plugin AndroidMoviePlayer
LogPluginManager: Mounting plugin AndroidPermission
LogPluginManager: Mounting plugin AppleImageUtils
LogPluginManager: Mounting plugin AppleMoviePlayer
LogPluginManager: Mounting plugin ArchVisCharacter
LogPluginManager: Mounting plugin AssetTags
LogPluginManager: Mounting plugin AudioCapture
LogPluginManager: Mounting plugin CableComponent
LogPluginManager: Mounting plugin CustomMeshComponent
LogPluginManager: Mounting plugin EditableMesh
LogPluginManager: Mounting plugin ExampleDeviceProfileSelector
LogPluginManager: Mounting plugin GoogleCloudMessaging
LogPluginManager: Mounting plugin GooglePAD
LogPluginManager: Mounting plugin IOSDeviceProfileSelector
LogPluginManager: Mounting plugin LinuxDeviceProfileSelector
LogPluginManager: Mounting plugin LocationServicesBPLibrary
LogPluginManager: Mounting plugin MobilePatchingUtils
LogPluginManager: Mounting plugin OculusVR
LogPluginManager: Mounting plugin PhysXVehicles
LogPluginManager: Mounting plugin PostSplashScreen
LogPluginManager: Mounting plugin ProceduralMeshComponent
LogPluginManager: Mounting plugin RuntimePhysXCooking
LogPluginManager: Mounting plugin SignificanceManager
LogPluginManager: Mounting plugin SoundFields
LogPluginManager: Mounting plugin SteamVR
LogPluginManager: Mounting plugin Synthesis
LogPluginManager: Mounting plugin WebMMoviePlayer
LogPluginManager: Mounting plugin WindowsMoviePlayer
LogPluginManager: Mounting plugin ScreenshotTools
LogInit: Using libcurl 7.55.1-DEV
LogInit:  - built for x86_64-pc-win32
LogInit:  - supports SSL with OpenSSL/1.1.1
LogInit:  - supports HTTP deflate (compression) using libz 1.2.8
LogInit:  - other features:
LogInit:      CURL_VERSION_SSL
LogInit:      CURL_VERSION_LIBZ
LogInit:      CURL_VERSION_IPV6
LogInit:      CURL_VERSION_ASYNCHDNS
LogInit:      CURL_VERSION_LARGEFILE
LogInit:      CURL_VERSION_IDN
LogInit:  CurlRequestOptions (configurable via config and command line):
LogInit:  - bVerifyPeer = true  - Libcurl will verify peer certificate
LogInit:  - bUseHttpProxy = false  - Libcurl will NOT use HTTP proxy
LogInit:  - bDontReuseConnections = false  - Libcurl will reuse connections
LogInit:  - MaxHostConnections = 16  - Libcurl will limit the number of connections to a host
LogInit:  - LocalHostAddr = Default
LogInit:  - BufferSize = 65536
LogOnline: OSS: Creating online subsystem instance for: NULL
LogInit: WinSock: version 1.1 (2.2), MaxSocks=32767, MaxUdp=65467
LogOnline: OSS: TryLoadSubsystemAndSetDefault: Loaded subsystem for module [NULL]
LogInit: Build: ++UE4+Release-4.25-CL-13942748
LogInit: Engine Version: 4.25.3-13942748+++UE4+Release-4.25
LogInit: Compatible Engine Version: 4.25.0-13144385+++UE4+Release-4.25
LogInit: Net CL: 13144385
LogInit: OS: Windows 10 (Release 1909) (), CPU: Intel(R) Core(TM) i5-8250U CPU @ 1.60GHz, GPU: Intel(R) UHD Graphics 620
LogInit: Compiled (64-bit): Jul 25 2020 02:07:48
LogInit: Compiled with Visual C++: 19.24.28315.00
LogInit: Build Configuration: Development
LogInit: Branch Name: ++UE4+Release-4.25
LogInit: Command Line: 
LogInit: Base Directory: C:/Program Files/Epic Games/UE_4.25/Engine/Binaries/Win64/
LogInit: Allocator: TBB
LogInit: Installed Engine Build: 1
LogDevObjectVersion: Number of dev versions registered: 26
LogDevObjectVersion:   Dev-Blueprints (B0D832E4-1F89-4F0D-ACCF-7EB736FD4AA2): 10
LogDevObjectVersion:   Dev-Build (E1C64328-A22C-4D53-A36C-8E866417BD8C): 0
LogDevObjectVersion:   Dev-Core (375EC13C-06E4-48FB-B500-84F0262A717E): 4
LogDevObjectVersion:   Dev-Editor (E4B068ED-F494-42E9-A231-DA0B2E46BB41): 38
LogDevObjectVersion:   Dev-Framework (CFFC743F-43B0-4480-9391-14DF171D2073): 37
LogDevObjectVersion:   Dev-Mobile (B02B49B5-BB20-44E9-A304-32B752E40360): 2
LogDevObjectVersion:   Dev-Networking (A4E4105C-59A1-49B5-A7C5-40C4547EDFEE): 0
LogDevObjectVersion:   Dev-Online (39C831C9-5AE6-47DC-9A44-9C173E1C8E7C): 0
LogDevObjectVersion:   Dev-Physics (78F01B33-EBEA-4F98-B9B4-84EACCB95AA2): 4
LogDevObjectVersion:   Dev-Platform (6631380F-2D4D-43E0-8009-CF276956A95A): 0
LogDevObjectVersion:   Dev-Rendering (12F88B9F-8875-4AFC-A67C-D90C383ABD29): 43
LogDevObjectVersion:   Dev-Sequencer (7B5AE74C-D270-4C10-A958-57980B212A5A): 12
LogDevObjectVersion:   Dev-VR (D7296918-1DD6-4BDD-9DE2-64A83CC13884): 3
LogDevObjectVersion:   Dev-LoadTimes (C2A15278-BFE7-4AFE-6C17-90FF531DF755): 1
LogDevObjectVersion:   Private-Geometry (6EACA3D4-40EC-4CC1-B786-8BED09428FC5): 3
LogDevObjectVersion:   Dev-AnimPhys (29E575DD-E0A3-4627-9D10-D276232CDCEA): 17
LogDevObjectVersion:   Dev-Anim (AF43A65D-7FD3-4947-9873-3E8ED9C1BB05): 7
LogDevObjectVersion:   Dev-ReflectionCapture (6B266CEC-1EC7-4B8F-A30B-E4D90942FC07): 1
LogDevObjectVersion:   Dev-Automation (0DF73D61-A23F-47EA-B727-89E90C41499A): 1
LogDevObjectVersion:   FortniteMain (601D1886-AC64-4F84-AA16-D3DE0DEAC7D6): 31
LogDevObjectVersion:   Dev-Enterprise (9DFFBCD6-494F-0158-E221-12823C92A888): 10
LogDevObjectVersion:   Dev-Niagara (F2AED0AC-9AFE-416F-8664-AA7FFA26D6FC): 1
LogDevObjectVersion:   Dev-Destruction (174F1F0B-B4C6-45A5-B13F-2EE8D0FB917D): 10
LogDevObjectVersion:   Dev-Physics-Ext (35F94A83-E258-406C-A318-09F59610247C): 37
LogDevObjectVersion:   Dev-PhysicsMaterial-Chaos (B68FC16E-8B1B-42E2-B453-215C058844FE): 1
LogDevObjectVersion:   Dev-CineCamera (B2E18506-4273-CFC2-A54E-F4BB758BBA07): 1
LogInit: Presizing for max 25165824 objects, including 0 objects not considered by GC, pre-allocating 0 bytes for permanent pool.
LogConfig: Applying CVar settings from Section [/Script/Engine.StreamingSettings] File [B:/git/ThePuppet/Saved/Config/Windows/Engine.ini]
LogConfig: Setting CVar [[s.MinBulkDataSizeForAsyncLoading:131072]]
LogConfig: Setting CVar [[s.AsyncLoadingThreadEnabled:0]]
LogConfig: Setting CVar [[s.EventDrivenLoaderEnabled:1]]
LogConfig: Setting CVar [[s.WarnIfTimeLimitExceeded:0]]
LogConfig: Setting CVar [[s.TimeLimitExceededMultiplier:1.5]]
LogConfig: Setting CVar [[s.TimeLimitExceededMinTime:0.005]]
LogConfig: Setting CVar [[s.UseBackgroundLevelStreaming:1]]
LogConfig: Setting CVar [[s.PriorityAsyncLoadingExtraTime:15.0]]
LogConfig: Setting CVar [[s.LevelStreamingActorsUpdateTimeLimit:5.0]]
LogConfig: Setting CVar [[s.PriorityLevelStreamingActorsUpdateExtraTime:5.0]]
LogConfig: Setting CVar [[s.LevelStreamingComponentsRegistrationGranularity:10]]
LogConfig: Setting CVar [[s.UnregisterComponentsTimeLimit:1.0]]
LogConfig: Setting CVar [[s.LevelStreamingComponentsUnregistrationGranularity:5]]
LogConfig: Setting CVar [[s.FlushStreamingOnExit:1]]
LogInit: Object subsystem initialized
LogConfig: Setting CVar [[con.DebugEarlyDefault:1]]
LogConfig: Setting CVar [[r.setres:1280x720]]
[2020.12.18-10.18.17:761][  0]LogConfig: Setting CVar [[r.VSync:0]]
[2020.12.18-10.18.17:761][  0]LogConfig: Setting CVar [[r.RHICmdBypass:0]]
[2020.12.18-10.18.17:762][  0]LogConfig: Applying CVar settings from Section [/Script/Engine.RendererSettings] File [B:/git/ThePuppet/Saved/Config/Windows/Engine.ini]
[2020.12.18-10.18.17:762][  0]LogConfig: Setting CVar [[r.GPUCrashDebugging:0]]
[2020.12.18-10.18.17:762][  0]LogConfig: Applying CVar settings from Section [/Script/Engine.RendererOverrideSettings] File [B:/git/ThePuppet/Saved/Config/Windows/Engine.ini]
[2020.12.18-10.18.17:762][  0]LogConfig: Applying CVar settings from Section [/Script/Engine.StreamingSettings] File [B:/git/ThePuppet/Saved/Config/Windows/Engine.ini]
[2020.12.18-10.18.17:762][  0]LogConfig: Setting CVar [[s.MinBulkDataSizeForAsyncLoading:131072]]
[2020.12.18-10.18.17:762][  0]LogConfig: Setting CVar [[s.AsyncLoadingThreadEnabled:0]]
[2020.12.18-10.18.17:762][  0]LogConfig: Setting CVar [[s.EventDrivenLoaderEnabled:1]]
[2020.12.18-10.18.17:762][  0]LogConfig: Setting CVar [[s.WarnIfTimeLimitExceeded:0]]
[2020.12.18-10.18.17:762][  0]LogConfig: Setting CVar [[s.TimeLimitExceededMultiplier:1.5]]
[2020.12.18-10.18.17:762][  0]LogConfig: Setting CVar [[s.TimeLimitExceededMinTime:0.005]]
[2020.12.18-10.18.17:762][  0]LogConfig: Setting CVar [[s.UseBackgroundLevelStreaming:1]]
[2020.12.18-10.18.17:762][  0]LogConfig: Setting CVar [[s.PriorityAsyncLoadingExtraTime:15.0]]
[2020.12.18-10.18.17:762][  0]LogConfig: Setting CVar [[s.LevelStreamingActorsUpdateTimeLimit:5.0]]
[2020.12.18-10.18.17:762][  0]LogConfig: Setting CVar [[s.PriorityLevelStreamingActorsUpdateExtraTime:5.0]]
[2020.12.18-10.18.17:762][  0]LogConfig: Setting CVar [[s.LevelStreamingComponentsRegistrationGranularity:10]]
[2020.12.18-10.18.17:762][  0]LogConfig: Setting CVar [[s.UnregisterComponentsTimeLimit:1.0]]
[2020.12.18-10.18.17:762][  0]LogConfig: Setting CVar [[s.LevelStreamingComponentsUnregistrationGranularity:5]]
[2020.12.18-10.18.17:762][  0]LogConfig: Setting CVar [[s.FlushStreamingOnExit:1]]
[2020.12.18-10.18.17:762][  0]LogConfig: Applying CVar settings from Section [/Script/Engine.GarbageCollectionSettings] File [B:/git/ThePuppet/Saved/Config/Windows/Engine.ini]
[2020.12.18-10.18.17:762][  0]LogConfig: Setting CVar [[gc.MaxObjectsNotConsideredByGC:1]]
[2020.12.18-10.18.17:762][  0]LogConfig: Setting CVar [[gc.SizeOfPermanentObjectPool:0]]
[2020.12.18-10.18.17:762][  0]LogConfig: Setting CVar [[gc.FlushStreamingOnGC:0]]
[2020.12.18-10.18.17:762][  0]LogConfig: Setting CVar [[gc.NumRetriesBeforeForcingGC:10]]
[2020.12.18-10.18.17:762][  0]LogConfig: Setting CVar [[gc.AllowParallelGC:1]]
[2020.12.18-10.18.17:763][  0]LogConfig: Setting CVar [[gc.TimeBetweenPurgingPendingKillObjects:61.1]]
[2020.12.18-10.18.17:763][  0]LogConfig: Setting CVar [[gc.MaxObjectsInEditor:25165824]]
[2020.12.18-10.18.17:763][  0]LogConfig: Setting CVar [[gc.IncrementalBeginDestroyEnabled:1]]
[2020.12.18-10.18.17:763][  0]LogConfig: Setting CVar [[gc.CreateGCClusters:1]]
[2020.12.18-10.18.17:763][  0]LogConfig: Setting CVar [[gc.MinGCClusterSize:5]]
[2020.12.18-10.18.17:763][  0]LogConfig: Setting CVar [[gc.ActorClusteringEnabled:0]]
[2020.12.18-10.18.17:763][  0]LogConfig: Setting CVar [[gc.BlueprintClusteringEnabled:0]]
[2020.12.18-10.18.17:763][  0]LogConfig: Setting CVar [[gc.UseDisregardForGCOnDedicatedServers:0]]
[2020.12.18-10.18.17:763][  0]LogConfig: Applying CVar settings from Section [/Script/Engine.NetworkSettings] File [B:/git/ThePuppet/Saved/Config/Windows/Engine.ini]
[2020.12.18-10.18.17:763][  0]LogConfig: Applying CVar settings from Section [/Script/UnrealEd.CookerSettings] File [B:/git/ThePuppet/Saved/Config/Windows/Engine.ini]
[2020.12.18-10.18.17:772][  0]LogConfig: Applying CVar settings from Section [ViewDistanceQuality@3] File [B:/git/ThePuppet/Saved/Config/Windows/Scalability.ini]
[2020.12.18-10.18.17:772][  0]LogConfig: Setting CVar [[r.SkeletalMeshLODBias:0]]
[2020.12.18-10.18.17:772][  0]LogConfig: Setting CVar [[r.ViewDistanceScale:1.0]]
[2020.12.18-10.18.17:772][  0]LogConfig: Applying CVar settings from Section [AntiAliasingQuality@3] File [B:/git/ThePuppet/Saved/Config/Windows/Scalability.ini]
[2020.12.18-10.18.17:772][  0]LogConfig: Setting CVar [[r.PostProcessAAQuality:4]]
[2020.12.18-10.18.17:772][  0]LogConfig: Applying CVar settings from Section [ShadowQuality@3] File [B:/git/ThePuppet/Saved/Config/Windows/Scalability.ini]
[2020.12.18-10.18.17:772][  0]LogConfig: Setting CVar [[r.LightFunctionQuality:1]]
[2020.12.18-10.18.17:772][  0]LogConfig: Setting CVar [[r.ShadowQuality:5]]
[2020.12.18-10.18.17:772][  0]LogConfig: Setting CVar [[r.Shadow.CSM.MaxCascades:10]]
[2020.12.18-10.18.17:772][  0]LogConfig: Setting CVar [[r.Shadow.MaxResolution:2048]]
[2020.12.18-10.18.17:773][  0]LogConfig: Setting CVar [[r.Shadow.MaxCSMResolution:2048]]
[2020.12.18-10.18.17:773][  0]LogConfig: Setting CVar [[r.Shadow.RadiusThreshold:0.01]]
[2020.12.18-10.18.17:773][  0]LogConfig: Setting CVar [[r.Shadow.DistanceScale:1.0]]
[2020.12.18-10.18.17:773][  0]LogConfig: Setting CVar [[r.Shadow.CSM.TransitionScale:1.0]]
[2020.12.18-10.18.17:773][  0]LogConfig: Setting CVar [[r.Shadow.PreShadowResolutionFactor:1.0]]
[2020.12.18-10.18.17:773][  0]LogConfig: Setting CVar [[r.DistanceFieldShadowing:1]]
[2020.12.18-10.18.17:773][  0]LogConfig: Setting CVar [[r.DistanceFieldAO:1]]
[2020.12.18-10.18.17:773][  0]LogConfig: Setting CVar [[r.AOQuality:2]]
[2020.12.18-10.18.17:773][  0]LogConfig: Setting CVar [[r.VolumetricFog:1]]
[2020.12.18-10.18.17:773][  0]LogConfig: Setting CVar [[r.VolumetricFog.GridPixelSize:8]]
[2020.12.18-10.18.17:773][  0]LogConfig: Setting CVar [[r.VolumetricFog.GridSizeZ:128]]
[2020.12.18-10.18.17:773][  0]LogConfig: Setting CVar [[r.VolumetricFog.HistoryMissSupersampleCount:4]]
[2020.12.18-10.18.17:773][  0]LogConfig: Setting CVar [[r.LightMaxDrawDistanceScale:1]]
[2020.12.18-10.18.17:773][  0]LogConfig: Setting CVar [[r.CapsuleShadows:1]]
[2020.12.18-10.18.17:773][  0]LogConfig: Applying CVar settings from Section [PostProcessQuality@3] File [B:/git/ThePuppet/Saved/Config/Windows/Scalability.ini]
[2020.12.18-10.18.17:773][  0]LogConfig: Setting CVar [[r.MotionBlurQuality:4]]
[2020.12.18-10.18.17:773][  0]LogConfig: Setting CVar [[r.AmbientOcclusionMipLevelFactor:0.4]]
[2020.12.18-10.18.17:773][  0]LogConfig: Setting CVar [[r.AmbientOcclusionMaxQuality:100]]
[2020.12.18-10.18.17:773][  0]LogConfig: Setting CVar [[r.AmbientOcclusionLevels:-1]]
[2020.12.18-10.18.17:773][  0]LogConfig: Setting CVar [[r.AmbientOcclusionRadiusScale:1.0]]
[2020.12.18-10.18.17:773][  0]LogConfig: Setting CVar [[r.DepthOfFieldQuality:2]]
[2020.12.18-10.18.17:773][  0]LogConfig: Setting CVar [[r.RenderTargetPoolMin:400]]
[2020.12.18-10.18.17:773][  0]LogConfig: Setting CVar [[r.LensFlareQuality:2]]
[2020.12.18-10.18.17:773][  0]LogConfig: Setting CVar [[r.SceneColorFringeQuality:1]]
[2020.12.18-10.18.17:773][  0]LogConfig: Setting CVar [[r.EyeAdaptationQuality:2]]
[2020.12.18-10.18.17:773][  0]LogConfig: Setting CVar [[r.BloomQuality:5]]
[2020.12.18-10.18.17:773][  0]LogConfig: Setting CVar [[r.FastBlurThreshold:100]]
[2020.12.18-10.18.17:773][  0]LogConfig: Setting CVar [[r.Upscale.Quality:3]]
[2020.12.18-10.18.17:773][  0]LogConfig: Setting CVar [[r.Tonemapper.GrainQuantization:1]]
[2020.12.18-10.18.17:773][  0]LogConfig: Setting CVar [[r.LightShaftQuality:1]]
[2020.12.18-10.18.17:773][  0]LogConfig: Setting CVar [[r.Filter.SizeScale:1]]
[2020.12.18-10.18.17:773][  0]LogConfig: Setting CVar [[r.Tonemapper.Quality:5]]
[2020.12.18-10.18.17:773][  0]LogConfig: Setting CVar [[r.DOF.Gather.AccumulatorQuality:1        ; higher gathering accumulator quality]]
[2020.12.18-10.18.17:773][  0]LogConfig: Setting CVar [[r.DOF.Gather.PostfilterMethod:1          ; Median3x3 postfilering method]]
[2020.12.18-10.18.17:774][  0]LogConfig: Setting CVar [[r.DOF.Gather.EnableBokehSettings:0       ; no bokeh simulation when gathering]]
[2020.12.18-10.18.17:774][  0]LogConfig: Setting CVar [[r.DOF.Gather.RingCount:4                 ; medium number of samples when gathering]]
[2020.12.18-10.18.17:774][  0]LogConfig: Setting CVar [[r.DOF.Scatter.ForegroundCompositing:1    ; additive foreground scattering]]
[2020.12.18-10.18.17:774][  0]LogConfig: Setting CVar [[r.DOF.Scatter.BackgroundCompositing:2    ; additive background scattering]]
[2020.12.18-10.18.17:774][  0]LogConfig: Setting CVar [[r.DOF.Scatter.EnableBokehSettings:1      ; bokeh simulation when scattering]]
[2020.12.18-10.18.17:774][  0]LogConfig: Setting CVar [[r.DOF.Scatter.MaxSpriteRatio:0.1         ; only a maximum of 10% of scattered bokeh]]
[2020.12.18-10.18.17:774][  0]LogConfig: Setting CVar [[r.DOF.Recombine.Quality:1                ; cheap slight out of focus]]
[2020.12.18-10.18.17:774][  0]LogConfig: Setting CVar [[r.DOF.Recombine.EnableBokehSettings:0    ; no bokeh simulation on slight out of focus]]
[2020.12.18-10.18.17:774][  0]LogConfig: Setting CVar [[r.DOF.TemporalAAQuality:1                ; more stable temporal accumulation]]
[2020.12.18-10.18.17:774][  0]LogConfig: Setting CVar [[r.DOF.Kernel.MaxForegroundRadius:0.025]]
[2020.12.18-10.18.17:774][  0]LogConfig: Setting CVar [[r.DOF.Kernel.MaxBackgroundRadius:0.025]]
[2020.12.18-10.18.17:774][  0]LogConfig: Applying CVar settings from Section [TextureQuality@3] File [B:/git/ThePuppet/Saved/Config/Windows/Scalability.ini]
[2020.12.18-10.18.17:774][  0]LogConfig: Setting CVar [[r.Streaming.MipBias:0]]
[2020.12.18-10.18.17:774][  0]LogConfig: Setting CVar [[r.Streaming.AmortizeCPUToGPUCopy:0]]
[2020.12.18-10.18.17:774][  0]LogConfig: Setting CVar [[r.Streaming.MaxNumTexturesToStreamPerFrame:0]]
[2020.12.18-10.18.17:774][  0]LogConfig: Setting CVar [[r.Streaming.Boost:1]]
[2020.12.18-10.18.17:774][  0]LogConfig: Setting CVar [[r.MaxAnisotropy:8]]
[2020.12.18-10.18.17:774][  0]LogConfig: Setting CVar [[r.VT.MaxAnisotropy:8]]
[2020.12.18-10.18.17:774][  0]LogConfig: Setting CVar [[r.Streaming.LimitPoolSizeToVRAM:0]]
[2020.12.18-10.18.17:774][  0]LogConfig: Setting CVar [[r.Streaming.PoolSize:1000]]
[2020.12.18-10.18.17:774][  0]LogConfig: Setting CVar [[r.Streaming.MaxEffectiveScreenSize:0]]
[2020.12.18-10.18.17:774][  0]LogConfig: Applying CVar settings from Section [EffectsQuality@3] File [B:/git/ThePuppet/Saved/Config/Windows/Scalability.ini]
[2020.12.18-10.18.17:774][  0]LogConfig: Setting CVar [[r.TranslucencyLightingVolumeDim:64]]
[2020.12.18-10.18.17:774][  0]LogConfig: Setting CVar [[r.RefractionQuality:2]]
[2020.12.18-10.18.17:774][  0]LogConfig: Setting CVar [[r.SSR.Quality:3]]
[2020.12.18-10.18.17:774][  0]LogConfig: Setting CVar [[r.SSR.HalfResSceneColor:0]]
[2020.12.18-10.18.17:774][  0]LogConfig: Setting CVar [[r.SceneColorFormat:4]]
[2020.12.18-10.18.17:774][  0]LogConfig: Setting CVar [[r.DetailMode:2]]
[2020.12.18-10.18.17:774][  0]LogConfig: Setting CVar [[r.TranslucencyVolumeBlur:1]]
[2020.12.18-10.18.17:774][  0]LogConfig: Setting CVar [[r.MaterialQualityLevel:1 ; High quality]]
[2020.12.18-10.18.17:774][  0]LogConfig: Setting CVar [[r.SSS.Scale:1]]
[2020.12.18-10.18.17:774][  0]LogConfig: Setting CVar [[r.SSS.SampleSet:2]]
[2020.12.18-10.18.17:774][  0]LogConfig: Setting CVar [[r.SSS.Quality:1]]
[2020.12.18-10.18.17:774][  0]LogConfig: Setting CVar [[r.SSS.HalfRes:0]]
[2020.12.18-10.18.17:775][  0]LogConfig: Setting CVar [[r.SSGI.Quality:3]]
[2020.12.18-10.18.17:775][  0]LogConfig: Setting CVar [[r.EmitterSpawnRateScale:1.0]]
[2020.12.18-10.18.17:775][  0]LogConfig: Setting CVar [[r.ParticleLightQuality:2]]
[2020.12.18-10.18.17:775][  0]LogConfig: Setting CVar [[r.SkyAtmosphere.AerialPerspectiveLUT.FastApplyOnOpaque:1 ; Always have FastSkyLUT 1 in this case to avoid wrong sky]]
[2020.12.18-10.18.17:775][  0]LogConfig: Setting CVar [[r.SkyAtmosphere.AerialPerspectiveLUT.SampleCountPerSlice:1]]
[2020.12.18-10.18.17:775][  0]LogConfig: Setting CVar [[r.SkyAtmosphere.AerialPerspectiveLUT.DepthResolution:16.0]]
[2020.12.18-10.18.17:775][  0]LogConfig: Setting CVar [[r.SkyAtmosphere.FastSkyLUT:1]]
[2020.12.18-10.18.17:775][  0]LogConfig: Setting CVar [[r.SkyAtmosphere.FastSkyLUT.SampleCountMin:4.0]]
[2020.12.18-10.18.17:775][  0]LogConfig: Setting CVar [[r.SkyAtmosphere.FastSkyLUT.SampleCountMax:32.0]]
[2020.12.18-10.18.17:775][  0]LogConfig: Setting CVar [[r.SkyAtmosphere.SampleCountMin:4.0]]
[2020.12.18-10.18.17:775][  0]LogConfig: Setting CVar [[r.SkyAtmosphere.SampleCountMax:32.0]]
[2020.12.18-10.18.17:775][  0]LogConfig: Setting CVar [[r.SkyAtmosphere.TransmittanceLUT.UseSmallFormat:0]]
[2020.12.18-10.18.17:775][  0]LogConfig: Setting CVar [[r.SkyAtmosphere.TransmittanceLUT.SampleCount:10.0]]
[2020.12.18-10.18.17:775][  0]LogConfig: Setting CVar [[r.SkyAtmosphere.MultiScatteringLUT.SampleCount:15.0]]
[2020.12.18-10.18.17:775][  0]LogConfig: Applying CVar settings from Section [FoliageQuality@3] File [B:/git/ThePuppet/Saved/Config/Windows/Scalability.ini]
[2020.12.18-10.18.17:775][  0]LogConfig: Setting CVar [[foliage.DensityScale:1.0]]
[2020.12.18-10.18.17:775][  0]LogConfig: Setting CVar [[grass.DensityScale:1.0]]
[2020.12.18-10.18.17:775][  0]LogConfig: Applying CVar settings from Section [ShadingQuality@3] File [B:/git/ThePuppet/Saved/Config/Windows/Scalability.ini]
[2020.12.18-10.18.17:775][  0]LogConfig: Setting CVar [[r.HairStrands.SkyLighting.SampleCount:16]]
[2020.12.18-10.18.17:775][  0]LogConfig: Setting CVar [[r.HairStrands.SkyLighting.JitterIntegration:0]]
[2020.12.18-10.18.17:775][  0]LogConfig: Setting CVar [[r.HairStrands.SkyAO.SampleCount:16]]
[2020.12.18-10.18.17:775][  0]LogConfig: Setting CVar [[r.HairStrands.DeepShadow.SuperSampling:0]]
[2020.12.18-10.18.17:775][  0]LogConfig: Setting CVar [[r.HairStrands.VisibilityPPLL:0]]
[2020.12.18-10.18.17:775][  0]LogConfig: Setting CVar [[r.HairStrands.RasterizationScale:0.5]]
[2020.12.18-10.18.17:775][  0]LogConfig: Setting CVar [[r.HairStrands.VelocityRasterizationScale:1]]
[2020.12.18-10.18.17:775][  0]LogInit: Selected Device Profile: [Windows]
[2020.12.18-10.18.17:775][  0]LogInit: Applying CVar settings loaded from the selected device profile: [Windows]
[2020.12.18-10.18.17:776][  0]LogHAL: Display: Platform has ~ 8 GB [8458571776 / 8589934592 / 8], which maps to Default [LargestMinGB=32, LargerMinGB=12, DefaultMinGB=8, SmallerMinGB=6, SmallestMinGB=0)
[2020.12.18-10.18.17:776][  0]LogInit: Going up to parent DeviceProfile []
[2020.12.18-10.18.17:776][  0]LogConfig: Applying CVar settings from Section [ViewDistanceQuality@3] File [B:/git/ThePuppet/Saved/Config/Windows/Scalability.ini]
[2020.12.18-10.18.17:776][  0]LogConfig: Setting CVar [[r.SkeletalMeshLODBias:0]]
[2020.12.18-10.18.17:776][  0]LogConfig: Setting CVar [[r.ViewDistanceScale:1.0]]
[2020.12.18-10.18.17:776][  0]LogConfig: Applying CVar settings from Section [AntiAliasingQuality@3] File [B:/git/ThePuppet/Saved/Config/Windows/Scalability.ini]
[2020.12.18-10.18.17:776][  0]LogConfig: Setting CVar [[r.PostProcessAAQuality:4]]
[2020.12.18-10.18.17:776][  0]LogConfig: Applying CVar settings from Section [ShadowQuality@3] File [B:/git/ThePuppet/Saved/Config/Windows/Scalability.ini]
[2020.12.18-10.18.17:776][  0]LogConfig: Setting CVar [[r.LightFunctionQuality:1]]
[2020.12.18-10.18.17:777][  0]LogConfig: Setting CVar [[r.ShadowQuality:5]]
[2020.12.18-10.18.17:777][  0]LogConfig: Setting CVar [[r.Shadow.CSM.MaxCascades:10]]
[2020.12.18-10.18.17:777][  0]LogConfig: Setting CVar [[r.Shadow.MaxResolution:2048]]
[2020.12.18-10.18.17:777][  0]LogConfig: Setting CVar [[r.Shadow.MaxCSMResolution:2048]]
[2020.12.18-10.18.17:777][  0]LogConfig: Setting CVar [[r.Shadow.RadiusThreshold:0.01]]
[2020.12.18-10.18.17:777][  0]LogConfig: Setting CVar [[r.Shadow.DistanceScale:1.0]]
[2020.12.18-10.18.17:777][  0]LogConfig: Setting CVar [[r.Shadow.CSM.TransitionScale:1.0]]
[2020.12.18-10.18.17:777][  0]LogConfig: Setting CVar [[r.Shadow.PreShadowResolutionFactor:1.0]]
[2020.12.18-10.18.17:777][  0]LogConfig: Setting CVar [[r.DistanceFieldShadowing:1]]
[2020.12.18-10.18.17:777][  0]LogConfig: Setting CVar [[r.DistanceFieldAO:1]]
[2020.12.18-10.18.17:777][  0]LogConfig: Setting CVar [[r.AOQuality:2]]
[2020.12.18-10.18.17:777][  0]LogConfig: Setting CVar [[r.VolumetricFog:1]]
[2020.12.18-10.18.17:777][  0]LogConfig: Setting CVar [[r.VolumetricFog.GridPixelSize:8]]
[2020.12.18-10.18.17:777][  0]LogConfig: Setting CVar [[r.VolumetricFog.GridSizeZ:128]]
[2020.12.18-10.18.17:777][  0]LogConfig: Setting CVar [[r.VolumetricFog.HistoryMissSupersampleCount:4]]
[2020.12.18-10.18.17:777][  0]LogConfig: Setting CVar [[r.LightMaxDrawDistanceScale:1]]
[2020.12.18-10.18.17:777][  0]LogConfig: Setting CVar [[r.CapsuleShadows:1]]
[2020.12.18-10.18.17:777][  0]LogConfig: Applying CVar settings from Section [PostProcessQuality@3] File [B:/git/ThePuppet/Saved/Config/Windows/Scalability.ini]
[2020.12.18-10.18.17:777][  0]LogConfig: Setting CVar [[r.MotionBlurQuality:4]]
[2020.12.18-10.18.17:777][  0]LogConfig: Setting CVar [[r.AmbientOcclusionMipLevelFactor:0.4]]
[2020.12.18-10.18.17:777][  0]LogConfig: Setting CVar [[r.AmbientOcclusionMaxQuality:100]]
[2020.12.18-10.18.17:777][  0]LogConfig: Setting CVar [[r.AmbientOcclusionLevels:-1]]
[2020.12.18-10.18.17:777][  0]LogConfig: Setting CVar [[r.AmbientOcclusionRadiusScale:1.0]]
[2020.12.18-10.18.17:777][  0]LogConfig: Setting CVar [[r.DepthOfFieldQuality:2]]
[2020.12.18-10.18.17:777][  0]LogConfig: Setting CVar [[r.RenderTargetPoolMin:400]]
[2020.12.18-10.18.17:777][  0]LogConfig: Setting CVar [[r.LensFlareQuality:2]]
[2020.12.18-10.18.17:777][  0]LogConfig: Setting CVar [[r.SceneColorFringeQuality:1]]
[2020.12.18-10.18.17:777][  0]LogConfig: Setting CVar [[r.EyeAdaptationQuality:2]]
[2020.12.18-10.18.17:777][  0]LogConfig: Setting CVar [[r.BloomQuality:5]]
[2020.12.18-10.18.17:777][  0]LogConfig: Setting CVar [[r.FastBlurThreshold:100]]
[2020.12.18-10.18.17:778][  0]LogConfig: Setting CVar [[r.Upscale.Quality:3]]
[2020.12.18-10.18.17:778][  0]LogConfig: Setting CVar [[r.Tonemapper.GrainQuantization:1]]
[2020.12.18-10.18.17:778][  0]LogConfig: Setting CVar [[r.LightShaftQuality:1]]
[2020.12.18-10.18.17:778][  0]LogConfig: Setting CVar [[r.Filter.SizeScale:1]]
[2020.12.18-10.18.17:778][  0]LogConfig: Setting CVar [[r.Tonemapper.Quality:5]]
[2020.12.18-10.18.17:778][  0]LogConfig: Setting CVar [[r.DOF.Gather.AccumulatorQuality:1        ; higher gathering accumulator quality]]
[2020.12.18-10.18.17:778][  0]LogConfig: Setting CVar [[r.DOF.Gather.PostfilterMethod:1          ; Median3x3 postfilering method]]
[2020.12.18-10.18.17:778][  0]LogConfig: Setting CVar [[r.DOF.Gather.EnableBokehSettings:0       ; no bokeh simulation when gathering]]
[2020.12.18-10.18.17:778][  0]LogConfig: Setting CVar [[r.DOF.Gather.RingCount:4                 ; medium number of samples when gathering]]
[2020.12.18-10.18.17:778][  0]LogConfig: Setting CVar [[r.DOF.Scatter.ForegroundCompositing:1    ; additive foreground scattering]]
[2020.12.18-10.18.17:778][  0]LogConfig: Setting CVar [[r.DOF.Scatter.BackgroundCompositing:2    ; additive background scattering]]
[2020.12.18-10.18.17:778][  0]LogConfig: Setting CVar [[r.DOF.Scatter.EnableBokehSettings:1      ; bokeh simulation when scattering]]
[2020.12.18-10.18.17:778][  0]LogConfig: Setting CVar [[r.DOF.Scatter.MaxSpriteRatio:0.1         ; only a maximum of 10% of scattered bokeh]]
[2020.12.18-10.18.17:778][  0]LogConfig: Setting CVar [[r.DOF.Recombine.Quality:1                ; cheap slight out of focus]]
[2020.12.18-10.18.17:778][  0]LogConfig: Setting CVar [[r.DOF.Recombine.EnableBokehSettings:0    ; no bokeh simulation on slight out of focus]]
[2020.12.18-10.18.17:778][  0]LogConfig: Setting CVar [[r.DOF.TemporalAAQuality:1                ; more stable temporal accumulation]]
[2020.12.18-10.18.17:778][  0]LogConfig: Setting CVar [[r.DOF.Kernel.MaxForegroundRadius:0.025]]
[2020.12.18-10.18.17:778][  0]LogConfig: Setting CVar [[r.DOF.Kernel.MaxBackgroundRadius:0.025]]
[2020.12.18-10.18.17:778][  0]LogConfig: Applying CVar settings from Section [TextureQuality@3] File [B:/git/ThePuppet/Saved/Config/Windows/Scalability.ini]
[2020.12.18-10.18.17:778][  0]LogConfig: Setting CVar [[r.Streaming.MipBias:0]]
[2020.12.18-10.18.17:778][  0]LogConfig: Setting CVar [[r.Streaming.AmortizeCPUToGPUCopy:0]]
[2020.12.18-10.18.17:778][  0]LogConfig: Setting CVar [[r.Streaming.MaxNumTexturesToStreamPerFrame:0]]
[2020.12.18-10.18.17:778][  0]LogConfig: Setting CVar [[r.Streaming.Boost:1]]
[2020.12.18-10.18.17:778][  0]LogConfig: Setting CVar [[r.MaxAnisotropy:8]]
[2020.12.18-10.18.17:778][  0]LogConfig: Setting CVar [[r.VT.MaxAnisotropy:8]]
[2020.12.18-10.18.17:778][  0]LogConfig: Setting CVar [[r.Streaming.LimitPoolSizeToVRAM:0]]
[2020.12.18-10.18.17:778][  0]LogConfig: Setting CVar [[r.Streaming.PoolSize:1000]]
[2020.12.18-10.18.17:778][  0]LogConfig: Setting CVar [[r.Streaming.MaxEffectiveScreenSize:0]]
[2020.12.18-10.18.17:778][  0]LogConfig: Applying CVar settings from Section [EffectsQuality@3] File [B:/git/ThePuppet/Saved/Config/Windows/Scalability.ini]
[2020.12.18-10.18.17:778][  0]LogConfig: Setting CVar [[r.TranslucencyLightingVolumeDim:64]]
[2020.12.18-10.18.17:778][  0]LogConfig: Setting CVar [[r.RefractionQuality:2]]
[2020.12.18-10.18.17:778][  0]LogConfig: Setting CVar [[r.SSR.Quality:3]]
[2020.12.18-10.18.17:778][  0]LogConfig: Setting CVar [[r.SSR.HalfResSceneColor:0]]
[2020.12.18-10.18.17:778][  0]LogConfig: Setting CVar [[r.SceneColorFormat:4]]
[2020.12.18-10.18.17:779][  0]LogConfig: Setting CVar [[r.DetailMode:2]]
[2020.12.18-10.18.17:779][  0]LogConfig: Setting CVar [[r.TranslucencyVolumeBlur:1]]
[2020.12.18-10.18.17:779][  0]LogConfig: Setting CVar [[r.MaterialQualityLevel:1 ; High quality]]
[2020.12.18-10.18.17:779][  0]LogConfig: Setting CVar [[r.SSS.Scale:1]]
[2020.12.18-10.18.17:779][  0]LogConfig: Setting CVar [[r.SSS.SampleSet:2]]
[2020.12.18-10.18.17:779][  0]LogConfig: Setting CVar [[r.SSS.Quality:1]]
[2020.12.18-10.18.17:779][  0]LogConfig: Setting CVar [[r.SSS.HalfRes:0]]
[2020.12.18-10.18.17:779][  0]LogConfig: Setting CVar [[r.SSGI.Quality:3]]
[2020.12.18-10.18.17:779][  0]LogConfig: Setting CVar [[r.EmitterSpawnRateScale:1.0]]
[2020.12.18-10.18.17:779][  0]LogConfig: Setting CVar [[r.ParticleLightQuality:2]]
[2020.12.18-10.18.17:779][  0]LogConfig: Setting CVar [[r.SkyAtmosphere.AerialPerspectiveLUT.FastApplyOnOpaque:1 ; Always have FastSkyLUT 1 in this case to avoid wrong sky]]
[2020.12.18-10.18.17:779][  0]LogConfig: Setting CVar [[r.SkyAtmosphere.AerialPerspectiveLUT.SampleCountPerSlice:1]]
[2020.12.18-10.18.17:779][  0]LogConfig: Setting CVar [[r.SkyAtmosphere.AerialPerspectiveLUT.DepthResolution:16.0]]
[2020.12.18-10.18.17:779][  0]LogConfig: Setting CVar [[r.SkyAtmosphere.FastSkyLUT:1]]
[2020.12.18-10.18.17:779][  0]LogConfig: Setting CVar [[r.SkyAtmosphere.FastSkyLUT.SampleCountMin:4.0]]
[2020.12.18-10.18.17:779][  0]LogConfig: Setting CVar [[r.SkyAtmosphere.FastSkyLUT.SampleCountMax:32.0]]
[2020.12.18-10.18.17:779][  0]LogConfig: Setting CVar [[r.SkyAtmosphere.SampleCountMin:4.0]]
[2020.12.18-10.18.17:779][  0]LogConfig: Setting CVar [[r.SkyAtmosphere.SampleCountMax:32.0]]
[2020.12.18-10.18.17:779][  0]LogConfig: Setting CVar [[r.SkyAtmosphere.TransmittanceLUT.UseSmallFormat:0]]
[2020.12.18-10.18.17:779][  0]LogConfig: Setting CVar [[r.SkyAtmosphere.TransmittanceLUT.SampleCount:10.0]]
[2020.12.18-10.18.17:779][  0]LogConfig: Setting CVar [[r.SkyAtmosphere.MultiScatteringLUT.SampleCount:15.0]]
[2020.12.18-10.18.17:779][  0]LogConfig: Applying CVar settings from Section [FoliageQuality@3] File [B:/git/ThePuppet/Saved/Config/Windows/Scalability.ini]
[2020.12.18-10.18.17:779][  0]LogConfig: Setting CVar [[foliage.DensityScale:1.0]]
[2020.12.18-10.18.17:779][  0]LogConfig: Setting CVar [[grass.DensityScale:1.0]]
[2020.12.18-10.18.17:779][  0]LogConfig: Applying CVar settings from Section [ShadingQuality@3] File [B:/git/ThePuppet/Saved/Config/Windows/Scalability.ini]
[2020.12.18-10.18.17:779][  0]LogConfig: Setting CVar [[r.HairStrands.SkyLighting.SampleCount:16]]
[2020.12.18-10.18.17:779][  0]LogConfig: Setting CVar [[r.HairStrands.SkyLighting.JitterIntegration:0]]
[2020.12.18-10.18.17:779][  0]LogConfig: Setting CVar [[r.HairStrands.SkyAO.SampleCount:16]]
[2020.12.18-10.18.17:779][  0]LogConfig: Setting CVar [[r.HairStrands.DeepShadow.SuperSampling:0]]
[2020.12.18-10.18.17:779][  0]LogConfig: Setting CVar [[r.HairStrands.VisibilityPPLL:0]]
[2020.12.18-10.18.17:779][  0]LogConfig: Setting CVar [[r.HairStrands.RasterizationScale:0.5]]
[2020.12.18-10.18.17:779][  0]LogConfig: Setting CVar [[r.HairStrands.VelocityRasterizationScale:1]]
[2020.12.18-10.18.17:779][  0]LogConfig: Applying CVar settings from Section [Startup] File [../../../Engine/Config/ConsoleVariables.ini]
[2020.12.18-10.18.17:780][  0]LogConfig: Setting CVar [[net.UseAdaptiveNetUpdateFrequency:0]]
[2020.12.18-10.18.17:780][  0]LogConfig: Setting CVar [[p.chaos.AllowCreatePhysxBodies:1]]
[2020.12.18-10.18.17:780][  0]LogConfig: Setting CVar [[fx.SkipVectorVMBackendOptimizations:1]]
[2020.12.18-10.18.17:780][  0]LogConfig: Applying CVar settings from Section [ConsoleVariables] File [B:/git/ThePuppet/Saved/Config/Windows/Engine.ini]
[2020.12.18-10.18.17:781][  0]LogInit: Computer: DESKTOP-0H4DJGG
[2020.12.18-10.18.17:781][  0]LogInit: User: LENOVO
[2020.12.18-10.18.17:781][  0]LogInit: CPU Page size=4096, Cores=4
[2020.12.18-10.18.17:781][  0]LogInit: High frequency timer resolution =10.000000 MHz
[2020.12.18-10.18.17:781][  0]LogMemory: Memory total: Physical=7.9GB (8GB approx)
[2020.12.18-10.18.17:781][  0]LogMemory: Platform Memory Stats for Windows
[2020.12.18-10.18.17:781][  0]LogMemory: Process Physical Memory: 114.38 MB used, 114.38 MB peak
[2020.12.18-10.18.17:781][  0]LogMemory: Process Virtual Memory: 98.09 MB used, 98.09 MB peak
[2020.12.18-10.18.17:782][  0]LogMemory: Physical Memory: 4311.61 MB used,  3755.11 MB free, 8066.72 MB total
[2020.12.18-10.18.17:782][  0]LogMemory: Virtual Memory: 5145.24 MB used,  134212584.00 MB free, 134217728.00 MB total
[2020.12.18-10.18.17:792][  0]LogWindows: WindowsPlatformFeatures enabled
[2020.12.18-10.18.17:890][  0]LogInit: Physics initialised using underlying interface: PhysX
[2020.12.18-10.18.17:893][  0]LogInit: Using OS detected language (en-US).
[2020.12.18-10.18.17:893][  0]LogInit: Using OS detected locale (en-US).
[2020.12.18-10.18.17:920][  0]LogTextLocalizationManager: No specific localization for 'en-US' exists, so the 'en' localization will be used.
[2020.12.18-10.18.18:553][  0]LogInit: Setting process to per monitor DPI aware
[2020.12.18-10.18.18:644][  0]LogSlate: New Slate User Created.  User Index 0, Is Virtual User: 0
[2020.12.18-10.18.18:644][  0]LogSlate: Slate User Registered.  User Index 0, Is Virtual User: 0
[2020.12.18-10.18.23:877][  0]LogHMD: Failed to initialize OpenVR with code 110
[2020.12.18-10.18.23:877][  0]LogD3D11RHI: D3D11 min allowed feature level: 11_0
[2020.12.18-10.18.23:877][  0]LogD3D11RHI: D3D11 max allowed feature level: 11_0
[2020.12.18-10.18.23:877][  0]LogD3D11RHI: D3D11 adapters:
[2020.12.18-10.18.24:084][  0]LogD3D11RHI:    0. 'NVIDIA GeForce MX130' (Feature Level 11_0)
[2020.12.18-10.18.24:084][  0]LogD3D11RHI:       2010/0/4033 MB DedicatedVideo/DedicatedSystem/SharedSystem, Outputs:2, VendorId:0x10de
[2020.12.18-10.18.24:132][  0]LogD3D11RHI:    1. 'Intel(R) UHD Graphics 620' (Feature Level 11_0)
[2020.12.18-10.18.24:132][  0]LogD3D11RHI:       128/0/4033 MB DedicatedVideo/DedicatedSystem/SharedSystem, Outputs:0, VendorId:0x8086
[2020.12.18-10.18.24:138][  0]LogD3D11RHI:    2. 'Microsoft Basic Render Driver' (Feature Level 11_0)
[2020.12.18-10.18.24:138][  0]LogD3D11RHI:       0/0/4033 MB DedicatedVideo/DedicatedSystem/SharedSystem, Outputs:0, VendorId:0x1414
[2020.12.18-10.18.24:138][  0]LogD3D11RHI: Chosen D3D11 Adapter: 0
[2020.12.18-10.18.24:232][  0]LogD3D11RHI: Creating new Direct3DDevice
[2020.12.18-10.18.24:232][  0]LogD3D11RHI:     GPU DeviceId: 0x174d (for the marketing name, search the web for "GPU Device Id")
[2020.12.18-10.18.24:232][  0]LogWindows: EnumDisplayDevices:
[2020.12.18-10.18.24:233][  0]LogWindows:    0. 'Intel(R) UHD Graphics 620' (P:1 D:1)
[2020.12.18-10.18.24:233][  0]LogWindows:    1. 'Intel(R) UHD Graphics 620' (P:0 D:1)
[2020.12.18-10.18.24:234][  0]LogWindows:    2. 'Intel(R) UHD Graphics 620' (P:0 D:0)
[2020.12.18-10.18.24:234][  0]LogWindows: DebugString: PrimaryIsNotTheChoosenAdapter PrimaryIsNotTheChoosenAdapter PrimaryIsNotTheChoosenAdapter FoundDriverCount:0 
[2020.12.18-10.18.24:234][  0]LogD3D11RHI:     Adapter Name: NVIDIA GeForce MX130
[2020.12.18-10.18.24:234][  0]LogD3D11RHI:   Driver Version: Unknown (internal:Unknown, unified:Unknown)
[2020.12.18-10.18.24:234][  0]LogD3D11RHI:      Driver Date: Unknown
[2020.12.18-10.18.24:234][  0]LogRHI: Texture pool is 1407 MB (70% of 2010 MB)
[2020.12.18-10.18.24:329][  0]LogD3D11RHI: RHI has support for 64 bit atomics
[2020.12.18-10.18.24:334][  0]LogD3D11RHI: [Aftermath] Enabled and primed
[2020.12.18-10.18.24:334][  0]LogD3D11RHI: Async texture creation enabled
[2020.12.18-10.18.24:369][  0]LogD3D11RHI: GPU Timing Frequency: 1000.000000 (Debug: 2 1)
[2020.12.18-10.18.25:289][  0]LogTargetPlatformManager: Display: Loaded TargetPlatform 'AllDesktop'
[2020.12.18-10.18.25:335][  0]LogTargetPlatformManager: Display: Loaded TargetPlatform 'Android'
[2020.12.18-10.18.25:335][  0]LogTargetPlatformManager: Display: Loaded TargetPlatform 'Android_ASTC'
[2020.12.18-10.18.25:335][  0]LogTargetPlatformManager: Display: Loaded TargetPlatform 'Android_DXT'
[2020.12.18-10.18.25:335][  0]LogTargetPlatformManager: Display: Loaded TargetPlatform 'Android_ETC2'
[2020.12.18-10.18.25:335][  0]LogTargetPlatformManager: Display: Loaded TargetPlatform 'AndroidClient'
[2020.12.18-10.18.25:335][  0]LogTargetPlatformManager: Display: Loaded TargetPlatform 'Android_ASTCClient'
[2020.12.18-10.18.25:335][  0]LogTargetPlatformManager: Display: Loaded TargetPlatform 'Android_DXTClient'
[2020.12.18-10.18.25:335][  0]LogTargetPlatformManager: Display: Loaded TargetPlatform 'Android_ETC2Client'
[2020.12.18-10.18.25:335][  0]LogTargetPlatformManager: Display: Loaded TargetPlatform 'Android_Multi'
[2020.12.18-10.18.25:335][  0]LogTargetPlatformManager: Display: Loaded TargetPlatform 'Android_MultiClient'
[2020.12.18-10.18.25:389][  0]LogTargetPlatformManager: Display: Loaded TargetPlatform 'IOSClient'
[2020.12.18-10.18.25:389][  0]LogTargetPlatformManager: Display: Loaded TargetPlatform 'IOS'
[2020.12.18-10.18.25:411][  0]LogTargetPlatformManager: Display: Loaded TargetPlatform 'Linux'
[2020.12.18-10.18.25:430][  0]LogTargetPlatformManager: Display: Loaded TargetPlatform 'LinuxNoEditor'
[2020.12.18-10.18.25:450][  0]LogTargetPlatformManager: Display: Loaded TargetPlatform 'LinuxClient'
[2020.12.18-10.18.25:470][  0]LogTargetPlatformManager: Display: Loaded TargetPlatform 'LinuxServer'
[2020.12.18-10.18.25:490][  0]LogTargetPlatformManager: Display: Loaded TargetPlatform 'LinuxAArch64NoEditor'
[2020.12.18-10.18.25:510][  0]LogTargetPlatformManager: Display: Loaded TargetPlatform 'LinuxAArch64Client'
[2020.12.18-10.18.25:530][  0]LogTargetPlatformManager: Display: Loaded TargetPlatform 'LinuxAArch64Server'
[2020.12.18-10.18.25:585][  0]LogTargetPlatformManager: Display: Loaded TargetPlatform 'Lumin'
[2020.12.18-10.18.25:585][  0]LogTargetPlatformManager: Display: Loaded TargetPlatform 'LuminClient'
[2020.12.18-10.18.25:618][  0]LogTargetPlatformManager: Display: Loaded TargetPlatform 'TVOSClient'
[2020.12.18-10.18.25:618][  0]LogTargetPlatformManager: Display: Loaded TargetPlatform 'TVOS'
[2020.12.18-10.18.25:638][  0]LogTargetPlatformManager: Display: Loaded TargetPlatform 'WindowsNoEditor'
[2020.12.18-10.18.25:659][  0]LogTargetPlatformManager: Display: Loaded TargetPlatform 'Windows'
[2020.12.18-10.18.25:679][  0]LogTargetPlatformManager: Display: Loaded TargetPlatform 'WindowsClient'
[2020.12.18-10.18.25:699][  0]LogTargetPlatformManager: Display: Loaded TargetPlatform 'WindowsServer'
[2020.12.18-10.18.25:699][  0]LogTargetPlatformManager: Display: Building Assets For Windows
[2020.12.18-10.18.25:718][  0]LogAudioDebug: Display: Lib vorbis DLL was dynamically loaded.
[2020.12.18-10.18.25:888][  0]LogShaderCompilers: Guid format shader working directory is 30 characters bigger than the processId version (B:/git/ThePuppet/Intermediate/Shaders/WorkingDirectory/14700/).
[2020.12.18-10.18.25:889][  0]LogShaderCompilers: Cleaned the shader compiler working directory 'C:/Users/LENOVO/AppData/Local/Temp/UnrealShaderWorkingDir/A36C375B4A7488383F4CEB87E7F17444/'.
[2020.12.18-10.18.25:890][  0]LogXGEController: Cleaning working directory: C:/Users/LENOVO/AppData/Local/Temp/UnrealXGEWorkingDir/
[2020.12.18-10.18.25:891][  0]LogXGEController: Cannot use XGE Controller as Incredibuild is not installed on this machine.
[2020.12.18-10.18.25:891][  0]LogShaderCompilers: Cannot use XGE Shader Compiler as Incredibuild is not installed on this machine.
[2020.12.18-10.18.25:891][  0]LogShaderCompilers: Display: Using Local Shader Compiler.
[2020.12.18-10.18.27:811][  0]LogDerivedDataCache: Display: Max Cache Size: 512 MB
[2020.12.18-10.18.27:953][  0]LogDerivedDataCache: Loaded boot cache 0.14s 75MB C:/Users/LENOVO/AppData/Local/UnrealEngine/4.25/DerivedDataCache/Boot.ddc.
[2020.12.18-10.18.27:953][  0]LogDerivedDataCache: Display: Loaded Boot cache: C:/Users/LENOVO/AppData/Local/UnrealEngine/4.25/DerivedDataCache/Boot.ddc
[2020.12.18-10.18.27:953][  0]LogDerivedDataCache: FDerivedDataBackendGraph:  Pak pak cache file B:/git/ThePuppet/DerivedDataCache/DDC.ddp not found, will not use a pak cache.
[2020.12.18-10.18.27:953][  0]LogDerivedDataCache: Unable to find inner node Pak for hierarchical cache Hierarchy.
[2020.12.18-10.18.27:953][  0]LogDerivedDataCache: FDerivedDataBackendGraph:  CompressedPak pak cache file B:/git/ThePuppet/DerivedDataCache/Compressed.ddp not found, will not use a pak cache.
[2020.12.18-10.18.27:953][  0]LogDerivedDataCache: Unable to find inner node CompressedPak for hierarchical cache Hierarchy.
[2020.12.18-10.18.27:976][  0]LogDerivedDataCache: Display: Pak cache opened for reading ../../../Engine/DerivedDataCache/Compressed.ddp.
[2020.12.18-10.18.27:977][  0]LogDerivedDataCache: FDerivedDataBackendGraph:  EnterprisePak pak cache file ../../../Enterprise/DerivedDataCache/Compressed.ddp not found, will not use a pak cache.
[2020.12.18-10.18.27:977][  0]LogDerivedDataCache: Unable to find inner node EnterprisePak for hierarchical cache Hierarchy.
[2020.12.18-10.18.27:979][  0]LogDerivedDataCache: Using Local data cache path C:/Users/LENOVO/AppData/Local/UnrealEngine/Common/DerivedDataCache: Writable
[2020.12.18-10.18.27:979][  0]LogDerivedDataCache: Shared data cache path not found in *engine.ini, will not use an Shared cache.
[2020.12.18-10.18.27:979][  0]LogDerivedDataCache: Unable to find inner node Shared for hierarchical cache Hierarchy.
[2020.12.18-10.18.28:093][  0]LogSlate: Using FreeType 2.10.0
[2020.12.18-10.18.28:094][  0]LogSlate: SlateFontServices - WITH_FREETYPE: 1, WITH_HARFBUZZ: 1
[2020.12.18-10.18.28:153][  0]LogAssetRegistry: FAssetRegistry took 0.0057 seconds to start up
[2020.12.18-10.18.28:713][  0]LogInit: Selected Device Profile: [Windows]
[2020.12.18-10.18.29:045][  0]LogMeshReduction: Using QuadricMeshReduction for automatic static mesh reduction
[2020.12.18-10.18.29:045][  0]LogMeshReduction: Using SimplygonMeshReduction for automatic skeletal mesh reduction
[2020.12.18-10.18.29:045][  0]LogMeshReduction: Using ProxyLODMeshReduction for automatic mesh merging
[2020.12.18-10.18.29:045][  0]LogMeshReduction: No distributed automatic mesh merging module available
[2020.12.18-10.18.29:046][  0]LogMeshMerging: No distributed automatic mesh merging module available
[2020.12.18-10.18.29:096][  0]LogNetVersion: MyProject 1.0.0, NetCL: 13144385, EngineNetVer: 14, GameNetVer: 0 (Checksum: 709303259)
[2020.12.18-10.18.30:300][  0]LogAISub: UAISubsystem::UAISubsystem AISubsystem (0000026840DAD800), frame # 0
[2020.12.18-10.18.30:300][  0]LogAISub: UAISubsystem::UAISubsystem AIPerceptionSystem (0000026840CBAAC0), frame # 0
[2020.12.18-10.18.30:304][  0]LogAISub: UAISubsystem::UAISubsystem EnvQueryManager (000002683FDFEA00), frame # 0
[2020.12.18-10.18.30:413][  0]LogPackageLocalizationCache: Processed 19 localized package path(s) for 1 prioritized culture(s) in 0.085312 seconds
[2020.12.18-10.18.30:432][  0]LogUObjectArray: 15917 objects as part of root set at end of initial load.
[2020.12.18-10.18.30:432][  0]LogUObjectAllocator: 3965568 out of 0 bytes used by permanent object pool.
[2020.12.18-10.18.30:432][  0]LogUObjectArray: CloseDisregardForGC: 0/0 objects in disregard for GC pool
[2020.12.18-10.18.31:352][  0]LogTcpMessaging: Initializing TcpMessaging bridge
[2020.12.18-10.18.31:361][  0]LogUdpMessaging: Initializing bridge on interface 0.0.0.0:0 to multicast group 230.0.0.1:6666.
[2020.12.18-10.18.31:551][  0]SourceControl: Source control is disabled
[2020.12.18-10.18.31:552][  0]SourceControl: Source control is disabled
[2020.12.18-10.18.31:565][  0]SourceControl: Source control is disabled
[2020.12.18-10.18.31:574][  0]SourceControl: Source control is disabled
[2020.12.18-10.18.31:590][  0]SourceControl: Source control is disabled
[2020.12.18-10.18.31:618][  0]LogVSAccessor: Display: Unable to create Visual Studio setup instance: 80040154
[2020.12.18-10.18.31:619][  0]LogVSAccessor: Display: Unable to create Visual Studio setup instance: 80040154
[2020.12.18-10.18.32:191][  0]LogAndroidPermission: UAndroidPermissionCallbackProxy::GetInstance
[2020.12.18-10.18.32:233][  0]LogAudioCaptureCore: Display: No Audio Capture implementations found. Audio input will be silent.
[2020.12.18-10.18.32:233][  0]LogAudioCaptureCore: Display: No Audio Capture implementations found. Audio input will be silent.
[2020.12.18-10.18.32:352][  0]LogOcInput: OculusInput pre-init called
[2020.12.18-10.18.32:379][  0]LogWindows: Failed to load 'OVRPlugin.dll' (GetLastError=126)
[2020.12.18-10.18.32:379][  0]LogWindows: File 'OVRPlugin.dll' does not exist
[2020.12.18-10.18.32:553][  0]LogEngine: Initializing Engine...
[2020.12.18-10.18.32:556][  0]LogHMD: Failed to initialize OpenVR with code 110
[2020.12.18-10.18.32:556][  0]LogMagicLeap: Warning: VR disabled because ZI is not enabled.  To enable, in the editor, Edit -> Project Settings -> Plugins -> Magic Leap Plugin -> Enable Zero Iteration
[2020.12.18-10.18.32:558][  0]LogStats: UGameplayTagsManager::InitializeManager -  0.001 s
[2020.12.18-10.18.32:815][  0]LogInit: Initializing FReadOnlyCVARCache
[2020.12.18-10.18.32:836][  0]LogAIModule: Creating AISystem for world Untitled
[2020.12.18-10.18.32:836][  0]LogAISub: UAISubsystem::UAISubsystem EnvQueryManager (000002682825BC00), frame # 0
[2020.12.18-10.18.32:836][  0]LogAISub: UAISubsystem::UAISubsystem AIPerceptionSystem (0000026828257B00), frame # 0
[2020.12.18-10.18.32:871][  0]LogAudioMixer: Display: Audio Mixer Platform Settings:
[2020.12.18-10.18.32:871][  0]LogAudioMixer: Display: 	Sample Rate:						  48000
[2020.12.18-10.18.32:871][  0]LogAudioMixer: Display: 	Callback Buffer Frame Size Requested: 1024
[2020.12.18-10.18.32:871][  0]LogAudioMixer: Display: 	Callback Buffer Frame Size To Use:	  1024
[2020.12.18-10.18.32:871][  0]LogAudioMixer: Display: 	Number of buffers to queue:			  2
[2020.12.18-10.18.32:871][  0]LogAudioMixer: Display: 	Max Channels (voices):				  32
[2020.12.18-10.18.32:871][  0]LogAudioMixer: Display: 	Number of Async Source Workers:		  0
[2020.12.18-10.18.32:871][  0]LogAudio: Display: AudioDevice MaxSources: 32
[2020.12.18-10.18.32:872][  0]LogAudio: Display: Using built-in audio occlusion.
[2020.12.18-10.18.32:872][  0]LogAudioMixer: Display: Initializing audio mixer.
[2020.12.18-10.18.32:907][  0]LogAudioMixer: Display: 0: FrontLeft
[2020.12.18-10.18.32:907][  0]LogAudioMixer: Display: 1: FrontRight
[2020.12.18-10.18.33:330][  0]LogAudioMixer: Display: Using Audio Device Speakers (2- Realtek(R) Audio)
[2020.12.18-10.18.33:338][  0]LogAudioMixer: Display: Initializing Sound Submixes...
[2020.12.18-10.18.33:345][  0]LogAudioMixer: Display: Creating Master Submix 'MasterSubmixDefault'
[2020.12.18-10.18.33:345][  0]LogAudioMixer: Display: Creating Master Submix 'MasterReverbSubmixDefault'
[2020.12.18-10.18.33:347][  0]LogAudioMixer: Display: Creating Master Submix 'MasterEQSubmixDefault'
[2020.12.18-10.18.33:348][  0]LogInit: FAudioDevice initialized.
[2020.12.18-10.18.33:349][  0]LogNetVersion: Set ProjectVersion to 1.0.0.0. Version Checksum will be recalculated on next use.
[2020.12.18-10.18.33:435][  0]LogDerivedDataCache: Saved boot cache 0.09s 75MB C:/Users/LENOVO/AppData/Local/UnrealEngine/4.25/DerivedDataCache/Boot.ddc.
[2020.12.18-10.18.33:444][  0]LogInit: Texture streaming: Enabled
[2020.12.18-10.18.33:484][  0]LogEngineSessionManager: EngineSessionManager initialized
[2020.12.18-10.18.33:484][  0]LogEngineSessionManager: EngineSessionManager sent abnormal shutdown report. Type=Crashed, SessionId={D952AD78-4A15-45F0-09BB-37B2F9985614}
[2020.12.18-10.18.33:484][  0]LogEditorSessionSummary: Verbose: Initializing EditorSessionSummaryWriter for editor session tracking
[2020.12.18-10.18.33:490][  0]LogEditorSessionSummary: EditorSessionSummaryWriter initialized
[2020.12.18-10.18.33:646][  0]LogInit: Transaction tracking system initialized
[2020.12.18-10.18.33:700][  0]BlueprintLog: New page: Editor Load
[2020.12.18-10.18.33:894][  0]LocalizationService: Localization service is disabled
[2020.12.18-10.18.34:106][  0]LogVSAccessor: Display: Unable to create Visual Studio setup instance: 80040154
[2020.12.18-10.18.34:107][  0]LogVSAccessor: Display: Unable to create Visual Studio setup instance: 80040154
[2020.12.18-10.18.34:288][  0]LogCook: Display: Max memory allowance for cook 16384mb min free memory 0mb
[2020.12.18-10.18.34:289][  0]LogCook: Display: Mobile HDR setting 1
[2020.12.18-10.18.34:465][  0]LogFileCache: Scanning file cache for directory 'B:/git/ThePuppet/Content/' took 0.01s
[2020.12.18-10.18.35:138][  0]SourceControl: Source control is disabled
[2020.12.18-10.18.35:138][  0]LogUnrealEdMisc: Loading editor; pre map load, took 27.366
[2020.12.18-10.18.35:139][  0]Cmd: MAP LOAD FILE="B:/git/ThePuppet/Content/ThirdPersonBP/Maps/ThirdPersonExampleMap.umap" TEMPLATE=0 SHOWPROGRESS=1 FEATURELEVEL=3
[2020.12.18-10.18.35:147][  0]LightingResults: New page: Lighting Build
[2020.12.18-10.18.35:151][  0]LogWorld: UWorld::CleanupWorld for Untitled, bSessionEnded=true, bCleanupResources=true
[2020.12.18-10.18.35:151][  0]LogSlate: InvalidateAllWidgets triggered.  All widgets were invalidated
[2020.12.18-10.18.35:151][  0]MapCheck: New page: Map Check
[2020.12.18-10.18.35:151][  0]LightingResults: New page: Lighting Build
[2020.12.18-10.18.35:174][  0]LogAISub: UAISubsystem::~UAISubsystem EnvQueryManager (000002682825BC00), frame # 0
[2020.12.18-10.18.35:174][  0]LogAISub: UAISubsystem::~UAISubsystem AIPerceptionSystem (0000026828257B00), frame # 0
[2020.12.18-10.18.35:176][  0]LogUObjectHash: Compacting FUObjectHashTables data took   1.83ms
[2020.12.18-10.18.36:329][  0]LogAIModule: Creating AISystem for world ThirdPersonExampleMap
[2020.12.18-10.18.36:329][  0]LogAISub: UAISubsystem::UAISubsystem EnvQueryManager (000002683121BE00), frame # 0
[2020.12.18-10.18.36:329][  0]LogAISub: UAISubsystem::UAISubsystem AIPerceptionSystem (0000026831236700), frame # 0
[2020.12.18-10.18.36:599][  0]LogEditorServer: Finished looking for orphan Actors (0.000 secs)
[2020.12.18-10.18.36:626][  0]LogUObjectHash: Compacting FUObjectHashTables data took   1.90ms
[2020.12.18-10.18.36:628][  0]Cmd: MAP CHECKDEP NOCLEARLOG
[2020.12.18-10.18.36:628][  0]MapCheck: Map check complete: 0 Error(s), 0 Warning(s), took 0.162ms to complete.
[2020.12.18-10.18.36:628][  0]LogFileHelpers: Loading map 'ThirdPersonExampleMap' took 1.488
[2020.12.18-10.18.36:651][  0]LogUnrealEdMisc: Total Editor Startup Time, took 28.879
[2020.12.18-10.18.36:883][  0]LogSlate: Updating window title bar state: overlay mode, drag disabled, window buttons hidden, title bar hidden
[2020.12.18-10.18.36:900][  0]LogSlate: Updating window title bar state: overlay mode, drag disabled, window buttons hidden, title bar hidden
[2020.12.18-10.18.36:915][  0]LogSlate: Updating window title bar state: overlay mode, drag disabled, window buttons hidden, title bar hidden
[2020.12.18-10.18.36:931][  0]LogSlate: Updating window title bar state: overlay mode, drag disabled, window buttons hidden, title bar hidden
[2020.12.18-10.18.36:952][  0]LogCollectionManager: Loaded 0 collections in 0.003902 seconds
[2020.12.18-10.18.36:994][  0]LogFileCache: Scanning file cache for directory 'B:/git/ThePuppet/Saved/Collections/' took 0.00s
[2020.12.18-10.18.36:994][  0]LogFileCache: Scanning file cache for directory 'B:/git/ThePuppet/Content/Developers/LENOVO/Collections/' took 0.00s
[2020.12.18-10.18.36:994][  0]LogFileCache: Scanning file cache for directory 'B:/git/ThePuppet/Content/Collections/' took 0.00s
[2020.12.18-10.18.36:994][  0]LogContentBrowser: Native class hierarchy populated in 0.0216 seconds. Added 3427 classes and 821 folders.
[2020.12.18-10.18.37:011][  0]LogContentBrowser: Native class hierarchy updated for 'WidgetCarousel' in 0.0008 seconds. Added 0 classes and 0 folders.
[2020.12.18-10.18.37:305][  0]LogContentBrowser: Native class hierarchy updated for 'AddContentDialog' in 0.0005 seconds. Added 0 classes and 0 folders.
[2020.12.18-10.18.37:308][  0]LogContentBrowser: Native class hierarchy updated for 'SceneOutliner' in 0.0004 seconds. Added 2 classes and 0 folders.
[2020.12.18-10.18.37:577][  0]LogSlate: Took 0.000353 seconds to synchronously load lazily loaded font '../../../Engine/Content/Slate/Fonts/Roboto-Regular.ttf' (155K)
[2020.12.18-10.18.37:585][  0]LogSlate: Took 0.000290 seconds to synchronously load lazily loaded font '../../../Engine/Content/Slate/Fonts/Roboto-Bold.ttf' (160K)
[2020.12.18-10.18.37:594][  0]LogSlate: Took 0.000755 seconds to synchronously load lazily loaded font '../../../Engine/Content/Editor/Slate/Fonts/FontAwesome.ttf' (139K)
[2020.12.18-10.18.37:792][  0]LogRenderer: Reallocating scene render targets to support 1260x708 Format 10 NumSamples 1 (Frame:1).
[2020.12.18-10.18.38:032][  0]LogContentBrowser: Native class hierarchy updated for 'HierarchicalLODOutliner' in 0.0005 seconds. Added 0 classes and 0 folders.
[2020.12.18-10.18.38:032][  0]LogLoad: (Engine Initialization) Total time: 30.26 seconds
[2020.12.18-10.18.38:032][  0]LogLoad: (Engine Initialization) Total Blueprint compile time: 0.00 seconds
[2020.12.18-10.18.38:122][  0]LogContentStreaming: Texture pool size now 1000 MB
[2020.12.18-10.18.38:246][  1]LogAssetRegistry: Asset discovery search completed in 10.0948 seconds
[2020.12.18-10.18.38:256][  1]LogCollectionManager: Fixed up redirectors for 0 collections in 0.000010 seconds (updated 0 objects)
[2020.12.18-10.18.39:192][ 36]LogSlate: Took 0.001206 seconds to synchronously load lazily loaded font '../../../Engine/Content/Slate/Fonts/Roboto-Light.ttf' (167K)
[2020.12.18-10.18.42:218][162]LogSlate: Took 0.000817 seconds to synchronously load lazily loaded font '../../../Engine/Content/Slate/Fonts/Roboto-Light.ttf' (167K)
[2020.12.18-10.18.43:225][200]LogFileCache: Retrieving MD5 hashes for directory 'B:/git/ThePuppet/Content/' took 5.16s
[2020.12.18-10.18.52:793][560]LogAssetEditorSubsystem: Opening Asset editor for Blueprint /Game/Project/BP/BP_TB_OB_Blueprint.BP_TB_OB_Blueprint
[2020.12.18-10.18.53:171][560]LogContentBrowser: Native class hierarchy updated for 'BlueprintGraph' in 0.0010 seconds. Added 125 classes and 0 folders.
[2020.12.18-10.18.55:103][560]LogLinker: Warning: Failed to load '/Game/Project/Maps/level01.level01:PersistentLevel.level01': Can't resolve asset name
[2020.12.18-10.18.55:236][560]LogAssetEditorSubsystem: Opening Asset editor for Blueprint /Game/Project/BP/BP_door.BP_door
[2020.12.18-10.18.56:069][560]LogAssetEditorSubsystem: Opening Asset editor for Blueprint /Game/Project/BP/BP_staircase.BP_staircase
[2020.12.18-10.18.56:876][560]LogSlate: Took 0.001055 seconds to synchronously load lazily loaded font '../../../Engine/Content/Slate/Fonts/Roboto-BoldCondensed.ttf' (158K)
[2020.12.18-10.18.56:998][561]LogSlate: Took 0.000600 seconds to synchronously load lazily loaded font '../../../Engine/Content/Slate/Fonts/Roboto-Italic.ttf' (157K)
[2020.12.18-10.19.08:523][983]LogAssetEditorSubsystem: Opening Asset editor for World /Game/Project/Maps/level01.level01
[2020.12.18-10.19.08:580][983]LogUObjectHash: Compacting FUObjectHashTables data took   4.22ms
[2020.12.18-10.19.08:584][983]Cmd: MAP LOAD FILE="B:/git/ThePuppet/Content/Project/Maps/level01.umap" TEMPLATE=0 SHOWPROGRESS=1 FEATURELEVEL=3
[2020.12.18-10.19.08:585][983]LightingResults: New page: Lighting Build
[2020.12.18-10.19.08:585][983]LoadErrors: New page: Loading map: level01.umap
[2020.12.18-10.19.08:589][983]LogWorld: UWorld::CleanupWorld for ThirdPersonExampleMap, bSessionEnded=true, bCleanupResources=true
[2020.12.18-10.19.08:590][983]LogSlate: InvalidateAllWidgets triggered.  All widgets were invalidated
[2020.12.18-10.19.08:590][983]MapCheck: New page: Map Check
[2020.12.18-10.19.08:590][983]LightingResults: New page: Lighting Build
[2020.12.18-10.19.08:636][983]LogAISub: UAISubsystem::~UAISubsystem EnvQueryManager (000002683121BE00), frame # 983
[2020.12.18-10.19.08:636][983]LogAISub: UAISubsystem::~UAISubsystem AIPerceptionSystem (0000026831236700), frame # 983
[2020.12.18-10.19.08:640][983]LogUObjectHash: Compacting FUObjectHashTables data took   4.39ms
[2020.12.18-10.19.08:810][983]LogEditorServer: Finished looking for orphan Actors (0.000 secs)
[2020.12.18-10.19.08:810][983]LogAIModule: Creating AISystem for world level01
[2020.12.18-10.19.08:810][983]LogAISub: UAISubsystem::UAISubsystem EnvQueryManager (00000268A9A76000), frame # 983
[2020.12.18-10.19.08:810][983]LogAISub: UAISubsystem::UAISubsystem AIPerceptionSystem (00000268A5880A40), frame # 983
[2020.12.18-10.19.08:861][983]LogUObjectHash: Compacting FUObjectHashTables data took   3.46ms
[2020.12.18-10.19.08:929][983]Cmd: MAP CHECKDEP NOCLEARLOG
[2020.12.18-10.19.08:929][983]MapCheck: Map check complete: 0 Error(s), 0 Warning(s), took 0.166ms to complete.
[2020.12.18-10.19.08:929][983]LogFileHelpers: Loading map 'level01' took 0.345
[2020.12.18-10.19.12:964][182]LogAssetEditorSubsystem: Opening Asset editor for LevelScriptBlueprint /Game/Project/Maps/level01.level01:PersistentLevel.level01
[2020.12.18-10.19.17:810][383]LogTemp: Repeating last play command: Selected Viewport
[2020.12.18-10.19.17:851][383]LogPlayLevel: PlayLevel: No blueprints needed recompiling
[2020.12.18-10.19.17:856][383]PIE: New page: PIE session: level01 (Dec 19, 2020, 12:19:17 AM)
[2020.12.18-10.19.17:858][383]LogOnline: OSS: Creating online subsystem instance for: NULL
[2020.12.18-10.19.17:860][383]LogOnline: OSS: TryLoadSubsystemAndSetDefault: Loaded subsystem for module [NULL]
[2020.12.18-10.19.17:860][383]LogPlayLevel: Creating play world package: /Game/Project/Maps/UEDPIE_0_level01
[2020.12.18-10.19.17:873][383]LogPlayLevel: PIE: StaticDuplicateObject took: (0.012850s)
[2020.12.18-10.19.17:876][383]LogAIModule: Creating AISystem for world level01
[2020.12.18-10.19.17:876][383]LogAISub: UAISubsystem::UAISubsystem EnvQueryManager (0000026885C33E00), frame # 1383
[2020.12.18-10.19.17:876][383]LogAISub: UAISubsystem::UAISubsystem AIPerceptionSystem (0000026885C4AD40), frame # 1383
[2020.12.18-10.19.17:876][383]LogPlayLevel: PIE: World Init took: (0.002738s)
[2020.12.18-10.19.17:876][383]LogPlayLevel: PIE: Created PIE world by copying editor world from /Game/Project/Maps/level01.level01 to /Game/Project/Maps/UEDPIE_0_level01.level01 (0.015865s)
[2020.12.18-10.19.17:928][383]LogUObjectHash: Compacting FUObjectHashTables data took   4.97ms
[2020.12.18-10.19.17:931][383]LogAudioMixer: Display: Audio Mixer Platform Settings:
[2020.12.18-10.19.17:932][383]LogAudioMixer: Display: 	Sample Rate:						  48000
[2020.12.18-10.19.17:932][383]LogAudioMixer: Display: 	Callback Buffer Frame Size Requested: 1024
[2020.12.18-10.19.17:932][383]LogAudioMixer: Display: 	Callback Buffer Frame Size To Use:	  1024
[2020.12.18-10.19.17:932][383]LogAudioMixer: Display: 	Number of buffers to queue:			  2
[2020.12.18-10.19.17:932][383]LogAudioMixer: Display: 	Max Channels (voices):				  32
[2020.12.18-10.19.17:932][383]LogAudioMixer: Display: 	Number of Async Source Workers:		  0
[2020.12.18-10.19.17:932][383]LogAudio: Display: AudioDevice MaxSources: 32
[2020.12.18-10.19.17:932][383]LogAudio: Display: Using built-in audio occlusion.
[2020.12.18-10.19.17:933][383]LogAudioMixer: Display: Initializing audio mixer.
[2020.12.18-10.19.17:942][383]LogAudioMixer: Display: 0: FrontLeft
[2020.12.18-10.19.17:942][383]LogAudioMixer: Display: 1: FrontRight
[2020.12.18-10.19.17:990][383]LogAudioMixer: Display: Using Audio Device Speakers (2- Realtek(R) Audio)
[2020.12.18-10.19.17:991][383]LogAudioMixer: Display: Initializing Sound Submixes...
[2020.12.18-10.19.17:991][383]LogAudioMixer: Display: Creating Master Submix 'MasterSubmixDefault'
[2020.12.18-10.19.17:991][383]LogAudioMixer: Display: Creating Master Submix 'MasterReverbSubmixDefault'
[2020.12.18-10.19.17:992][383]LogAudioMixer: Display: Creating Master Submix 'MasterEQSubmixDefault'
[2020.12.18-10.19.18:026][383]LogInit: FAudioDevice initialized.
[2020.12.18-10.19.18:096][383]LogSlate: Updating window title bar state: overlay mode, drag disabled, window buttons hidden, title bar hidden
[2020.12.18-10.19.18:097][383]LogLoad: Game class is 'body_BP_C'
[2020.12.18-10.19.18:107][383]LogWorld: Bringing World /Game/Project/Maps/UEDPIE_0_level01.level01 up for play (max tick rate 60) at 2020.12.18-17.19.18
[2020.12.18-10.19.18:108][383]LogWorld: Bringing up level for play took: 0.007976
[2020.12.18-10.19.18:108][383]LogOnline: OSS: Creating online subsystem instance for: :Context_5
[2020.12.18-10.19.18:112][383]LogGameMode: FindPlayerStart: PATHS NOT DEFINED or NO PLAYERSTART with positive rating
[2020.12.18-10.19.18:117][383]LogContentBrowser: Native class hierarchy updated for 'MovieSceneCapture' in 0.0007 seconds. Added 20 classes and 0 folders.
[2020.12.18-10.19.18:143][383]LogOutputDevice: Warning: 

Script Stack (2 frames):
level01_C.ExecuteUbergraph_level01
level01_C.ReceiveBeginPlay

[2020.12.18-10.19.18:144][383]LogWindows: Windows GetLastError: The operation completed successfully. (0)
[2020.12.18-10.19.23:272][383]LogWindows: Error: === Critical error: ===
[2020.12.18-10.19.23:272][383]LogWindows: Error: 
[2020.12.18-10.19.23:272][383]LogWindows: Error: Assertion failed: Count >= 0 [File:D:\Build\++UE4+Licensee\Sync\Engine\Source\Runtime\CoreUObject\Public\UObject/UnrealType.h] [Line: 4638] 
[2020.12.18-10.19.23:272][383]LogWindows: Error: 
[2020.12.18-10.19.23:273][383]LogWindows: Error: 
[2020.12.18-10.19.23:273][383]LogWindows: Error: 
[2020.12.18-10.19.23:273][383]LogWindows: Error: [Callstack] 0x00007ff933e03b29 KERNELBASE.dll!UnknownFunction []
[2020.12.18-10.19.23:273][383]LogWindows: Error: [Callstack] 0x00007ff8b8cfe9e6 UE4Editor-Core.dll!UnknownFunction []
[2020.12.18-10.19.23:273][383]LogWindows: Error: [Callstack] 0x00007ff8b8d01dc8 UE4Editor-Core.dll!UnknownFunction []
[2020.12.18-10.19.23:273][383]LogWindows: Error: [Callstack] 0x00007ff8b8a8e53d UE4Editor-Core.dll!UnknownFunction []
[2020.12.18-10.19.23:273][383]LogWindows: Error: [Callstack] 0x00007ff8b8a197b5 UE4Editor-Core.dll!UnknownFunction []
[2020.12.18-10.19.23:273][383]LogWindows: Error: [Callstack] 0x00007ff8b8a1baf0 UE4Editor-Core.dll!UnknownFunction []
[2020.12.18-10.19.23:273][383]LogWindows: Error: [Callstack] 0x00007ff8ce9b2375 UE4Editor-CoreUObject.dll!UnknownFunction []
[2020.12.18-10.19.23:273][383]LogWindows: Error: [Callstack] 0x00007ff8ce9b6399 UE4Editor-CoreUObject.dll!UnknownFunction []
[2020.12.18-10.19.23:273][383]LogWindows: Error: [Callstack] 0x00007ff8ce9b184a UE4Editor-CoreUObject.dll!UnknownFunction []
[2020.12.18-10.19.23:273][383]LogWindows: Error: [Callstack] 0x00007ff8cea5d33c UE4Editor-CoreUObject.dll!UnknownFunction []
[2020.12.18-10.19.23:273][383]LogWindows: Error: [Callstack] 0x00007ff8cea32ff3 UE4Editor-CoreUObject.dll!UnknownFunction []
[2020.12.18-10.19.23:273][383]LogWindows: Error: [Callstack] 0x00007ff8cea3574d UE4Editor-CoreUObject.dll!UnknownFunction []
[2020.12.18-10.19.23:273][383]LogWindows: Error: [Callstack] 0x00007ff8cea03bea UE4Editor-CoreUObject.dll!UnknownFunction []
[2020.12.18-10.19.23:273][383]LogWindows: Error: [Callstack] 0x00007ff8cea35392 UE4Editor-CoreUObject.dll!UnknownFunction []
[2020.12.18-10.19.23:273][383]LogWindows: Error: [Callstack] 0x00007ff8cea3574d UE4Editor-CoreUObject.dll!UnknownFunction []
[2020.12.18-10.19.23:273][383]LogWindows: Error: [Callstack] 0x00007ff8cea34c54 UE4Editor-CoreUObject.dll!UnknownFunction []
[2020.12.18-10.19.23:273][383]LogWindows: Error: [Callstack] 0x00007ff8ce7c0ae4 UE4Editor-CoreUObject.dll!UnknownFunction []
[2020.12.18-10.19.23:273][383]LogWindows: Error: [Callstack] 0x00007ff8cea34783 UE4Editor-CoreUObject.dll!UnknownFunction []
[2020.12.18-10.19.23:273][383]LogWindows: Error: [Callstack] 0x00007ff8b5b9a025 UE4Editor-Engine.dll!UnknownFunction []
[2020.12.18-10.19.23:273][383]LogWindows: Error: [Callstack] 0x00007ff8b5b647db UE4Editor-Engine.dll!UnknownFunction []
[2020.12.18-10.19.23:273][383]LogWindows: Error: [Callstack] 0x00007ff8b5b702fc UE4Editor-Engine.dll!UnknownFunction []
[2020.12.18-10.19.23:273][383]LogWindows: Error: [Callstack] 0x00007ff8b6e17fdd UE4Editor-Engine.dll!UnknownFunction []
[2020.12.18-10.19.23:273][383]LogWindows: Error: [Callstack] 0x00007ff8b6252181 UE4Editor-Engine.dll!UnknownFunction []
[2020.12.18-10.19.23:273][383]LogWindows: Error: [Callstack] 0x00007ff8b6dc247e UE4Editor-Engine.dll!UnknownFunction []
[2020.12.18-10.19.23:273][383]LogWindows: Error: [Callstack] 0x00007ff8b6273519 UE4Editor-Engine.dll!UnknownFunction []
[2020.12.18-10.19.23:273][383]LogWindows: Error: [Callstack] 0x00007ff8b4a13e9c UE4Editor-UnrealEd.dll!UnknownFunction []
[2020.12.18-10.19.23:273][383]LogWindows: Error: [Callstack] 0x00007ff8b4a34d6c UE4Editor-UnrealEd.dll!UnknownFunction []
[2020.12.18-10.19.23:273][383]LogWindows: Error: [Callstack] 0x00007ff8b4a14dd9 UE4Editor-UnrealEd.dll!UnknownFunction []
[2020.12.18-10.19.23:273][383]LogWindows: Error: [Callstack] 0x00007ff8b4a508fa UE4Editor-UnrealEd.dll!UnknownFunction []
[2020.12.18-10.19.23:273][383]LogWindows: Error: [Callstack] 0x00007ff8b4a53bbd UE4Editor-UnrealEd.dll!UnknownFunction []
[2020.12.18-10.19.23:274][383]LogWindows: Error: [Callstack] 0x00007ff8b4a53598 UE4Editor-UnrealEd.dll!UnknownFunction []
[2020.12.18-10.19.23:274][383]LogWindows: Error: [Callstack] 0x00007ff8b44da854 UE4Editor-UnrealEd.dll!UnknownFunction []
[2020.12.18-10.19.23:274][383]LogWindows: Error: [Callstack] 0x00007ff8b4db1d06 UE4Editor-UnrealEd.dll!UnknownFunction []
[2020.12.18-10.19.23:274][383]LogWindows: Error: [Callstack] 0x00007ff714c67800 UE4Editor.exe!UnknownFunction []
[2020.12.18-10.19.23:274][383]LogWindows: Error: [Callstack] 0x00007ff714c7ba7c UE4Editor.exe!UnknownFunction []
[2020.12.18-10.19.23:274][383]LogWindows: Error: [Callstack] 0x00007ff714c7bb5a UE4Editor.exe!UnknownFunction []
[2020.12.18-10.19.23:274][383]LogWindows: Error: [Callstack] 0x00007ff714c8e31d UE4Editor.exe!UnknownFunction []
[2020.12.18-10.19.23:274][383]LogWindows: Error: [Callstack] 0x00007ff714c9145a UE4Editor.exe!UnknownFunction []
[2020.12.18-10.19.23:274][383]LogWindows: Error: [Callstack] 0x00007ff9357d7c24 KERNEL32.DLL!UnknownFunction []
[2020.12.18-10.19.23:274][383]LogWindows: Error: [Callstack] 0x00007ff936ded4d1 ntdll.dll!UnknownFunction []
[2020.12.18-10.19.23:274][383]LogWindows: Error: 
[2020.12.18-10.19.23:291][383]LogExit: Executing StaticShutdownAfterError
[2020.12.18-10.19.23:296][383]LogWindows: FPlatformMisc::RequestExit(1)
[2020.12.18-10.19.23:296][383]LogCore: Engine exit requested (reason: Win RequestExit)
[2020.12.18-10.19.23:311][383]Log file closed, 12/18/20 17:19:23
